<?xml version="1.0" encoding="UTF-8"?>
<robot generator="Robot 2.9 (Jython 2.7.0 on java1.7.0_65)" generated="20151022 16:54:01.065">
<suite source="/Users/katiewood/Documents/Software_Engineering/ArgParse_CS310/Library/acceptance/LibraryTests.txt" id="s1" name="LibraryTests">
<test id="s1-t1" name="Test Volume Calculator Normal Function">
<kw library="LibraryKeywords" name="Start Volume Calculator With Arguments">
<arguments>
<arg>7</arg>
<arg>5</arg>
<arg>2</arg>
</arguments>
<status status="PASS" starttime="20151022 16:54:01.906" endtime="20151022 16:54:01.918"></status>
</kw>
<kw library="LibraryKeywords" name="Get Length">
<assign>
<var>${length}</var>
</assign>
<msg timestamp="20151022 16:54:01.922" level="WARN">Keyword 'Get Length' found both from a custom test library 'LibraryKeywords' and a standard library 'BuiltIn'. The custom keyword is used. To select explicitly, and to get rid of this warning, use either 'LibraryKeywords.Get Length' or 'BuiltIn.Get Length'.</msg>
<msg timestamp="20151022 16:54:01.937" level="INFO">${length} = 7</msg>
<status status="PASS" starttime="20151022 16:54:01.924" endtime="20151022 16:54:01.939"></status>
</kw>
<kw library="BuiltIn" name="Should Be Equal">
<doc>Fails if the given objects are unequal.</doc>
<arguments>
<arg>7</arg>
<arg>${length}</arg>
</arguments>
<status status="PASS" starttime="20151022 16:54:01.943" endtime="20151022 16:54:01.954"></status>
</kw>
<kw library="LibraryKeywords" name="Get Width">
<assign>
<var>${width}</var>
</assign>
<msg timestamp="20151022 16:54:01.963" level="INFO">${width} = 5</msg>
<status status="PASS" starttime="20151022 16:54:01.957" endtime="20151022 16:54:01.964"></status>
</kw>
<kw library="BuiltIn" name="Should Be Equal">
<doc>Fails if the given objects are unequal.</doc>
<arguments>
<arg>5</arg>
<arg>${width}</arg>
</arguments>
<status status="PASS" starttime="20151022 16:54:01.969" endtime="20151022 16:54:01.976"></status>
</kw>
<kw library="LibraryKeywords" name="Get Height">
<assign>
<var>${height}</var>
</assign>
<msg timestamp="20151022 16:54:01.983" level="INFO">${height} = 2</msg>
<status status="PASS" starttime="20151022 16:54:01.979" endtime="20151022 16:54:01.984"></status>
</kw>
<kw library="BuiltIn" name="Should Be Equal">
<doc>Fails if the given objects are unequal.</doc>
<arguments>
<arg>2</arg>
<arg>${height}</arg>
</arguments>
<status status="PASS" starttime="20151022 16:54:01.988" endtime="20151022 16:54:01.995"></status>
</kw>
<kw library="LibraryKeywords" name="Get Program Output">
<assign>
<var>${output}</var>
</assign>
<msg timestamp="20151022 16:54:02.004" level="INFO">${output} = 70.0</msg>
<status status="PASS" starttime="20151022 16:54:01.999" endtime="20151022 16:54:02.005"></status>
</kw>
<kw library="BuiltIn" name="Should Be Equal">
<doc>Fails if the given objects are unequal.</doc>
<arguments>
<arg>${output}</arg>
<arg>70.0</arg>
</arguments>
<status status="PASS" starttime="20151022 16:54:02.008" endtime="20151022 16:54:02.014"></status>
</kw>
<status status="PASS" starttime="20151022 16:54:01.894" endtime="20151022 16:54:02.017" critical="yes"></status>
</test>
<test id="s1-t2" name="Test Unrecognized Argument">
<kw library="LibraryKeywords" name="Start Volume Calculator With Arguments">
<arguments>
<arg>7</arg>
<arg>5</arg>
<arg>2</arg>
<arg>43</arg>
</arguments>
<status status="PASS" starttime="20151022 16:54:02.027" endtime="20151022 16:54:02.035"></status>
</kw>
<kw library="LibraryKeywords" name="Get Program Output">
<assign>
<var>${output}</var>
</assign>
<msg timestamp="20151022 16:54:02.043" level="INFO">${output} = usage: java Volume Calculator length width height
Volume Calculator.java: error: unrecognized arguments: 43</msg>
<status status="PASS" starttime="20151022 16:54:02.038" endtime="20151022 16:54:02.045"></status>
</kw>
<kw library="BuiltIn" name="Should Be Equal">
<doc>Fails if the given objects are unequal.</doc>
<arguments>
<arg>${output}</arg>
<arg>${expected1}</arg>
</arguments>
<status status="PASS" starttime="20151022 16:54:02.048" endtime="20151022 16:54:02.055"></status>
</kw>
<status status="PASS" starttime="20151022 16:54:02.021" endtime="20151022 16:54:02.057" critical="yes"></status>
</test>
<test id="s1-t3" name="Test Absurd Program Normal Function">
<kw library="LibraryKeywords" name="Start Absurd Program With Arguments">
<arguments>
<arg>dog</arg>
<arg>2</arg>
<arg>true</arg>
<arg>3.5</arg>
</arguments>
<status status="PASS" starttime="20151022 16:54:02.071" endtime="20151022 16:54:02.076"></status>
</kw>
<kw library="LibraryKeywords" name="Getpet">
<assign>
<var>${pet}</var>
</assign>
<msg timestamp="20151022 16:54:02.085" level="INFO">${pet} = dog</msg>
<status status="PASS" starttime="20151022 16:54:02.079" endtime="20151022 16:54:02.086"></status>
</kw>
<kw library="BuiltIn" name="Should Be Equal">
<doc>Fails if the given objects are unequal.</doc>
<arguments>
<arg>dog</arg>
<arg>${pet}</arg>
</arguments>
<status status="PASS" starttime="20151022 16:54:02.090" endtime="20151022 16:54:02.095"></status>
</kw>
<kw library="LibraryKeywords" name="Get Number">
<assign>
<var>${number}</var>
</assign>
<msg timestamp="20151022 16:54:02.102" level="INFO">${number} = 2</msg>
<status status="PASS" starttime="20151022 16:54:02.098" endtime="20151022 16:54:02.103"></status>
</kw>
<kw library="BuiltIn" name="Should Be Equal">
<doc>Fails if the given objects are unequal.</doc>
<arguments>
<arg>2</arg>
<arg>${number}</arg>
</arguments>
<status status="PASS" starttime="20151022 16:54:02.105" endtime="20151022 16:54:02.112"></status>
</kw>
<kw library="LibraryKeywords" name="Get Rainy">
<assign>
<var>${rainy}</var>
</assign>
<msg timestamp="20151022 16:54:02.124" level="INFO">${rainy} = true</msg>
<status status="PASS" starttime="20151022 16:54:02.117" endtime="20151022 16:54:02.125"></status>
</kw>
<kw library="BuiltIn" name="Should Be Equal">
<doc>Fails if the given objects are unequal.</doc>
<arguments>
<arg>true</arg>
<arg>${rainy}</arg>
</arguments>
<status status="PASS" starttime="20151022 16:54:02.129" endtime="20151022 16:54:02.137"></status>
</kw>
<kw library="LibraryKeywords" name="Get Bathrooms">
<assign>
<var>${bathrooms}</var>
</assign>
<msg timestamp="20151022 16:54:02.146" level="INFO">${bathrooms} = 3.5</msg>
<status status="PASS" starttime="20151022 16:54:02.141" endtime="20151022 16:54:02.147"></status>
</kw>
<kw library="BuiltIn" name="Should Be Equal">
<doc>Fails if the given objects are unequal.</doc>
<arguments>
<arg>3.5</arg>
<arg>${bathrooms}</arg>
</arguments>
<status status="PASS" starttime="20151022 16:54:02.150" endtime="20151022 16:54:02.156"></status>
</kw>
<status status="PASS" starttime="20151022 16:54:02.061" endtime="20151022 16:54:02.159" critical="yes"></status>
</test>
<test id="s1-t4" name="Test Usage Message">
<kw library="LibraryKeywords" name="Start Program With Arguments">
<arguments>
<arg>-h</arg>
</arguments>
<status status="PASS" starttime="20151022 16:54:02.172" endtime="20151022 16:54:02.177"></status>
</kw>
<kw library="LibraryKeywords" name="Get Program Output">
<assign>
<var>${output}</var>
</assign>
<msg timestamp="20151022 16:54:02.186" level="INFO">${output} = usage: java Volume Calculator length width height
Calculate the volume of a box.
positional arguments:
length the length of the box (float)
width the width of the box (float)
height the height of the ...</msg>
<status status="PASS" starttime="20151022 16:54:02.181" endtime="20151022 16:54:02.187"></status>
</kw>
<kw library="BuiltIn" name="Should Be Equal">
<doc>Fails if the given objects are unequal.</doc>
<arguments>
<arg>${expected2}</arg>
<arg>${output}</arg>
</arguments>
<status status="PASS" starttime="20151022 16:54:02.190" endtime="20151022 16:54:02.199"></status>
</kw>
<status status="PASS" starttime="20151022 16:54:02.163" endtime="20151022 16:54:02.202" critical="yes"></status>
</test>
<test id="s1-t5" name="Test Incorrect Datatype Message">
<kw library="LibraryKeywords" name="Start Program With Arguments">
<arguments>
<arg>7</arg>
<arg>something</arg>
<arg>2</arg>
</arguments>
<status status="PASS" starttime="20151022 16:54:02.216" endtime="20151022 16:54:02.224"></status>
</kw>
<kw library="LibraryKeywords" name="Get Program Output">
<assign>
<var>${output}</var>
</assign>
<msg timestamp="20151022 16:54:02.233" level="INFO">${output} = usage: java Volume Calculator length width height
Volume Calculator.java: error: argument width: invalid float value: something</msg>
<status status="PASS" starttime="20151022 16:54:02.228" endtime="20151022 16:54:02.235"></status>
</kw>
<kw library="BuiltIn" name="Should Be Equal">
<doc>Fails if the given objects are unequal.</doc>
<arguments>
<arg>${output}</arg>
<arg>${expected3}</arg>
</arguments>
<status status="PASS" starttime="20151022 16:54:02.239" endtime="20151022 16:54:02.249"></status>
</kw>
<status status="PASS" starttime="20151022 16:54:02.207" endtime="20151022 16:54:02.252" critical="yes"></status>
</test>
<test id="s1-t6" name="Test Named Argument Defaults">
<kw library="LibraryKeywords" name="Start Volume Calculator With Arguments">
<arguments>
<arg>7</arg>
<arg>3</arg>
<arg>2</arg>
</arguments>
<status status="PASS" starttime="20151022 16:54:02.265" endtime="20151022 16:54:02.272"></status>
</kw>
<kw library="LibraryKeywords" name="Get Length">
<assign>
<var>${length}</var>
</assign>
<msg timestamp="20151022 16:54:01.922" level="WARN">Keyword 'Get Length' found both from a custom test library 'LibraryKeywords' and a standard library 'BuiltIn'. The custom keyword is used. To select explicitly, and to get rid of this warning, use either 'LibraryKeywords.Get Length' or 'BuiltIn.Get Length'.</msg>
<msg timestamp="20151022 16:54:02.276" level="WARN">Keyword 'Get Length' found both from a custom test library 'LibraryKeywords' and a standard library 'BuiltIn'. The custom keyword is used. To select explicitly, and to get rid of this warning, use either 'LibraryKeywords.Get Length' or 'BuiltIn.Get Length'.</msg>
<msg timestamp="20151022 16:54:02.289" level="INFO">${length} = 7</msg>
<status status="PASS" starttime="20151022 16:54:02.277" endtime="20151022 16:54:02.291"></status>
</kw>
<kw library="BuiltIn" name="Should Be Equal">
<doc>Fails if the given objects are unequal.</doc>
<arguments>
<arg>7</arg>
<arg>${length}</arg>
</arguments>
<status status="PASS" starttime="20151022 16:54:02.295" endtime="20151022 16:54:02.304"></status>
</kw>
<kw library="LibraryKeywords" name="Get Width">
<assign>
<var>${width}</var>
</assign>
<msg timestamp="20151022 16:54:02.315" level="INFO">${width} = 3</msg>
<status status="PASS" starttime="20151022 16:54:02.308" endtime="20151022 16:54:02.317"></status>
</kw>
<kw library="BuiltIn" name="Should Be Equal">
<doc>Fails if the given objects are unequal.</doc>
<arguments>
<arg>3</arg>
<arg>${width}</arg>
</arguments>
<status status="PASS" starttime="20151022 16:54:02.320" endtime="20151022 16:54:02.329"></status>
</kw>
<kw library="LibraryKeywords" name="Get Height">
<assign>
<var>${height}</var>
</assign>
<msg timestamp="20151022 16:54:02.337" level="INFO">${height} = 2</msg>
<status status="PASS" starttime="20151022 16:54:02.332" endtime="20151022 16:54:02.339"></status>
</kw>
<kw library="BuiltIn" name="Should Be Equal">
<doc>Fails if the given objects are unequal.</doc>
<arguments>
<arg>2</arg>
<arg>${height}</arg>
</arguments>
<status status="PASS" starttime="20151022 16:54:02.342" endtime="20151022 16:54:02.350"></status>
</kw>
<kw library="LibraryKeywords" name="Get Type">
<assign>
<var>${type}</var>
</assign>
<msg timestamp="20151022 16:54:02.359" level="INFO">${type} = box</msg>
<status status="PASS" starttime="20151022 16:54:02.353" endtime="20151022 16:54:02.360"></status>
</kw>
<kw library="BuiltIn" name="Should Be Equal">
<doc>Fails if the given objects are unequal.</doc>
<arguments>
<arg>box</arg>
<arg>${type}</arg>
</arguments>
<status status="PASS" starttime="20151022 16:54:02.363" endtime="20151022 16:54:02.369"></status>
</kw>
<kw library="LibraryKeywords" name="Get Digits">
<assign>
<var>${digits}</var>
</assign>
<msg timestamp="20151022 16:54:02.376" level="INFO">${digits} = 4</msg>
<status status="PASS" starttime="20151022 16:54:02.372" endtime="20151022 16:54:02.377"></status>
</kw>
<kw library="BuiltIn" name="Should Be Equal">
<doc>Fails if the given objects are unequal.</doc>
<arguments>
<arg>4</arg>
<arg>${digits}</arg>
</arguments>
<status status="PASS" starttime="20151022 16:54:02.380" endtime="20151022 16:54:02.385"></status>
</kw>
<status status="PASS" starttime="20151022 16:54:02.257" endtime="20151022 16:54:02.387" critical="yes"></status>
</test>
<test id="s1-t7" name="Test Named Argument Single">
<kw library="LibraryKeywords" name="Start Volume Calculator With Arguments">
<arguments>
<arg>7</arg>
<arg>3</arg>
<arg>2</arg>
<arg>--type</arg>
<arg>ellipsoid</arg>
</arguments>
<status status="PASS" starttime="20151022 16:54:02.395" endtime="20151022 16:54:02.402"></status>
</kw>
<kw library="LibraryKeywords" name="Get Length">
<assign>
<var>${length}</var>
</assign>
<msg timestamp="20151022 16:54:01.922" level="WARN">Keyword 'Get Length' found both from a custom test library 'LibraryKeywords' and a standard library 'BuiltIn'. The custom keyword is used. To select explicitly, and to get rid of this warning, use either 'LibraryKeywords.Get Length' or 'BuiltIn.Get Length'.</msg>
<msg timestamp="20151022 16:54:02.276" level="WARN">Keyword 'Get Length' found both from a custom test library 'LibraryKeywords' and a standard library 'BuiltIn'. The custom keyword is used. To select explicitly, and to get rid of this warning, use either 'LibraryKeywords.Get Length' or 'BuiltIn.Get Length'.</msg>
<msg timestamp="20151022 16:54:02.405" level="WARN">Keyword 'Get Length' found both from a custom test library 'LibraryKeywords' and a standard library 'BuiltIn'. The custom keyword is used. To select explicitly, and to get rid of this warning, use either 'LibraryKeywords.Get Length' or 'BuiltIn.Get Length'.</msg>
<msg timestamp="20151022 16:54:02.416" level="INFO">${length} = 7</msg>
<status status="PASS" starttime="20151022 16:54:02.406" endtime="20151022 16:54:02.417"></status>
</kw>
<kw library="BuiltIn" name="Should Be Equal">
<doc>Fails if the given objects are unequal.</doc>
<arguments>
<arg>7</arg>
<arg>${length}</arg>
</arguments>
<status status="PASS" starttime="20151022 16:54:02.420" endtime="20151022 16:54:02.427"></status>
</kw>
<kw library="LibraryKeywords" name="Get Width">
<assign>
<var>${width}</var>
</assign>
<msg timestamp="20151022 16:54:02.437" level="INFO">${width} = 3</msg>
<status status="PASS" starttime="20151022 16:54:02.432" endtime="20151022 16:54:02.438"></status>
</kw>
<kw library="BuiltIn" name="Should Be Equal">
<doc>Fails if the given objects are unequal.</doc>
<arguments>
<arg>3</arg>
<arg>${width}</arg>
</arguments>
<status status="PASS" starttime="20151022 16:54:02.440" endtime="20151022 16:54:02.445"></status>
</kw>
<kw library="LibraryKeywords" name="Get Height">
<assign>
<var>${height}</var>
</assign>
<msg timestamp="20151022 16:54:02.452" level="INFO">${height} = 2</msg>
<status status="PASS" starttime="20151022 16:54:02.448" endtime="20151022 16:54:02.454"></status>
</kw>
<kw library="BuiltIn" name="Should Be Equal">
<doc>Fails if the given objects are unequal.</doc>
<arguments>
<arg>2</arg>
<arg>${height}</arg>
</arguments>
<status status="PASS" starttime="20151022 16:54:02.457" endtime="20151022 16:54:02.464"></status>
</kw>
<kw library="LibraryKeywords" name="Get Type">
<assign>
<var>${type}</var>
</assign>
<msg timestamp="20151022 16:54:02.471" level="INFO">${type} = ellipsoid</msg>
<status status="PASS" starttime="20151022 16:54:02.467" endtime="20151022 16:54:02.472"></status>
</kw>
<kw library="BuiltIn" name="Should Be Equal">
<doc>Fails if the given objects are unequal.</doc>
<arguments>
<arg>ellipsoid</arg>
<arg>${type}</arg>
</arguments>
<status status="PASS" starttime="20151022 16:54:02.474" endtime="20151022 16:54:02.479"></status>
</kw>
<kw library="LibraryKeywords" name="Get Digits">
<assign>
<var>${digits}</var>
</assign>
<msg timestamp="20151022 16:54:02.488" level="INFO">${digits} = 4</msg>
<status status="PASS" starttime="20151022 16:54:02.483" endtime="20151022 16:54:02.489"></status>
</kw>
<kw library="BuiltIn" name="Should Be Equal">
<doc>Fails if the given objects are unequal.</doc>
<arguments>
<arg>4</arg>
<arg>${digits}</arg>
</arguments>
<status status="PASS" starttime="20151022 16:54:02.492" endtime="20151022 16:54:02.498"></status>
</kw>
<status status="PASS" starttime="20151022 16:54:02.389" endtime="20151022 16:54:02.500" critical="yes"></status>
</test>
<test id="s1-t8" name="Test Named Argument Multiple">
<kw library="LibraryKeywords" name="Start Volume Calculator With Arguments">
<arguments>
<arg>7</arg>
<arg>3</arg>
<arg>2</arg>
<arg>--type</arg>
<arg>ellipsoid</arg>
<arg>--digits</arg>
<arg>1</arg>
</arguments>
<status status="PASS" starttime="20151022 16:54:02.510" endtime="20151022 16:54:02.519"></status>
</kw>
<kw library="LibraryKeywords" name="Get Length">
<assign>
<var>${length}</var>
</assign>
<msg timestamp="20151022 16:54:01.922" level="WARN">Keyword 'Get Length' found both from a custom test library 'LibraryKeywords' and a standard library 'BuiltIn'. The custom keyword is used. To select explicitly, and to get rid of this warning, use either 'LibraryKeywords.Get Length' or 'BuiltIn.Get Length'.</msg>
<msg timestamp="20151022 16:54:02.276" level="WARN">Keyword 'Get Length' found both from a custom test library 'LibraryKeywords' and a standard library 'BuiltIn'. The custom keyword is used. To select explicitly, and to get rid of this warning, use either 'LibraryKeywords.Get Length' or 'BuiltIn.Get Length'.</msg>
<msg timestamp="20151022 16:54:02.405" level="WARN">Keyword 'Get Length' found both from a custom test library 'LibraryKeywords' and a standard library 'BuiltIn'. The custom keyword is used. To select explicitly, and to get rid of this warning, use either 'LibraryKeywords.Get Length' or 'BuiltIn.Get Length'.</msg>
<msg timestamp="20151022 16:54:02.521" level="WARN">Keyword 'Get Length' found both from a custom test library 'LibraryKeywords' and a standard library 'BuiltIn'. The custom keyword is used. To select explicitly, and to get rid of this warning, use either 'LibraryKeywords.Get Length' or 'BuiltIn.Get Length'.</msg>
<msg timestamp="20151022 16:54:02.534" level="INFO">${length} = 7</msg>
<status status="PASS" starttime="20151022 16:54:02.522" endtime="20151022 16:54:02.535"></status>
</kw>
<kw library="BuiltIn" name="Should Be Equal">
<doc>Fails if the given objects are unequal.</doc>
<arguments>
<arg>7</arg>
<arg>${length}</arg>
</arguments>
<status status="PASS" starttime="20151022 16:54:02.538" endtime="20151022 16:54:02.546"></status>
</kw>
<kw library="LibraryKeywords" name="Get Width">
<assign>
<var>${width}</var>
</assign>
<msg timestamp="20151022 16:54:02.554" level="INFO">${width} = 3</msg>
<status status="PASS" starttime="20151022 16:54:02.549" endtime="20151022 16:54:02.555"></status>
</kw>
<kw library="BuiltIn" name="Should Be Equal">
<doc>Fails if the given objects are unequal.</doc>
<arguments>
<arg>3</arg>
<arg>${width}</arg>
</arguments>
<status status="PASS" starttime="20151022 16:54:02.557" endtime="20151022 16:54:02.562"></status>
</kw>
<kw library="LibraryKeywords" name="Get Height">
<assign>
<var>${height}</var>
</assign>
<msg timestamp="20151022 16:54:02.568" level="INFO">${height} = 2</msg>
<status status="PASS" starttime="20151022 16:54:02.564" endtime="20151022 16:54:02.569"></status>
</kw>
<kw library="BuiltIn" name="Should Be Equal">
<doc>Fails if the given objects are unequal.</doc>
<arguments>
<arg>2</arg>
<arg>${height}</arg>
</arguments>
<status status="PASS" starttime="20151022 16:54:02.573" endtime="20151022 16:54:02.578"></status>
</kw>
<kw library="LibraryKeywords" name="Get Type">
<assign>
<var>${type}</var>
</assign>
<msg timestamp="20151022 16:54:02.584" level="INFO">${type} = ellipsoid</msg>
<status status="PASS" starttime="20151022 16:54:02.580" endtime="20151022 16:54:02.584"></status>
</kw>
<kw library="BuiltIn" name="Should Be Equal">
<doc>Fails if the given objects are unequal.</doc>
<arguments>
<arg>ellipsoid</arg>
<arg>${type}</arg>
</arguments>
<status status="PASS" starttime="20151022 16:54:02.587" endtime="20151022 16:54:02.592"></status>
</kw>
<kw library="LibraryKeywords" name="Get Digits">
<assign>
<var>${digits}</var>
</assign>
<msg timestamp="20151022 16:54:02.597" level="INFO">${digits} = 1</msg>
<status status="PASS" starttime="20151022 16:54:02.594" endtime="20151022 16:54:02.598"></status>
</kw>
<kw library="BuiltIn" name="Should Be Equal">
<doc>Fails if the given objects are unequal.</doc>
<arguments>
<arg>1</arg>
<arg>${digits}</arg>
</arguments>
<status status="PASS" starttime="20151022 16:54:02.601" endtime="20151022 16:54:02.606"></status>
</kw>
<status status="PASS" starttime="20151022 16:54:02.503" endtime="20151022 16:54:02.608" critical="yes"></status>
</test>
<test id="s1-t9" name="Test Named Argument Anywhere">
<kw library="LibraryKeywords" name="Start Volume Calculator With Arguments">
<arguments>
<arg>--type</arg>
<arg>ellipsoid</arg>
<arg>7</arg>
<arg>3</arg>
<arg>--digits</arg>
<arg>1</arg>
<arg>2</arg>
</arguments>
<status status="PASS" starttime="20151022 16:54:02.617" endtime="20151022 16:54:02.625"></status>
</kw>
<kw library="LibraryKeywords" name="Get Length">
<assign>
<var>${length}</var>
</assign>
<msg timestamp="20151022 16:54:01.922" level="WARN">Keyword 'Get Length' found both from a custom test library 'LibraryKeywords' and a standard library 'BuiltIn'. The custom keyword is used. To select explicitly, and to get rid of this warning, use either 'LibraryKeywords.Get Length' or 'BuiltIn.Get Length'.</msg>
<msg timestamp="20151022 16:54:02.276" level="WARN">Keyword 'Get Length' found both from a custom test library 'LibraryKeywords' and a standard library 'BuiltIn'. The custom keyword is used. To select explicitly, and to get rid of this warning, use either 'LibraryKeywords.Get Length' or 'BuiltIn.Get Length'.</msg>
<msg timestamp="20151022 16:54:02.405" level="WARN">Keyword 'Get Length' found both from a custom test library 'LibraryKeywords' and a standard library 'BuiltIn'. The custom keyword is used. To select explicitly, and to get rid of this warning, use either 'LibraryKeywords.Get Length' or 'BuiltIn.Get Length'.</msg>
<msg timestamp="20151022 16:54:02.521" level="WARN">Keyword 'Get Length' found both from a custom test library 'LibraryKeywords' and a standard library 'BuiltIn'. The custom keyword is used. To select explicitly, and to get rid of this warning, use either 'LibraryKeywords.Get Length' or 'BuiltIn.Get Length'.</msg>
<msg timestamp="20151022 16:54:02.627" level="WARN">Keyword 'Get Length' found both from a custom test library 'LibraryKeywords' and a standard library 'BuiltIn'. The custom keyword is used. To select explicitly, and to get rid of this warning, use either 'LibraryKeywords.Get Length' or 'BuiltIn.Get Length'.</msg>
<msg timestamp="20151022 16:54:02.639" level="INFO">${length} = 7</msg>
<status status="PASS" starttime="20151022 16:54:02.627" endtime="20151022 16:54:02.639"></status>
</kw>
<kw library="BuiltIn" name="Should Be Equal">
<doc>Fails if the given objects are unequal.</doc>
<arguments>
<arg>7</arg>
<arg>${length}</arg>
</arguments>
<status status="PASS" starttime="20151022 16:54:02.642" endtime="20151022 16:54:02.648"></status>
</kw>
<kw library="LibraryKeywords" name="Get Width">
<assign>
<var>${width}</var>
</assign>
<msg timestamp="20151022 16:54:02.655" level="INFO">${width} = 3</msg>
<status status="PASS" starttime="20151022 16:54:02.651" endtime="20151022 16:54:02.656"></status>
</kw>
<kw library="BuiltIn" name="Should Be Equal">
<doc>Fails if the given objects are unequal.</doc>
<arguments>
<arg>3</arg>
<arg>${width}</arg>
</arguments>
<status status="PASS" starttime="20151022 16:54:02.659" endtime="20151022 16:54:02.664"></status>
</kw>
<kw library="LibraryKeywords" name="Get Height">
<assign>
<var>${height}</var>
</assign>
<msg timestamp="20151022 16:54:02.669" level="INFO">${height} = 2</msg>
<status status="PASS" starttime="20151022 16:54:02.666" endtime="20151022 16:54:02.670"></status>
</kw>
<kw library="BuiltIn" name="Should Be Equal">
<doc>Fails if the given objects are unequal.</doc>
<arguments>
<arg>2</arg>
<arg>${height}</arg>
</arguments>
<status status="PASS" starttime="20151022 16:54:02.672" endtime="20151022 16:54:02.677"></status>
</kw>
<kw library="LibraryKeywords" name="Get Type">
<assign>
<var>${type}</var>
</assign>
<msg timestamp="20151022 16:54:02.682" level="INFO">${type} = ellipsoid</msg>
<status status="PASS" starttime="20151022 16:54:02.679" endtime="20151022 16:54:02.683"></status>
</kw>
<kw library="BuiltIn" name="Should Be Equal">
<doc>Fails if the given objects are unequal.</doc>
<arguments>
<arg>ellipsoid</arg>
<arg>${type}</arg>
</arguments>
<status status="PASS" starttime="20151022 16:54:02.685" endtime="20151022 16:54:02.690"></status>
</kw>
<kw library="LibraryKeywords" name="Get Digits">
<assign>
<var>${digits}</var>
</assign>
<msg timestamp="20151022 16:54:02.696" level="INFO">${digits} = 1</msg>
<status status="PASS" starttime="20151022 16:54:02.693" endtime="20151022 16:54:02.697"></status>
</kw>
<kw library="BuiltIn" name="Should Be Equal">
<doc>Fails if the given objects are unequal.</doc>
<arguments>
<arg>1</arg>
<arg>${digits}</arg>
</arguments>
<status status="PASS" starttime="20151022 16:54:02.699" endtime="20151022 16:54:02.705"></status>
</kw>
<status status="PASS" starttime="20151022 16:54:02.610" endtime="20151022 16:54:02.707" critical="yes"></status>
</test>
<test id="s1-t10" name="Test Help Flag">
<kw library="LibraryKeywords" name="Start Program With Arguments">
<arguments>
<arg>7</arg>
<arg>--help</arg>
<arg>3</arg>
<arg>2</arg>
</arguments>
<status status="PASS" starttime="20151022 16:54:02.719" endtime="20151022 16:54:02.728"></status>
</kw>
<kw library="LibraryKeywords" name="Get Program Output">
<assign>
<var>${output}</var>
</assign>
<msg timestamp="20151022 16:54:02.739" level="INFO">${output} = usage: java Volume Calculator length width height
Calculate the volume of a box.
positional arguments:
length the length of the box (float)
width the width of the box (float)
height the height of the ...</msg>
<status status="PASS" starttime="20151022 16:54:02.732" endtime="20151022 16:54:02.741"></status>
</kw>
<kw library="BuiltIn" name="Should Be Equal">
<doc>Fails if the given objects are unequal.</doc>
<arguments>
<arg>${expected4}</arg>
<arg>${output}</arg>
</arguments>
<status status="PASS" starttime="20151022 16:54:02.745" endtime="20151022 16:54:02.752"></status>
</kw>
<status status="PASS" starttime="20151022 16:54:02.710" endtime="20151022 16:54:02.754" critical="yes"></status>
</test>
<status status="PASS" starttime="20151022 16:54:01.092" endtime="20151022 16:54:02.765"></status>
</suite>
<statistics>
<total>
<stat pass="10" fail="0">Critical Tests</stat>
<stat pass="10" fail="0">All Tests</stat>
</total>
<tag>
</tag>
<suite>
<stat pass="10" id="s1" fail="0" name="LibraryTests">LibraryTests</stat>
</suite>
</statistics>
<errors>
<msg timestamp="20151022 16:54:01.922" level="WARN">Keyword 'Get Length' found both from a custom test library 'LibraryKeywords' and a standard library 'BuiltIn'. The custom keyword is used. To select explicitly, and to get rid of this warning, use either 'LibraryKeywords.Get Length' or 'BuiltIn.Get Length'.</msg>
<msg timestamp="20151022 16:54:01.922" level="WARN">Keyword 'Get Length' found both from a custom test library 'LibraryKeywords' and a standard library 'BuiltIn'. The custom keyword is used. To select explicitly, and to get rid of this warning, use either 'LibraryKeywords.Get Length' or 'BuiltIn.Get Length'.</msg>
<msg timestamp="20151022 16:54:02.276" level="WARN">Keyword 'Get Length' found both from a custom test library 'LibraryKeywords' and a standard library 'BuiltIn'. The custom keyword is used. To select explicitly, and to get rid of this warning, use either 'LibraryKeywords.Get Length' or 'BuiltIn.Get Length'.</msg>
<msg timestamp="20151022 16:54:01.922" level="WARN">Keyword 'Get Length' found both from a custom test library 'LibraryKeywords' and a standard library 'BuiltIn'. The custom keyword is used. To select explicitly, and to get rid of this warning, use either 'LibraryKeywords.Get Length' or 'BuiltIn.Get Length'.</msg>
<msg timestamp="20151022 16:54:02.276" level="WARN">Keyword 'Get Length' found both from a custom test library 'LibraryKeywords' and a standard library 'BuiltIn'. The custom keyword is used. To select explicitly, and to get rid of this warning, use either 'LibraryKeywords.Get Length' or 'BuiltIn.Get Length'.</msg>
<msg timestamp="20151022 16:54:02.405" level="WARN">Keyword 'Get Length' found both from a custom test library 'LibraryKeywords' and a standard library 'BuiltIn'. The custom keyword is used. To select explicitly, and to get rid of this warning, use either 'LibraryKeywords.Get Length' or 'BuiltIn.Get Length'.</msg>
<msg timestamp="20151022 16:54:01.922" level="WARN">Keyword 'Get Length' found both from a custom test library 'LibraryKeywords' and a standard library 'BuiltIn'. The custom keyword is used. To select explicitly, and to get rid of this warning, use either 'LibraryKeywords.Get Length' or 'BuiltIn.Get Length'.</msg>
<msg timestamp="20151022 16:54:02.276" level="WARN">Keyword 'Get Length' found both from a custom test library 'LibraryKeywords' and a standard library 'BuiltIn'. The custom keyword is used. To select explicitly, and to get rid of this warning, use either 'LibraryKeywords.Get Length' or 'BuiltIn.Get Length'.</msg>
<msg timestamp="20151022 16:54:02.405" level="WARN">Keyword 'Get Length' found both from a custom test library 'LibraryKeywords' and a standard library 'BuiltIn'. The custom keyword is used. To select explicitly, and to get rid of this warning, use either 'LibraryKeywords.Get Length' or 'BuiltIn.Get Length'.</msg>
<msg timestamp="20151022 16:54:02.521" level="WARN">Keyword 'Get Length' found both from a custom test library 'LibraryKeywords' and a standard library 'BuiltIn'. The custom keyword is used. To select explicitly, and to get rid of this warning, use either 'LibraryKeywords.Get Length' or 'BuiltIn.Get Length'.</msg>
<msg timestamp="20151022 16:54:01.922" level="WARN">Keyword 'Get Length' found both from a custom test library 'LibraryKeywords' and a standard library 'BuiltIn'. The custom keyword is used. To select explicitly, and to get rid of this warning, use either 'LibraryKeywords.Get Length' or 'BuiltIn.Get Length'.</msg>
<msg timestamp="20151022 16:54:02.276" level="WARN">Keyword 'Get Length' found both from a custom test library 'LibraryKeywords' and a standard library 'BuiltIn'. The custom keyword is used. To select explicitly, and to get rid of this warning, use either 'LibraryKeywords.Get Length' or 'BuiltIn.Get Length'.</msg>
<msg timestamp="20151022 16:54:02.405" level="WARN">Keyword 'Get Length' found both from a custom test library 'LibraryKeywords' and a standard library 'BuiltIn'. The custom keyword is used. To select explicitly, and to get rid of this warning, use either 'LibraryKeywords.Get Length' or 'BuiltIn.Get Length'.</msg>
<msg timestamp="20151022 16:54:02.521" level="WARN">Keyword 'Get Length' found both from a custom test library 'LibraryKeywords' and a standard library 'BuiltIn'. The custom keyword is used. To select explicitly, and to get rid of this warning, use either 'LibraryKeywords.Get Length' or 'BuiltIn.Get Length'.</msg>
<msg timestamp="20151022 16:54:02.627" level="WARN">Keyword 'Get Length' found both from a custom test library 'LibraryKeywords' and a standard library 'BuiltIn'. The custom keyword is used. To select explicitly, and to get rid of this warning, use either 'LibraryKeywords.Get Length' or 'BuiltIn.Get Length'.</msg>
</errors>
</robot>
