<?xml version="1.0" encoding="UTF-8"?>
<robot generator="Robot 2.9 (Jython 2.7.0 on java1.7.0_65)" generated="20150930 20:48:10.495">
<suite source="/Users/robertwarren/GitHub/ArgParse_CS310/Library/acceptance/LibraryTests.txt" id="s1" name="LibraryTests">
<test id="s1-t1" name="Test Volume Calculator Normal Function">
<kw library="LibraryKeywords" name="Start Volume Calculator With Arguments">
<arguments>
<arg>7</arg>
<arg>5</arg>
<arg>2</arg>
</arguments>
<msg timestamp="20150930 20:48:11.227" level="FAIL">NoClassDefFoundError: edu/jsu/mcis/Library</msg>
<status status="FAIL" starttime="20150930 20:48:11.191" endtime="20150930 20:48:11.229"></status>
</kw>
<status status="FAIL" starttime="20150930 20:48:11.181" endtime="20150930 20:48:11.232" critical="yes">NoClassDefFoundError: edu/jsu/mcis/Library</status>
</test>
<test id="s1-t2" name="Test Unrecognized Argument">
<kw library="LibraryKeywords" name="Start Volume Calculator With Arguments">
<arguments>
<arg>7</arg>
<arg>5</arg>
<arg>2</arg>
<arg>43</arg>
</arguments>
<msg timestamp="20150930 20:48:11.265" level="FAIL">NoClassDefFoundError: edu/jsu/mcis/Library</msg>
<status status="FAIL" starttime="20150930 20:48:11.243" endtime="20150930 20:48:11.269"></status>
</kw>
<status status="FAIL" starttime="20150930 20:48:11.236" endtime="20150930 20:48:11.273" critical="yes">NoClassDefFoundError: edu/jsu/mcis/Library</status>
</test>
<test id="s1-t3" name="Test Absurd Program Normal Function">
<kw library="LibraryKeywords" name="Start Absurd Program With Arguments">
<arguments>
<arg>dog</arg>
<arg>2</arg>
<arg>true</arg>
<arg>3.5</arg>
</arguments>
<msg timestamp="20150930 20:48:11.307" level="FAIL">NoClassDefFoundError: edu/jsu/mcis/Library</msg>
<status status="FAIL" starttime="20150930 20:48:11.285" endtime="20150930 20:48:11.309"></status>
</kw>
<status status="FAIL" starttime="20150930 20:48:11.278" endtime="20150930 20:48:11.311" critical="yes">NoClassDefFoundError: edu/jsu/mcis/Library</status>
</test>
<test id="s1-t4" name="Test Usage Message">
<kw library="LibraryKeywords" name="Start Program With Arguments">
<arguments>
<arg>-h</arg>
</arguments>
<msg timestamp="20150930 20:48:11.348" level="FAIL">NoClassDefFoundError: edu/jsu/mcis/Library</msg>
<status status="FAIL" starttime="20150930 20:48:11.322" endtime="20150930 20:48:11.350"></status>
</kw>
<status status="FAIL" starttime="20150930 20:48:11.315" endtime="20150930 20:48:11.352" critical="yes">NoClassDefFoundError: edu/jsu/mcis/Library</status>
</test>
<status status="FAIL" starttime="20150930 20:48:10.515" endtime="20150930 20:48:11.360"></status>
</suite>
<statistics>
<total>
<stat pass="0" fail="4">Critical Tests</stat>
<stat pass="0" fail="4">All Tests</stat>
</total>
<tag>
</tag>
<suite>
<stat pass="0" id="s1" fail="4" name="LibraryTests">LibraryTests</stat>
</suite>
</statistics>
<errors>
</errors>
</robot>
