<?xml version="1.0" encoding="UTF-8"?>
<robot generator="Robot 2.9 (Jython 2.7.0 on java1.7.0_65)" generated="20151113 12:08:02.803">
<suite source="/Users/katiewood/Documents/Software_Engineering/ArgParse_CS310/ArgumentParser/acceptance/ArgumentParserTests.txt" id="s1" name="ArgumentParserTests">
<test id="s1-t1" name="Test Volume Calculator Normal Function">
<kw library="ArgumentParserKeywords" name="Start Volume Calculator With Arguments">
<arguments>
<arg>7</arg>
<arg>5</arg>
<arg>2</arg>
</arguments>
<status status="PASS" starttime="20151113 12:08:03.501" endtime="20151113 12:08:03.521"></status>
</kw>
<kw library="ArgumentParserKeywords" name="Get Length">
<assign>
<var>${length}</var>
</assign>
<msg timestamp="20151113 12:08:03.527" level="WARN">Keyword 'Get Length' found both from a custom test library 'ArgumentParserKeywords' and a standard library 'BuiltIn'. The custom keyword is used. To select explicitly, and to get rid of this warning, use either 'ArgumentParserKeywords.Get Length' or 'BuiltIn.Get Length'.</msg>
<msg timestamp="20151113 12:08:03.538" level="INFO">${length} = 7</msg>
<status status="PASS" starttime="20151113 12:08:03.528" endtime="20151113 12:08:03.540"></status>
</kw>
<kw library="BuiltIn" name="Should Be Equal">
<doc>Fails if the given objects are unequal.</doc>
<arguments>
<arg>7</arg>
<arg>${length}</arg>
</arguments>
<status status="PASS" starttime="20151113 12:08:03.545" endtime="20151113 12:08:03.558"></status>
</kw>
<kw library="ArgumentParserKeywords" name="Get Width">
<assign>
<var>${width}</var>
</assign>
<msg timestamp="20151113 12:08:03.574" level="INFO">${width} = 5</msg>
<status status="PASS" starttime="20151113 12:08:03.562" endtime="20151113 12:08:03.577"></status>
</kw>
<kw library="BuiltIn" name="Should Be Equal">
<doc>Fails if the given objects are unequal.</doc>
<arguments>
<arg>5</arg>
<arg>${width}</arg>
</arguments>
<status status="PASS" starttime="20151113 12:08:03.583" endtime="20151113 12:08:03.593"></status>
</kw>
<kw library="ArgumentParserKeywords" name="Get Height">
<assign>
<var>${height}</var>
</assign>
<msg timestamp="20151113 12:08:03.609" level="INFO">${height} = 2</msg>
<status status="PASS" starttime="20151113 12:08:03.599" endtime="20151113 12:08:03.610"></status>
</kw>
<kw library="BuiltIn" name="Should Be Equal">
<doc>Fails if the given objects are unequal.</doc>
<arguments>
<arg>2</arg>
<arg>${height}</arg>
</arguments>
<status status="PASS" starttime="20151113 12:08:03.615" endtime="20151113 12:08:03.621"></status>
</kw>
<kw library="ArgumentParserKeywords" name="Get Program Output">
<assign>
<var>${output}</var>
</assign>
<msg timestamp="20151113 12:08:03.629" level="INFO">${output} = 70.0</msg>
<status status="PASS" starttime="20151113 12:08:03.624" endtime="20151113 12:08:03.630"></status>
</kw>
<kw library="BuiltIn" name="Should Be Equal">
<doc>Fails if the given objects are unequal.</doc>
<arguments>
<arg>${output}</arg>
<arg>70.0</arg>
</arguments>
<status status="PASS" starttime="20151113 12:08:03.633" endtime="20151113 12:08:03.638"></status>
</kw>
<status status="PASS" starttime="20151113 12:08:03.490" endtime="20151113 12:08:03.641" critical="yes"></status>
</test>
<test id="s1-t2" name="Test Unrecognized Argument">
<kw library="ArgumentParserKeywords" name="Start Volume Calculator With Arguments">
<arguments>
<arg>7</arg>
<arg>5</arg>
<arg>2</arg>
<arg>43</arg>
</arguments>
<status status="PASS" starttime="20151113 12:08:03.650" endtime="20151113 12:08:03.656"></status>
</kw>
<kw library="ArgumentParserKeywords" name="Get Program Output">
<assign>
<var>${output}</var>
</assign>
<msg timestamp="20151113 12:08:03.666" level="INFO">${output} = usage: java Volume Calculator length width height
Volume Calculator.java: error: unrecognized arguments: 43</msg>
<status status="PASS" starttime="20151113 12:08:03.661" endtime="20151113 12:08:03.667"></status>
</kw>
<kw library="BuiltIn" name="Should Be Equal">
<doc>Fails if the given objects are unequal.</doc>
<arguments>
<arg>${output}</arg>
<arg>${expected1}</arg>
</arguments>
<status status="PASS" starttime="20151113 12:08:03.670" endtime="20151113 12:08:03.677"></status>
</kw>
<status status="PASS" starttime="20151113 12:08:03.644" endtime="20151113 12:08:03.679" critical="yes"></status>
</test>
<test id="s1-t3" name="Test Absurd Program Normal Function">
<kw library="ArgumentParserKeywords" name="Start Absurd Program With Arguments">
<arguments>
<arg>dog</arg>
<arg>2</arg>
<arg>true</arg>
<arg>3.5</arg>
</arguments>
<status status="PASS" starttime="20151113 12:08:03.691" endtime="20151113 12:08:03.699"></status>
</kw>
<kw library="ArgumentParserKeywords" name="Getpet">
<assign>
<var>${pet}</var>
</assign>
<msg timestamp="20151113 12:08:03.709" level="INFO">${pet} = dog</msg>
<status status="PASS" starttime="20151113 12:08:03.702" endtime="20151113 12:08:03.711"></status>
</kw>
<kw library="BuiltIn" name="Should Be Equal">
<doc>Fails if the given objects are unequal.</doc>
<arguments>
<arg>dog</arg>
<arg>${pet}</arg>
</arguments>
<status status="PASS" starttime="20151113 12:08:03.716" endtime="20151113 12:08:03.724"></status>
</kw>
<kw library="ArgumentParserKeywords" name="Get Number">
<assign>
<var>${number}</var>
</assign>
<msg timestamp="20151113 12:08:03.732" level="INFO">${number} = 2</msg>
<status status="PASS" starttime="20151113 12:08:03.727" endtime="20151113 12:08:03.733"></status>
</kw>
<kw library="BuiltIn" name="Should Be Equal">
<doc>Fails if the given objects are unequal.</doc>
<arguments>
<arg>2</arg>
<arg>${number}</arg>
</arguments>
<status status="PASS" starttime="20151113 12:08:03.736" endtime="20151113 12:08:03.743"></status>
</kw>
<kw library="ArgumentParserKeywords" name="Get Rainy">
<assign>
<var>${rainy}</var>
</assign>
<msg timestamp="20151113 12:08:03.752" level="INFO">${rainy} = true</msg>
<status status="PASS" starttime="20151113 12:08:03.746" endtime="20151113 12:08:03.753"></status>
</kw>
<kw library="BuiltIn" name="Should Be Equal">
<doc>Fails if the given objects are unequal.</doc>
<arguments>
<arg>true</arg>
<arg>${rainy}</arg>
</arguments>
<status status="PASS" starttime="20151113 12:08:03.756" endtime="20151113 12:08:03.763"></status>
</kw>
<kw library="ArgumentParserKeywords" name="Get Bathrooms">
<assign>
<var>${bathrooms}</var>
</assign>
<msg timestamp="20151113 12:08:03.771" level="INFO">${bathrooms} = 3.5</msg>
<status status="PASS" starttime="20151113 12:08:03.767" endtime="20151113 12:08:03.772"></status>
</kw>
<kw library="BuiltIn" name="Should Be Equal">
<doc>Fails if the given objects are unequal.</doc>
<arguments>
<arg>3.5</arg>
<arg>${bathrooms}</arg>
</arguments>
<status status="PASS" starttime="20151113 12:08:03.776" endtime="20151113 12:08:03.787"></status>
</kw>
<status status="PASS" starttime="20151113 12:08:03.684" endtime="20151113 12:08:03.792" critical="yes"></status>
</test>
<test id="s1-t4" name="Test Usage Message">
<kw library="ArgumentParserKeywords" name="Start Program With Arguments">
<arguments>
<arg>-h</arg>
</arguments>
<status status="PASS" starttime="20151113 12:08:03.809" endtime="20151113 12:08:03.816"></status>
</kw>
<kw library="ArgumentParserKeywords" name="Get Program Output">
<assign>
<var>${output}</var>
</assign>
<msg timestamp="20151113 12:08:03.825" level="INFO">${output} = usage: java Volume Calculator [length] [width] [height] [help] 
Calculate the volume of a box.
positional arguments:
[length] the length of the box (float)
[width] the width of the box (float)
[height...</msg>
<status status="PASS" starttime="20151113 12:08:03.819" endtime="20151113 12:08:03.827"></status>
</kw>
<kw library="BuiltIn" name="Should Be Equal">
<doc>Fails if the given objects are unequal.</doc>
<arguments>
<arg>${expected2}</arg>
<arg>${output}</arg>
</arguments>
<status status="PASS" starttime="20151113 12:08:03.831" endtime="20151113 12:08:03.840"></status>
</kw>
<status status="PASS" starttime="20151113 12:08:03.797" endtime="20151113 12:08:03.843" critical="yes"></status>
</test>
<test id="s1-t5" name="Test Incorrect Datatype Message">
<kw library="ArgumentParserKeywords" name="Start Program With Arguments">
<arguments>
<arg>7</arg>
<arg>something</arg>
<arg>2</arg>
</arguments>
<status status="PASS" starttime="20151113 12:08:03.859" endtime="20151113 12:08:03.872"></status>
</kw>
<kw library="ArgumentParserKeywords" name="Get Program Output">
<assign>
<var>${output}</var>
</assign>
<msg timestamp="20151113 12:08:03.884" level="INFO">${output} = usage: java Volume Calculator length width height
Volume Calculator.java: error: argument width: invalid float value: something</msg>
<status status="PASS" starttime="20151113 12:08:03.876" endtime="20151113 12:08:03.886"></status>
</kw>
<kw library="BuiltIn" name="Should Be Equal">
<doc>Fails if the given objects are unequal.</doc>
<arguments>
<arg>${output}</arg>
<arg>${expected3}</arg>
</arguments>
<status status="PASS" starttime="20151113 12:08:03.889" endtime="20151113 12:08:03.898"></status>
</kw>
<status status="PASS" starttime="20151113 12:08:03.849" endtime="20151113 12:08:03.901" critical="yes"></status>
</test>
<test id="s1-t6" name="Test Named Argument Defaults">
<kw library="ArgumentParserKeywords" name="Start Volume Calculator With Arguments">
<arguments>
<arg>7</arg>
<arg>3</arg>
<arg>2</arg>
</arguments>
<status status="PASS" starttime="20151113 12:08:03.917" endtime="20151113 12:08:03.924"></status>
</kw>
<kw library="ArgumentParserKeywords" name="Get Length">
<assign>
<var>${length}</var>
</assign>
<msg timestamp="20151113 12:08:03.527" level="WARN">Keyword 'Get Length' found both from a custom test library 'ArgumentParserKeywords' and a standard library 'BuiltIn'. The custom keyword is used. To select explicitly, and to get rid of this warning, use either 'ArgumentParserKeywords.Get Length' or 'BuiltIn.Get Length'.</msg>
<msg timestamp="20151113 12:08:03.928" level="WARN">Keyword 'Get Length' found both from a custom test library 'ArgumentParserKeywords' and a standard library 'BuiltIn'. The custom keyword is used. To select explicitly, and to get rid of this warning, use either 'ArgumentParserKeywords.Get Length' or 'BuiltIn.Get Length'.</msg>
<msg timestamp="20151113 12:08:03.940" level="INFO">${length} = 7</msg>
<status status="PASS" starttime="20151113 12:08:03.929" endtime="20151113 12:08:03.941"></status>
</kw>
<kw library="BuiltIn" name="Should Be Equal">
<doc>Fails if the given objects are unequal.</doc>
<arguments>
<arg>7</arg>
<arg>${length}</arg>
</arguments>
<status status="PASS" starttime="20151113 12:08:03.943" endtime="20151113 12:08:03.951"></status>
</kw>
<kw library="ArgumentParserKeywords" name="Get Width">
<assign>
<var>${width}</var>
</assign>
<msg timestamp="20151113 12:08:03.961" level="INFO">${width} = 3</msg>
<status status="PASS" starttime="20151113 12:08:03.955" endtime="20151113 12:08:03.963"></status>
</kw>
<kw library="BuiltIn" name="Should Be Equal">
<doc>Fails if the given objects are unequal.</doc>
<arguments>
<arg>3</arg>
<arg>${width}</arg>
</arguments>
<status status="PASS" starttime="20151113 12:08:03.968" endtime="20151113 12:08:03.975"></status>
</kw>
<kw library="ArgumentParserKeywords" name="Get Height">
<assign>
<var>${height}</var>
</assign>
<msg timestamp="20151113 12:08:03.982" level="INFO">${height} = 2</msg>
<status status="PASS" starttime="20151113 12:08:03.978" endtime="20151113 12:08:03.984"></status>
</kw>
<kw library="BuiltIn" name="Should Be Equal">
<doc>Fails if the given objects are unequal.</doc>
<arguments>
<arg>2</arg>
<arg>${height}</arg>
</arguments>
<status status="PASS" starttime="20151113 12:08:03.986" endtime="20151113 12:08:03.993"></status>
</kw>
<kw library="ArgumentParserKeywords" name="Get Type">
<assign>
<var>${type}</var>
</assign>
<msg timestamp="20151113 12:08:04.001" level="INFO">${type} = box</msg>
<status status="PASS" starttime="20151113 12:08:03.996" endtime="20151113 12:08:04.001"></status>
</kw>
<kw library="BuiltIn" name="Should Be Equal">
<doc>Fails if the given objects are unequal.</doc>
<arguments>
<arg>box</arg>
<arg>${type}</arg>
</arguments>
<status status="PASS" starttime="20151113 12:08:04.004" endtime="20151113 12:08:04.009"></status>
</kw>
<kw library="ArgumentParserKeywords" name="Get Digits">
<assign>
<var>${digits}</var>
</assign>
<msg timestamp="20151113 12:08:04.015" level="INFO">${digits} = 4</msg>
<status status="PASS" starttime="20151113 12:08:04.011" endtime="20151113 12:08:04.016"></status>
</kw>
<kw library="BuiltIn" name="Should Be Equal">
<doc>Fails if the given objects are unequal.</doc>
<arguments>
<arg>4</arg>
<arg>${digits}</arg>
</arguments>
<status status="PASS" starttime="20151113 12:08:04.020" endtime="20151113 12:08:04.027"></status>
</kw>
<status status="PASS" starttime="20151113 12:08:03.905" endtime="20151113 12:08:04.030" critical="yes"></status>
</test>
<test id="s1-t7" name="Test Named Argument Single">
<kw library="ArgumentParserKeywords" name="Start Volume Calculator With Arguments">
<arguments>
<arg>7</arg>
<arg>3</arg>
<arg>2</arg>
<arg>--type</arg>
<arg>ellipsoid</arg>
</arguments>
<status status="PASS" starttime="20151113 12:08:04.041" endtime="20151113 12:08:04.049"></status>
</kw>
<kw library="ArgumentParserKeywords" name="Get Length">
<assign>
<var>${length}</var>
</assign>
<msg timestamp="20151113 12:08:03.527" level="WARN">Keyword 'Get Length' found both from a custom test library 'ArgumentParserKeywords' and a standard library 'BuiltIn'. The custom keyword is used. To select explicitly, and to get rid of this warning, use either 'ArgumentParserKeywords.Get Length' or 'BuiltIn.Get Length'.</msg>
<msg timestamp="20151113 12:08:03.928" level="WARN">Keyword 'Get Length' found both from a custom test library 'ArgumentParserKeywords' and a standard library 'BuiltIn'. The custom keyword is used. To select explicitly, and to get rid of this warning, use either 'ArgumentParserKeywords.Get Length' or 'BuiltIn.Get Length'.</msg>
<msg timestamp="20151113 12:08:04.052" level="WARN">Keyword 'Get Length' found both from a custom test library 'ArgumentParserKeywords' and a standard library 'BuiltIn'. The custom keyword is used. To select explicitly, and to get rid of this warning, use either 'ArgumentParserKeywords.Get Length' or 'BuiltIn.Get Length'.</msg>
<msg timestamp="20151113 12:08:04.061" level="INFO">${length} = 7</msg>
<status status="PASS" starttime="20151113 12:08:04.052" endtime="20151113 12:08:04.062"></status>
</kw>
<kw library="BuiltIn" name="Should Be Equal">
<doc>Fails if the given objects are unequal.</doc>
<arguments>
<arg>7</arg>
<arg>${length}</arg>
</arguments>
<status status="PASS" starttime="20151113 12:08:04.065" endtime="20151113 12:08:04.073"></status>
</kw>
<kw library="ArgumentParserKeywords" name="Get Width">
<assign>
<var>${width}</var>
</assign>
<msg timestamp="20151113 12:08:04.080" level="INFO">${width} = 3</msg>
<status status="PASS" starttime="20151113 12:08:04.075" endtime="20151113 12:08:04.082"></status>
</kw>
<kw library="BuiltIn" name="Should Be Equal">
<doc>Fails if the given objects are unequal.</doc>
<arguments>
<arg>3</arg>
<arg>${width}</arg>
</arguments>
<status status="PASS" starttime="20151113 12:08:04.085" endtime="20151113 12:08:04.091"></status>
</kw>
<kw library="ArgumentParserKeywords" name="Get Height">
<assign>
<var>${height}</var>
</assign>
<msg timestamp="20151113 12:08:04.097" level="INFO">${height} = 2</msg>
<status status="PASS" starttime="20151113 12:08:04.093" endtime="20151113 12:08:04.098"></status>
</kw>
<kw library="BuiltIn" name="Should Be Equal">
<doc>Fails if the given objects are unequal.</doc>
<arguments>
<arg>2</arg>
<arg>${height}</arg>
</arguments>
<status status="PASS" starttime="20151113 12:08:04.101" endtime="20151113 12:08:04.106"></status>
</kw>
<kw library="ArgumentParserKeywords" name="Get Type">
<assign>
<var>${type}</var>
</assign>
<msg timestamp="20151113 12:08:04.114" level="INFO">${type} = ellipsoid</msg>
<status status="PASS" starttime="20151113 12:08:04.109" endtime="20151113 12:08:04.115"></status>
</kw>
<kw library="BuiltIn" name="Should Be Equal">
<doc>Fails if the given objects are unequal.</doc>
<arguments>
<arg>ellipsoid</arg>
<arg>${type}</arg>
</arguments>
<status status="PASS" starttime="20151113 12:08:04.117" endtime="20151113 12:08:04.122"></status>
</kw>
<kw library="ArgumentParserKeywords" name="Get Digits">
<assign>
<var>${digits}</var>
</assign>
<msg timestamp="20151113 12:08:04.129" level="INFO">${digits} = 4</msg>
<status status="PASS" starttime="20151113 12:08:04.125" endtime="20151113 12:08:04.130"></status>
</kw>
<kw library="BuiltIn" name="Should Be Equal">
<doc>Fails if the given objects are unequal.</doc>
<arguments>
<arg>4</arg>
<arg>${digits}</arg>
</arguments>
<status status="PASS" starttime="20151113 12:08:04.133" endtime="20151113 12:08:04.138"></status>
</kw>
<status status="PASS" starttime="20151113 12:08:04.034" endtime="20151113 12:08:04.140" critical="yes"></status>
</test>
<test id="s1-t8" name="Test Named Argument Multiple">
<kw library="ArgumentParserKeywords" name="Start Volume Calculator With Arguments">
<arguments>
<arg>7</arg>
<arg>3</arg>
<arg>2</arg>
<arg>--type</arg>
<arg>ellipsoid</arg>
<arg>--digits</arg>
<arg>1</arg>
</arguments>
<status status="PASS" starttime="20151113 12:08:04.149" endtime="20151113 12:08:04.156"></status>
</kw>
<kw library="ArgumentParserKeywords" name="Get Length">
<assign>
<var>${length}</var>
</assign>
<msg timestamp="20151113 12:08:03.527" level="WARN">Keyword 'Get Length' found both from a custom test library 'ArgumentParserKeywords' and a standard library 'BuiltIn'. The custom keyword is used. To select explicitly, and to get rid of this warning, use either 'ArgumentParserKeywords.Get Length' or 'BuiltIn.Get Length'.</msg>
<msg timestamp="20151113 12:08:03.928" level="WARN">Keyword 'Get Length' found both from a custom test library 'ArgumentParserKeywords' and a standard library 'BuiltIn'. The custom keyword is used. To select explicitly, and to get rid of this warning, use either 'ArgumentParserKeywords.Get Length' or 'BuiltIn.Get Length'.</msg>
<msg timestamp="20151113 12:08:04.052" level="WARN">Keyword 'Get Length' found both from a custom test library 'ArgumentParserKeywords' and a standard library 'BuiltIn'. The custom keyword is used. To select explicitly, and to get rid of this warning, use either 'ArgumentParserKeywords.Get Length' or 'BuiltIn.Get Length'.</msg>
<msg timestamp="20151113 12:08:04.158" level="WARN">Keyword 'Get Length' found both from a custom test library 'ArgumentParserKeywords' and a standard library 'BuiltIn'. The custom keyword is used. To select explicitly, and to get rid of this warning, use either 'ArgumentParserKeywords.Get Length' or 'BuiltIn.Get Length'.</msg>
<msg timestamp="20151113 12:08:04.171" level="INFO">${length} = 7</msg>
<status status="PASS" starttime="20151113 12:08:04.159" endtime="20151113 12:08:04.172"></status>
</kw>
<kw library="BuiltIn" name="Should Be Equal">
<doc>Fails if the given objects are unequal.</doc>
<arguments>
<arg>7</arg>
<arg>${length}</arg>
</arguments>
<status status="PASS" starttime="20151113 12:08:04.174" endtime="20151113 12:08:04.179"></status>
</kw>
<kw library="ArgumentParserKeywords" name="Get Width">
<assign>
<var>${width}</var>
</assign>
<msg timestamp="20151113 12:08:04.185" level="INFO">${width} = 3</msg>
<status status="PASS" starttime="20151113 12:08:04.181" endtime="20151113 12:08:04.186"></status>
</kw>
<kw library="BuiltIn" name="Should Be Equal">
<doc>Fails if the given objects are unequal.</doc>
<arguments>
<arg>3</arg>
<arg>${width}</arg>
</arguments>
<status status="PASS" starttime="20151113 12:08:04.188" endtime="20151113 12:08:04.194"></status>
</kw>
<kw library="ArgumentParserKeywords" name="Get Height">
<assign>
<var>${height}</var>
</assign>
<msg timestamp="20151113 12:08:04.201" level="INFO">${height} = 2</msg>
<status status="PASS" starttime="20151113 12:08:04.197" endtime="20151113 12:08:04.202"></status>
</kw>
<kw library="BuiltIn" name="Should Be Equal">
<doc>Fails if the given objects are unequal.</doc>
<arguments>
<arg>2</arg>
<arg>${height}</arg>
</arguments>
<status status="PASS" starttime="20151113 12:08:04.204" endtime="20151113 12:08:04.209"></status>
</kw>
<kw library="ArgumentParserKeywords" name="Get Type">
<assign>
<var>${type}</var>
</assign>
<msg timestamp="20151113 12:08:04.218" level="INFO">${type} = ellipsoid</msg>
<status status="PASS" starttime="20151113 12:08:04.213" endtime="20151113 12:08:04.219"></status>
</kw>
<kw library="BuiltIn" name="Should Be Equal">
<doc>Fails if the given objects are unequal.</doc>
<arguments>
<arg>ellipsoid</arg>
<arg>${type}</arg>
</arguments>
<status status="PASS" starttime="20151113 12:08:04.221" endtime="20151113 12:08:04.226"></status>
</kw>
<kw library="ArgumentParserKeywords" name="Get Digits">
<assign>
<var>${digits}</var>
</assign>
<msg timestamp="20151113 12:08:04.231" level="INFO">${digits} = 1</msg>
<status status="PASS" starttime="20151113 12:08:04.228" endtime="20151113 12:08:04.232"></status>
</kw>
<kw library="BuiltIn" name="Should Be Equal">
<doc>Fails if the given objects are unequal.</doc>
<arguments>
<arg>1</arg>
<arg>${digits}</arg>
</arguments>
<status status="PASS" starttime="20151113 12:08:04.235" endtime="20151113 12:08:04.240"></status>
</kw>
<status status="PASS" starttime="20151113 12:08:04.142" endtime="20151113 12:08:04.242" critical="yes"></status>
</test>
<test id="s1-t9" name="Test Named Argument Anywhere">
<kw library="ArgumentParserKeywords" name="Start Volume Calculator With Arguments">
<arguments>
<arg>--type</arg>
<arg>ellipsoid</arg>
<arg>7</arg>
<arg>3</arg>
<arg>--digits</arg>
<arg>1</arg>
<arg>2</arg>
</arguments>
<status status="PASS" starttime="20151113 12:08:04.251" endtime="20151113 12:08:04.257"></status>
</kw>
<kw library="ArgumentParserKeywords" name="Get Length">
<assign>
<var>${length}</var>
</assign>
<msg timestamp="20151113 12:08:03.527" level="WARN">Keyword 'Get Length' found both from a custom test library 'ArgumentParserKeywords' and a standard library 'BuiltIn'. The custom keyword is used. To select explicitly, and to get rid of this warning, use either 'ArgumentParserKeywords.Get Length' or 'BuiltIn.Get Length'.</msg>
<msg timestamp="20151113 12:08:03.928" level="WARN">Keyword 'Get Length' found both from a custom test library 'ArgumentParserKeywords' and a standard library 'BuiltIn'. The custom keyword is used. To select explicitly, and to get rid of this warning, use either 'ArgumentParserKeywords.Get Length' or 'BuiltIn.Get Length'.</msg>
<msg timestamp="20151113 12:08:04.052" level="WARN">Keyword 'Get Length' found both from a custom test library 'ArgumentParserKeywords' and a standard library 'BuiltIn'. The custom keyword is used. To select explicitly, and to get rid of this warning, use either 'ArgumentParserKeywords.Get Length' or 'BuiltIn.Get Length'.</msg>
<msg timestamp="20151113 12:08:04.158" level="WARN">Keyword 'Get Length' found both from a custom test library 'ArgumentParserKeywords' and a standard library 'BuiltIn'. The custom keyword is used. To select explicitly, and to get rid of this warning, use either 'ArgumentParserKeywords.Get Length' or 'BuiltIn.Get Length'.</msg>
<msg timestamp="20151113 12:08:04.259" level="WARN">Keyword 'Get Length' found both from a custom test library 'ArgumentParserKeywords' and a standard library 'BuiltIn'. The custom keyword is used. To select explicitly, and to get rid of this warning, use either 'ArgumentParserKeywords.Get Length' or 'BuiltIn.Get Length'.</msg>
<msg timestamp="20151113 12:08:04.273" level="INFO">${length} = 7</msg>
<status status="PASS" starttime="20151113 12:08:04.260" endtime="20151113 12:08:04.275"></status>
</kw>
<kw library="BuiltIn" name="Should Be Equal">
<doc>Fails if the given objects are unequal.</doc>
<arguments>
<arg>7</arg>
<arg>${length}</arg>
</arguments>
<status status="PASS" starttime="20151113 12:08:04.277" endtime="20151113 12:08:04.284"></status>
</kw>
<kw library="ArgumentParserKeywords" name="Get Width">
<assign>
<var>${width}</var>
</assign>
<msg timestamp="20151113 12:08:04.290" level="INFO">${width} = 3</msg>
<status status="PASS" starttime="20151113 12:08:04.287" endtime="20151113 12:08:04.291"></status>
</kw>
<kw library="BuiltIn" name="Should Be Equal">
<doc>Fails if the given objects are unequal.</doc>
<arguments>
<arg>3</arg>
<arg>${width}</arg>
</arguments>
<status status="PASS" starttime="20151113 12:08:04.294" endtime="20151113 12:08:04.300"></status>
</kw>
<kw library="ArgumentParserKeywords" name="Get Height">
<assign>
<var>${height}</var>
</assign>
<msg timestamp="20151113 12:08:04.307" level="INFO">${height} = 2</msg>
<status status="PASS" starttime="20151113 12:08:04.302" endtime="20151113 12:08:04.308"></status>
</kw>
<kw library="BuiltIn" name="Should Be Equal">
<doc>Fails if the given objects are unequal.</doc>
<arguments>
<arg>2</arg>
<arg>${height}</arg>
</arguments>
<status status="PASS" starttime="20151113 12:08:04.311" endtime="20151113 12:08:04.318"></status>
</kw>
<kw library="ArgumentParserKeywords" name="Get Type">
<assign>
<var>${type}</var>
</assign>
<msg timestamp="20151113 12:08:04.324" level="INFO">${type} = ellipsoid</msg>
<status status="PASS" starttime="20151113 12:08:04.320" endtime="20151113 12:08:04.326"></status>
</kw>
<kw library="BuiltIn" name="Should Be Equal">
<doc>Fails if the given objects are unequal.</doc>
<arguments>
<arg>ellipsoid</arg>
<arg>${type}</arg>
</arguments>
<status status="PASS" starttime="20151113 12:08:04.329" endtime="20151113 12:08:04.339"></status>
</kw>
<kw library="ArgumentParserKeywords" name="Get Digits">
<assign>
<var>${digits}</var>
</assign>
<msg timestamp="20151113 12:08:04.345" level="INFO">${digits} = 1</msg>
<status status="PASS" starttime="20151113 12:08:04.341" endtime="20151113 12:08:04.346"></status>
</kw>
<kw library="BuiltIn" name="Should Be Equal">
<doc>Fails if the given objects are unequal.</doc>
<arguments>
<arg>1</arg>
<arg>${digits}</arg>
</arguments>
<status status="PASS" starttime="20151113 12:08:04.350" endtime="20151113 12:08:04.357"></status>
</kw>
<status status="PASS" starttime="20151113 12:08:04.244" endtime="20151113 12:08:04.359" critical="yes"></status>
</test>
<test id="s1-t10" name="Test Help Flag">
<kw library="ArgumentParserKeywords" name="Start Program With Arguments">
<arguments>
<arg>7</arg>
<arg>--help</arg>
<arg>3</arg>
<arg>2</arg>
</arguments>
<status status="PASS" starttime="20151113 12:08:04.372" endtime="20151113 12:08:04.380"></status>
</kw>
<kw library="ArgumentParserKeywords" name="Get Program Output">
<assign>
<var>${output}</var>
</assign>
<msg timestamp="20151113 12:08:04.388" level="INFO">${output} = usage: java Volume Calculator [length] [width] [height] [help] 
Calculate the volume of a box.
positional arguments:
[length] the length of the box (float)
[width] the width of the box (float)
[height...</msg>
<status status="PASS" starttime="20151113 12:08:04.383" endtime="20151113 12:08:04.389"></status>
</kw>
<kw library="BuiltIn" name="Should Be Equal">
<doc>Fails if the given objects are unequal.</doc>
<arguments>
<arg>${expected4}</arg>
<arg>${output}</arg>
</arguments>
<status status="PASS" starttime="20151113 12:08:04.391" endtime="20151113 12:08:04.400"></status>
</kw>
<status status="PASS" starttime="20151113 12:08:04.363" endtime="20151113 12:08:04.402" critical="yes"></status>
</test>
<test id="s1-t11" name="Test Short Form Arguments">
<kw library="ArgumentParserKeywords" name="Start Volume Calculator With Arguments">
<arguments>
<arg>-t</arg>
<arg>ellipsoid</arg>
<arg>7</arg>
<arg>3</arg>
<arg>-d</arg>
<arg>1</arg>
<arg>2</arg>
</arguments>
<status status="PASS" starttime="20151113 12:08:04.412" endtime="20151113 12:08:04.420"></status>
</kw>
<kw library="ArgumentParserKeywords" name="Get Length">
<assign>
<var>${length}</var>
</assign>
<msg timestamp="20151113 12:08:03.527" level="WARN">Keyword 'Get Length' found both from a custom test library 'ArgumentParserKeywords' and a standard library 'BuiltIn'. The custom keyword is used. To select explicitly, and to get rid of this warning, use either 'ArgumentParserKeywords.Get Length' or 'BuiltIn.Get Length'.</msg>
<msg timestamp="20151113 12:08:03.928" level="WARN">Keyword 'Get Length' found both from a custom test library 'ArgumentParserKeywords' and a standard library 'BuiltIn'. The custom keyword is used. To select explicitly, and to get rid of this warning, use either 'ArgumentParserKeywords.Get Length' or 'BuiltIn.Get Length'.</msg>
<msg timestamp="20151113 12:08:04.052" level="WARN">Keyword 'Get Length' found both from a custom test library 'ArgumentParserKeywords' and a standard library 'BuiltIn'. The custom keyword is used. To select explicitly, and to get rid of this warning, use either 'ArgumentParserKeywords.Get Length' or 'BuiltIn.Get Length'.</msg>
<msg timestamp="20151113 12:08:04.158" level="WARN">Keyword 'Get Length' found both from a custom test library 'ArgumentParserKeywords' and a standard library 'BuiltIn'. The custom keyword is used. To select explicitly, and to get rid of this warning, use either 'ArgumentParserKeywords.Get Length' or 'BuiltIn.Get Length'.</msg>
<msg timestamp="20151113 12:08:04.259" level="WARN">Keyword 'Get Length' found both from a custom test library 'ArgumentParserKeywords' and a standard library 'BuiltIn'. The custom keyword is used. To select explicitly, and to get rid of this warning, use either 'ArgumentParserKeywords.Get Length' or 'BuiltIn.Get Length'.</msg>
<msg timestamp="20151113 12:08:04.423" level="WARN">Keyword 'Get Length' found both from a custom test library 'ArgumentParserKeywords' and a standard library 'BuiltIn'. The custom keyword is used. To select explicitly, and to get rid of this warning, use either 'ArgumentParserKeywords.Get Length' or 'BuiltIn.Get Length'.</msg>
<msg timestamp="20151113 12:08:04.442" level="INFO">${length} = 7</msg>
<status status="PASS" starttime="20151113 12:08:04.424" endtime="20151113 12:08:04.444"></status>
</kw>
<kw library="BuiltIn" name="Should Be Equal">
<doc>Fails if the given objects are unequal.</doc>
<arguments>
<arg>7</arg>
<arg>${length}</arg>
</arguments>
<status status="PASS" starttime="20151113 12:08:04.446" endtime="20151113 12:08:04.453"></status>
</kw>
<kw library="ArgumentParserKeywords" name="Get Width">
<assign>
<var>${width}</var>
</assign>
<msg timestamp="20151113 12:08:04.460" level="INFO">${width} = 3</msg>
<status status="PASS" starttime="20151113 12:08:04.456" endtime="20151113 12:08:04.461"></status>
</kw>
<kw library="BuiltIn" name="Should Be Equal">
<doc>Fails if the given objects are unequal.</doc>
<arguments>
<arg>3</arg>
<arg>${width}</arg>
</arguments>
<status status="PASS" starttime="20151113 12:08:04.463" endtime="20151113 12:08:04.469"></status>
</kw>
<kw library="ArgumentParserKeywords" name="Get Height">
<assign>
<var>${height}</var>
</assign>
<msg timestamp="20151113 12:08:04.476" level="INFO">${height} = 2</msg>
<status status="PASS" starttime="20151113 12:08:04.471" endtime="20151113 12:08:04.477"></status>
</kw>
<kw library="BuiltIn" name="Should Be Equal">
<doc>Fails if the given objects are unequal.</doc>
<arguments>
<arg>2</arg>
<arg>${height}</arg>
</arguments>
<status status="PASS" starttime="20151113 12:08:04.481" endtime="20151113 12:08:04.491"></status>
</kw>
<kw library="ArgumentParserKeywords" name="Get Type">
<assign>
<var>${type}</var>
</assign>
<msg timestamp="20151113 12:08:04.499" level="INFO">${type} = ellipsoid</msg>
<status status="PASS" starttime="20151113 12:08:04.494" endtime="20151113 12:08:04.502"></status>
</kw>
<kw library="BuiltIn" name="Should Be Equal">
<doc>Fails if the given objects are unequal.</doc>
<arguments>
<arg>ellipsoid</arg>
<arg>${type}</arg>
</arguments>
<status status="PASS" starttime="20151113 12:08:04.505" endtime="20151113 12:08:04.510"></status>
</kw>
<kw library="ArgumentParserKeywords" name="Get Digits">
<assign>
<var>${digits}</var>
</assign>
<msg timestamp="20151113 12:08:04.521" level="INFO">${digits} = 1</msg>
<status status="PASS" starttime="20151113 12:08:04.514" endtime="20151113 12:08:04.523"></status>
</kw>
<kw library="BuiltIn" name="Should Be Equal">
<doc>Fails if the given objects are unequal.</doc>
<arguments>
<arg>1</arg>
<arg>${digits}</arg>
</arguments>
<status status="PASS" starttime="20151113 12:08:04.527" endtime="20151113 12:08:04.534"></status>
</kw>
<status status="PASS" starttime="20151113 12:08:04.405" endtime="20151113 12:08:04.537" critical="yes"></status>
</test>
<status status="PASS" starttime="20151113 12:08:02.826" endtime="20151113 12:08:04.548"></status>
</suite>
<statistics>
<total>
<stat pass="11" fail="0">Critical Tests</stat>
<stat pass="11" fail="0">All Tests</stat>
</total>
<tag>
</tag>
<suite>
<stat pass="11" id="s1" fail="0" name="ArgumentParserTests">ArgumentParserTests</stat>
</suite>
</statistics>
<errors>
<msg timestamp="20151113 12:08:03.527" level="WARN">Keyword 'Get Length' found both from a custom test library 'ArgumentParserKeywords' and a standard library 'BuiltIn'. The custom keyword is used. To select explicitly, and to get rid of this warning, use either 'ArgumentParserKeywords.Get Length' or 'BuiltIn.Get Length'.</msg>
<msg timestamp="20151113 12:08:03.527" level="WARN">Keyword 'Get Length' found both from a custom test library 'ArgumentParserKeywords' and a standard library 'BuiltIn'. The custom keyword is used. To select explicitly, and to get rid of this warning, use either 'ArgumentParserKeywords.Get Length' or 'BuiltIn.Get Length'.</msg>
<msg timestamp="20151113 12:08:03.928" level="WARN">Keyword 'Get Length' found both from a custom test library 'ArgumentParserKeywords' and a standard library 'BuiltIn'. The custom keyword is used. To select explicitly, and to get rid of this warning, use either 'ArgumentParserKeywords.Get Length' or 'BuiltIn.Get Length'.</msg>
<msg timestamp="20151113 12:08:03.527" level="WARN">Keyword 'Get Length' found both from a custom test library 'ArgumentParserKeywords' and a standard library 'BuiltIn'. The custom keyword is used. To select explicitly, and to get rid of this warning, use either 'ArgumentParserKeywords.Get Length' or 'BuiltIn.Get Length'.</msg>
<msg timestamp="20151113 12:08:03.928" level="WARN">Keyword 'Get Length' found both from a custom test library 'ArgumentParserKeywords' and a standard library 'BuiltIn'. The custom keyword is used. To select explicitly, and to get rid of this warning, use either 'ArgumentParserKeywords.Get Length' or 'BuiltIn.Get Length'.</msg>
<msg timestamp="20151113 12:08:04.052" level="WARN">Keyword 'Get Length' found both from a custom test library 'ArgumentParserKeywords' and a standard library 'BuiltIn'. The custom keyword is used. To select explicitly, and to get rid of this warning, use either 'ArgumentParserKeywords.Get Length' or 'BuiltIn.Get Length'.</msg>
<msg timestamp="20151113 12:08:03.527" level="WARN">Keyword 'Get Length' found both from a custom test library 'ArgumentParserKeywords' and a standard library 'BuiltIn'. The custom keyword is used. To select explicitly, and to get rid of this warning, use either 'ArgumentParserKeywords.Get Length' or 'BuiltIn.Get Length'.</msg>
<msg timestamp="20151113 12:08:03.928" level="WARN">Keyword 'Get Length' found both from a custom test library 'ArgumentParserKeywords' and a standard library 'BuiltIn'. The custom keyword is used. To select explicitly, and to get rid of this warning, use either 'ArgumentParserKeywords.Get Length' or 'BuiltIn.Get Length'.</msg>
<msg timestamp="20151113 12:08:04.052" level="WARN">Keyword 'Get Length' found both from a custom test library 'ArgumentParserKeywords' and a standard library 'BuiltIn'. The custom keyword is used. To select explicitly, and to get rid of this warning, use either 'ArgumentParserKeywords.Get Length' or 'BuiltIn.Get Length'.</msg>
<msg timestamp="20151113 12:08:04.158" level="WARN">Keyword 'Get Length' found both from a custom test library 'ArgumentParserKeywords' and a standard library 'BuiltIn'. The custom keyword is used. To select explicitly, and to get rid of this warning, use either 'ArgumentParserKeywords.Get Length' or 'BuiltIn.Get Length'.</msg>
<msg timestamp="20151113 12:08:03.527" level="WARN">Keyword 'Get Length' found both from a custom test library 'ArgumentParserKeywords' and a standard library 'BuiltIn'. The custom keyword is used. To select explicitly, and to get rid of this warning, use either 'ArgumentParserKeywords.Get Length' or 'BuiltIn.Get Length'.</msg>
<msg timestamp="20151113 12:08:03.928" level="WARN">Keyword 'Get Length' found both from a custom test library 'ArgumentParserKeywords' and a standard library 'BuiltIn'. The custom keyword is used. To select explicitly, and to get rid of this warning, use either 'ArgumentParserKeywords.Get Length' or 'BuiltIn.Get Length'.</msg>
<msg timestamp="20151113 12:08:04.052" level="WARN">Keyword 'Get Length' found both from a custom test library 'ArgumentParserKeywords' and a standard library 'BuiltIn'. The custom keyword is used. To select explicitly, and to get rid of this warning, use either 'ArgumentParserKeywords.Get Length' or 'BuiltIn.Get Length'.</msg>
<msg timestamp="20151113 12:08:04.158" level="WARN">Keyword 'Get Length' found both from a custom test library 'ArgumentParserKeywords' and a standard library 'BuiltIn'. The custom keyword is used. To select explicitly, and to get rid of this warning, use either 'ArgumentParserKeywords.Get Length' or 'BuiltIn.Get Length'.</msg>
<msg timestamp="20151113 12:08:04.259" level="WARN">Keyword 'Get Length' found both from a custom test library 'ArgumentParserKeywords' and a standard library 'BuiltIn'. The custom keyword is used. To select explicitly, and to get rid of this warning, use either 'ArgumentParserKeywords.Get Length' or 'BuiltIn.Get Length'.</msg>
<msg timestamp="20151113 12:08:03.527" level="WARN">Keyword 'Get Length' found both from a custom test library 'ArgumentParserKeywords' and a standard library 'BuiltIn'. The custom keyword is used. To select explicitly, and to get rid of this warning, use either 'ArgumentParserKeywords.Get Length' or 'BuiltIn.Get Length'.</msg>
<msg timestamp="20151113 12:08:03.928" level="WARN">Keyword 'Get Length' found both from a custom test library 'ArgumentParserKeywords' and a standard library 'BuiltIn'. The custom keyword is used. To select explicitly, and to get rid of this warning, use either 'ArgumentParserKeywords.Get Length' or 'BuiltIn.Get Length'.</msg>
<msg timestamp="20151113 12:08:04.052" level="WARN">Keyword 'Get Length' found both from a custom test library 'ArgumentParserKeywords' and a standard library 'BuiltIn'. The custom keyword is used. To select explicitly, and to get rid of this warning, use either 'ArgumentParserKeywords.Get Length' or 'BuiltIn.Get Length'.</msg>
<msg timestamp="20151113 12:08:04.158" level="WARN">Keyword 'Get Length' found both from a custom test library 'ArgumentParserKeywords' and a standard library 'BuiltIn'. The custom keyword is used. To select explicitly, and to get rid of this warning, use either 'ArgumentParserKeywords.Get Length' or 'BuiltIn.Get Length'.</msg>
<msg timestamp="20151113 12:08:04.259" level="WARN">Keyword 'Get Length' found both from a custom test library 'ArgumentParserKeywords' and a standard library 'BuiltIn'. The custom keyword is used. To select explicitly, and to get rid of this warning, use either 'ArgumentParserKeywords.Get Length' or 'BuiltIn.Get Length'.</msg>
<msg timestamp="20151113 12:08:04.423" level="WARN">Keyword 'Get Length' found both from a custom test library 'ArgumentParserKeywords' and a standard library 'BuiltIn'. The custom keyword is used. To select explicitly, and to get rid of this warning, use either 'ArgumentParserKeywords.Get Length' or 'BuiltIn.Get Length'.</msg>
</errors>
</robot>
