<?xml version="1.0" encoding="UTF-8"?>
<robot generator="Robot 2.9 (Jython 2.7.0 on java1.7.0_65)" generated="20151117 16:32:57.795">
<suite source="/Users/katiewood/Documents/Software_Engineering/ArgParse_CS310/ArgumentParser/acceptance/ArgumentParserTests.txt" id="s1" name="ArgumentParserTests">
<test id="s1-t1" name="Test Volume Calculator Normal Function">
<kw library="ArgumentParserKeywords" name="Start Volume Calculator With Arguments">
<arguments>
<arg>7</arg>
<arg>5</arg>
<arg>2</arg>
</arguments>
<status status="PASS" starttime="20151117 16:32:58.538" endtime="20151117 16:32:58.556"></status>
</kw>
<kw library="ArgumentParserKeywords" name="Get Length">
<assign>
<var>${length}</var>
</assign>
<msg timestamp="20151117 16:32:58.560" level="WARN">Keyword 'Get Length' found both from a custom test library 'ArgumentParserKeywords' and a standard library 'BuiltIn'. The custom keyword is used. To select explicitly, and to get rid of this warning, use either 'ArgumentParserKeywords.Get Length' or 'BuiltIn.Get Length'.</msg>
<msg timestamp="20151117 16:32:58.572" level="INFO">${length} = 7</msg>
<status status="PASS" starttime="20151117 16:32:58.562" endtime="20151117 16:32:58.574"></status>
</kw>
<kw library="BuiltIn" name="Should Be Equal">
<doc>Fails if the given objects are unequal.</doc>
<arguments>
<arg>7</arg>
<arg>${length}</arg>
</arguments>
<status status="PASS" starttime="20151117 16:32:58.579" endtime="20151117 16:32:58.593"></status>
</kw>
<kw library="ArgumentParserKeywords" name="Get Width">
<assign>
<var>${width}</var>
</assign>
<msg timestamp="20151117 16:32:58.605" level="INFO">${width} = 5</msg>
<status status="PASS" starttime="20151117 16:32:58.598" endtime="20151117 16:32:58.608"></status>
</kw>
<kw library="BuiltIn" name="Should Be Equal">
<doc>Fails if the given objects are unequal.</doc>
<arguments>
<arg>5</arg>
<arg>${width}</arg>
</arguments>
<status status="PASS" starttime="20151117 16:32:58.612" endtime="20151117 16:32:58.624"></status>
</kw>
<kw library="ArgumentParserKeywords" name="Get Height">
<assign>
<var>${height}</var>
</assign>
<msg timestamp="20151117 16:32:58.631" level="INFO">${height} = 2</msg>
<status status="PASS" starttime="20151117 16:32:58.627" endtime="20151117 16:32:58.633"></status>
</kw>
<kw library="BuiltIn" name="Should Be Equal">
<doc>Fails if the given objects are unequal.</doc>
<arguments>
<arg>2</arg>
<arg>${height}</arg>
</arguments>
<status status="PASS" starttime="20151117 16:32:58.635" endtime="20151117 16:32:58.641"></status>
</kw>
<kw library="ArgumentParserKeywords" name="Get Program Output">
<assign>
<var>${output}</var>
</assign>
<msg timestamp="20151117 16:32:58.650" level="INFO">${output} = 70.0</msg>
<status status="PASS" starttime="20151117 16:32:58.644" endtime="20151117 16:32:58.651"></status>
</kw>
<kw library="BuiltIn" name="Should Be Equal">
<doc>Fails if the given objects are unequal.</doc>
<arguments>
<arg>${output}</arg>
<arg>70.0</arg>
</arguments>
<status status="PASS" starttime="20151117 16:32:58.655" endtime="20151117 16:32:58.662"></status>
</kw>
<status status="PASS" starttime="20151117 16:32:58.527" endtime="20151117 16:32:58.664" critical="yes"></status>
</test>
<test id="s1-t2" name="Test Unrecognized Argument">
<kw library="ArgumentParserKeywords" name="Start Volume Calculator With Arguments">
<arguments>
<arg>7</arg>
<arg>5</arg>
<arg>2</arg>
<arg>43</arg>
</arguments>
<status status="PASS" starttime="20151117 16:32:58.676" endtime="20151117 16:32:58.685"></status>
</kw>
<kw library="ArgumentParserKeywords" name="Get Program Output">
<assign>
<var>${output}</var>
</assign>
<msg timestamp="20151117 16:32:58.702" level="INFO">${output} = usage: java Volume Calculator length width height
Volume Calculator.java: error: unrecognized arguments: 43</msg>
<status status="PASS" starttime="20151117 16:32:58.691" endtime="20151117 16:32:58.704"></status>
</kw>
<kw library="BuiltIn" name="Should Be Equal">
<doc>Fails if the given objects are unequal.</doc>
<arguments>
<arg>${output}</arg>
<arg>${expected1}</arg>
</arguments>
<status status="PASS" starttime="20151117 16:32:58.709" endtime="20151117 16:32:58.718"></status>
</kw>
<status status="PASS" starttime="20151117 16:32:58.668" endtime="20151117 16:32:58.722" critical="yes"></status>
</test>
<test id="s1-t3" name="Test Absurd Program Normal Function">
<kw library="ArgumentParserKeywords" name="Start Absurd Program With Arguments">
<arguments>
<arg>dog</arg>
<arg>2</arg>
<arg>true</arg>
<arg>3.5</arg>
</arguments>
<status status="PASS" starttime="20151117 16:32:58.736" endtime="20151117 16:32:58.746"></status>
</kw>
<kw library="ArgumentParserKeywords" name="Getpet">
<assign>
<var>${pet}</var>
</assign>
<msg timestamp="20151117 16:32:58.759" level="INFO">${pet} = dog</msg>
<status status="PASS" starttime="20151117 16:32:58.752" endtime="20151117 16:32:58.762"></status>
</kw>
<kw library="BuiltIn" name="Should Be Equal">
<doc>Fails if the given objects are unequal.</doc>
<arguments>
<arg>dog</arg>
<arg>${pet}</arg>
</arguments>
<status status="PASS" starttime="20151117 16:32:58.767" endtime="20151117 16:32:58.778"></status>
</kw>
<kw library="ArgumentParserKeywords" name="Get Number">
<assign>
<var>${number}</var>
</assign>
<msg timestamp="20151117 16:32:58.787" level="INFO">${number} = 2</msg>
<status status="PASS" starttime="20151117 16:32:58.781" endtime="20151117 16:32:58.789"></status>
</kw>
<kw library="BuiltIn" name="Should Be Equal">
<doc>Fails if the given objects are unequal.</doc>
<arguments>
<arg>2</arg>
<arg>${number}</arg>
</arguments>
<status status="PASS" starttime="20151117 16:32:58.793" endtime="20151117 16:32:58.803"></status>
</kw>
<kw library="ArgumentParserKeywords" name="Get Rainy">
<assign>
<var>${rainy}</var>
</assign>
<msg timestamp="20151117 16:32:58.814" level="INFO">${rainy} = true</msg>
<status status="PASS" starttime="20151117 16:32:58.808" endtime="20151117 16:32:58.815"></status>
</kw>
<kw library="BuiltIn" name="Should Be Equal">
<doc>Fails if the given objects are unequal.</doc>
<arguments>
<arg>true</arg>
<arg>${rainy}</arg>
</arguments>
<status status="PASS" starttime="20151117 16:32:58.820" endtime="20151117 16:32:58.830"></status>
</kw>
<kw library="ArgumentParserKeywords" name="Get Bathrooms">
<assign>
<var>${bathrooms}</var>
</assign>
<msg timestamp="20151117 16:32:58.841" level="INFO">${bathrooms} = 3.5</msg>
<status status="PASS" starttime="20151117 16:32:58.834" endtime="20151117 16:32:58.843"></status>
</kw>
<kw library="BuiltIn" name="Should Be Equal">
<doc>Fails if the given objects are unequal.</doc>
<arguments>
<arg>3.5</arg>
<arg>${bathrooms}</arg>
</arguments>
<status status="PASS" starttime="20151117 16:32:58.847" endtime="20151117 16:32:58.857"></status>
</kw>
<status status="PASS" starttime="20151117 16:32:58.726" endtime="20151117 16:32:58.860" critical="yes"></status>
</test>
<test id="s1-t4" name="Test Usage Message">
<kw library="ArgumentParserKeywords" name="Start Program With Arguments">
<arguments>
<arg>-h</arg>
</arguments>
<status status="PASS" starttime="20151117 16:32:58.875" endtime="20151117 16:32:58.882"></status>
</kw>
<kw library="ArgumentParserKeywords" name="Get Program Output">
<assign>
<var>${output}</var>
</assign>
<msg timestamp="20151117 16:32:58.894" level="INFO">${output} = usage: java Volume Calculator [length] [width] [height] [help] 
Calculate the volume of a box.
positional arguments:
[length] the length of the box (float)
[width] the width of the box (float)
[height...</msg>
<status status="PASS" starttime="20151117 16:32:58.886" endtime="20151117 16:32:58.896"></status>
</kw>
<kw library="BuiltIn" name="Should Be Equal">
<doc>Fails if the given objects are unequal.</doc>
<arguments>
<arg>${expected2}</arg>
<arg>${output}</arg>
</arguments>
<status status="PASS" starttime="20151117 16:32:58.901" endtime="20151117 16:32:58.914"></status>
</kw>
<status status="PASS" starttime="20151117 16:32:58.864" endtime="20151117 16:32:58.922" critical="yes"></status>
</test>
<test id="s1-t5" name="Test Incorrect Datatype Message">
<kw library="ArgumentParserKeywords" name="Start Program With Arguments">
<arguments>
<arg>7</arg>
<arg>something</arg>
<arg>2</arg>
</arguments>
<status status="PASS" starttime="20151117 16:32:58.941" endtime="20151117 16:32:58.960"></status>
</kw>
<kw library="ArgumentParserKeywords" name="Get Program Output">
<assign>
<var>${output}</var>
</assign>
<msg timestamp="20151117 16:32:58.976" level="INFO">${output} = usage: java Volume Calculator length width height
Volume Calculator.java: error: argument width: invalid float value: something</msg>
<status status="PASS" starttime="20151117 16:32:58.967" endtime="20151117 16:32:58.978"></status>
</kw>
<kw library="BuiltIn" name="Should Be Equal">
<doc>Fails if the given objects are unequal.</doc>
<arguments>
<arg>${output}</arg>
<arg>${expected3}</arg>
</arguments>
<status status="PASS" starttime="20151117 16:32:58.982" endtime="20151117 16:32:58.994"></status>
</kw>
<status status="PASS" starttime="20151117 16:32:58.928" endtime="20151117 16:32:58.999" critical="yes"></status>
</test>
<test id="s1-t6" name="Test Named Argument Defaults">
<kw library="ArgumentParserKeywords" name="Start Volume Calculator With Arguments">
<arguments>
<arg>7</arg>
<arg>3</arg>
<arg>2</arg>
</arguments>
<status status="PASS" starttime="20151117 16:32:59.022" endtime="20151117 16:32:59.031"></status>
</kw>
<kw library="ArgumentParserKeywords" name="Get Length">
<assign>
<var>${length}</var>
</assign>
<msg timestamp="20151117 16:32:58.560" level="WARN">Keyword 'Get Length' found both from a custom test library 'ArgumentParserKeywords' and a standard library 'BuiltIn'. The custom keyword is used. To select explicitly, and to get rid of this warning, use either 'ArgumentParserKeywords.Get Length' or 'BuiltIn.Get Length'.</msg>
<msg timestamp="20151117 16:32:59.035" level="WARN">Keyword 'Get Length' found both from a custom test library 'ArgumentParserKeywords' and a standard library 'BuiltIn'. The custom keyword is used. To select explicitly, and to get rid of this warning, use either 'ArgumentParserKeywords.Get Length' or 'BuiltIn.Get Length'.</msg>
<msg timestamp="20151117 16:32:59.049" level="INFO">${length} = 7</msg>
<status status="PASS" starttime="20151117 16:32:59.036" endtime="20151117 16:32:59.053"></status>
</kw>
<kw library="BuiltIn" name="Should Be Equal">
<doc>Fails if the given objects are unequal.</doc>
<arguments>
<arg>7</arg>
<arg>${length}</arg>
</arguments>
<status status="PASS" starttime="20151117 16:32:59.059" endtime="20151117 16:32:59.077"></status>
</kw>
<kw library="ArgumentParserKeywords" name="Get Width">
<assign>
<var>${width}</var>
</assign>
<msg timestamp="20151117 16:32:59.089" level="INFO">${width} = 3</msg>
<status status="PASS" starttime="20151117 16:32:59.081" endtime="20151117 16:32:59.091"></status>
</kw>
<kw library="BuiltIn" name="Should Be Equal">
<doc>Fails if the given objects are unequal.</doc>
<arguments>
<arg>3</arg>
<arg>${width}</arg>
</arguments>
<status status="PASS" starttime="20151117 16:32:59.098" endtime="20151117 16:32:59.110"></status>
</kw>
<kw library="ArgumentParserKeywords" name="Get Height">
<assign>
<var>${height}</var>
</assign>
<msg timestamp="20151117 16:32:59.123" level="INFO">${height} = 2</msg>
<status status="PASS" starttime="20151117 16:32:59.115" endtime="20151117 16:32:59.125"></status>
</kw>
<kw library="BuiltIn" name="Should Be Equal">
<doc>Fails if the given objects are unequal.</doc>
<arguments>
<arg>2</arg>
<arg>${height}</arg>
</arguments>
<status status="PASS" starttime="20151117 16:32:59.129" endtime="20151117 16:32:59.141"></status>
</kw>
<kw library="ArgumentParserKeywords" name="Get Type">
<assign>
<var>${type}</var>
</assign>
<msg timestamp="20151117 16:32:59.152" level="INFO">${type} = box</msg>
<status status="PASS" starttime="20151117 16:32:59.146" endtime="20151117 16:32:59.153"></status>
</kw>
<kw library="BuiltIn" name="Should Be Equal">
<doc>Fails if the given objects are unequal.</doc>
<arguments>
<arg>box</arg>
<arg>${type}</arg>
</arguments>
<status status="PASS" starttime="20151117 16:32:59.157" endtime="20151117 16:32:59.164"></status>
</kw>
<kw library="ArgumentParserKeywords" name="Get Digits">
<assign>
<var>${digits}</var>
</assign>
<msg timestamp="20151117 16:32:59.174" level="INFO">${digits} = 4</msg>
<status status="PASS" starttime="20151117 16:32:59.168" endtime="20151117 16:32:59.176"></status>
</kw>
<kw library="BuiltIn" name="Should Be Equal">
<doc>Fails if the given objects are unequal.</doc>
<arguments>
<arg>4</arg>
<arg>${digits}</arg>
</arguments>
<status status="PASS" starttime="20151117 16:32:59.181" endtime="20151117 16:32:59.191"></status>
</kw>
<status status="PASS" starttime="20151117 16:32:59.007" endtime="20151117 16:32:59.194" critical="yes"></status>
</test>
<test id="s1-t7" name="Test Named Argument Single">
<kw library="ArgumentParserKeywords" name="Start Volume Calculator With Arguments">
<arguments>
<arg>7</arg>
<arg>3</arg>
<arg>2</arg>
<arg>--type</arg>
<arg>ellipsoid</arg>
</arguments>
<status status="PASS" starttime="20151117 16:32:59.210" endtime="20151117 16:32:59.218"></status>
</kw>
<kw library="ArgumentParserKeywords" name="Get Length">
<assign>
<var>${length}</var>
</assign>
<msg timestamp="20151117 16:32:58.560" level="WARN">Keyword 'Get Length' found both from a custom test library 'ArgumentParserKeywords' and a standard library 'BuiltIn'. The custom keyword is used. To select explicitly, and to get rid of this warning, use either 'ArgumentParserKeywords.Get Length' or 'BuiltIn.Get Length'.</msg>
<msg timestamp="20151117 16:32:59.035" level="WARN">Keyword 'Get Length' found both from a custom test library 'ArgumentParserKeywords' and a standard library 'BuiltIn'. The custom keyword is used. To select explicitly, and to get rid of this warning, use either 'ArgumentParserKeywords.Get Length' or 'BuiltIn.Get Length'.</msg>
<msg timestamp="20151117 16:32:59.221" level="WARN">Keyword 'Get Length' found both from a custom test library 'ArgumentParserKeywords' and a standard library 'BuiltIn'. The custom keyword is used. To select explicitly, and to get rid of this warning, use either 'ArgumentParserKeywords.Get Length' or 'BuiltIn.Get Length'.</msg>
<msg timestamp="20151117 16:32:59.234" level="INFO">${length} = 7</msg>
<status status="PASS" starttime="20151117 16:32:59.222" endtime="20151117 16:32:59.235"></status>
</kw>
<kw library="BuiltIn" name="Should Be Equal">
<doc>Fails if the given objects are unequal.</doc>
<arguments>
<arg>7</arg>
<arg>${length}</arg>
</arguments>
<status status="PASS" starttime="20151117 16:32:59.239" endtime="20151117 16:32:59.249"></status>
</kw>
<kw library="ArgumentParserKeywords" name="Get Width">
<assign>
<var>${width}</var>
</assign>
<msg timestamp="20151117 16:32:59.261" level="INFO">${width} = 3</msg>
<status status="PASS" starttime="20151117 16:32:59.254" endtime="20151117 16:32:59.262"></status>
</kw>
<kw library="BuiltIn" name="Should Be Equal">
<doc>Fails if the given objects are unequal.</doc>
<arguments>
<arg>3</arg>
<arg>${width}</arg>
</arguments>
<status status="PASS" starttime="20151117 16:32:59.267" endtime="20151117 16:32:59.275"></status>
</kw>
<kw library="ArgumentParserKeywords" name="Get Height">
<assign>
<var>${height}</var>
</assign>
<msg timestamp="20151117 16:32:59.283" level="INFO">${height} = 2</msg>
<status status="PASS" starttime="20151117 16:32:59.278" endtime="20151117 16:32:59.284"></status>
</kw>
<kw library="BuiltIn" name="Should Be Equal">
<doc>Fails if the given objects are unequal.</doc>
<arguments>
<arg>2</arg>
<arg>${height}</arg>
</arguments>
<status status="PASS" starttime="20151117 16:32:59.286" endtime="20151117 16:32:59.294"></status>
</kw>
<kw library="ArgumentParserKeywords" name="Get Type">
<assign>
<var>${type}</var>
</assign>
<msg timestamp="20151117 16:32:59.302" level="INFO">${type} = ellipsoid</msg>
<status status="PASS" starttime="20151117 16:32:59.297" endtime="20151117 16:32:59.303"></status>
</kw>
<kw library="BuiltIn" name="Should Be Equal">
<doc>Fails if the given objects are unequal.</doc>
<arguments>
<arg>ellipsoid</arg>
<arg>${type}</arg>
</arguments>
<status status="PASS" starttime="20151117 16:32:59.308" endtime="20151117 16:32:59.319"></status>
</kw>
<kw library="ArgumentParserKeywords" name="Get Digits">
<assign>
<var>${digits}</var>
</assign>
<msg timestamp="20151117 16:32:59.329" level="INFO">${digits} = 4</msg>
<status status="PASS" starttime="20151117 16:32:59.323" endtime="20151117 16:32:59.331"></status>
</kw>
<kw library="BuiltIn" name="Should Be Equal">
<doc>Fails if the given objects are unequal.</doc>
<arguments>
<arg>4</arg>
<arg>${digits}</arg>
</arguments>
<status status="PASS" starttime="20151117 16:32:59.334" endtime="20151117 16:32:59.343"></status>
</kw>
<status status="PASS" starttime="20151117 16:32:59.197" endtime="20151117 16:32:59.345" critical="yes"></status>
</test>
<test id="s1-t8" name="Test Named Argument Multiple">
<kw library="ArgumentParserKeywords" name="Start Volume Calculator With Arguments">
<arguments>
<arg>7</arg>
<arg>3</arg>
<arg>2</arg>
<arg>--type</arg>
<arg>ellipsoid</arg>
<arg>--digits</arg>
<arg>1</arg>
</arguments>
<status status="PASS" starttime="20151117 16:32:59.357" endtime="20151117 16:32:59.364"></status>
</kw>
<kw library="ArgumentParserKeywords" name="Get Length">
<assign>
<var>${length}</var>
</assign>
<msg timestamp="20151117 16:32:58.560" level="WARN">Keyword 'Get Length' found both from a custom test library 'ArgumentParserKeywords' and a standard library 'BuiltIn'. The custom keyword is used. To select explicitly, and to get rid of this warning, use either 'ArgumentParserKeywords.Get Length' or 'BuiltIn.Get Length'.</msg>
<msg timestamp="20151117 16:32:59.035" level="WARN">Keyword 'Get Length' found both from a custom test library 'ArgumentParserKeywords' and a standard library 'BuiltIn'. The custom keyword is used. To select explicitly, and to get rid of this warning, use either 'ArgumentParserKeywords.Get Length' or 'BuiltIn.Get Length'.</msg>
<msg timestamp="20151117 16:32:59.221" level="WARN">Keyword 'Get Length' found both from a custom test library 'ArgumentParserKeywords' and a standard library 'BuiltIn'. The custom keyword is used. To select explicitly, and to get rid of this warning, use either 'ArgumentParserKeywords.Get Length' or 'BuiltIn.Get Length'.</msg>
<msg timestamp="20151117 16:32:59.368" level="WARN">Keyword 'Get Length' found both from a custom test library 'ArgumentParserKeywords' and a standard library 'BuiltIn'. The custom keyword is used. To select explicitly, and to get rid of this warning, use either 'ArgumentParserKeywords.Get Length' or 'BuiltIn.Get Length'.</msg>
<msg timestamp="20151117 16:32:59.387" level="INFO">${length} = 7</msg>
<status status="PASS" starttime="20151117 16:32:59.369" endtime="20151117 16:32:59.388"></status>
</kw>
<kw library="BuiltIn" name="Should Be Equal">
<doc>Fails if the given objects are unequal.</doc>
<arguments>
<arg>7</arg>
<arg>${length}</arg>
</arguments>
<status status="PASS" starttime="20151117 16:32:59.392" endtime="20151117 16:32:59.400"></status>
</kw>
<kw library="ArgumentParserKeywords" name="Get Width">
<assign>
<var>${width}</var>
</assign>
<msg timestamp="20151117 16:32:59.408" level="INFO">${width} = 3</msg>
<status status="PASS" starttime="20151117 16:32:59.402" endtime="20151117 16:32:59.409"></status>
</kw>
<kw library="BuiltIn" name="Should Be Equal">
<doc>Fails if the given objects are unequal.</doc>
<arguments>
<arg>3</arg>
<arg>${width}</arg>
</arguments>
<status status="PASS" starttime="20151117 16:32:59.413" endtime="20151117 16:32:59.418"></status>
</kw>
<kw library="ArgumentParserKeywords" name="Get Height">
<assign>
<var>${height}</var>
</assign>
<msg timestamp="20151117 16:32:59.427" level="INFO">${height} = 2</msg>
<status status="PASS" starttime="20151117 16:32:59.421" endtime="20151117 16:32:59.429"></status>
</kw>
<kw library="BuiltIn" name="Should Be Equal">
<doc>Fails if the given objects are unequal.</doc>
<arguments>
<arg>2</arg>
<arg>${height}</arg>
</arguments>
<status status="PASS" starttime="20151117 16:32:59.431" endtime="20151117 16:32:59.437"></status>
</kw>
<kw library="ArgumentParserKeywords" name="Get Type">
<assign>
<var>${type}</var>
</assign>
<msg timestamp="20151117 16:32:59.446" level="INFO">${type} = ellipsoid</msg>
<status status="PASS" starttime="20151117 16:32:59.441" endtime="20151117 16:32:59.447"></status>
</kw>
<kw library="BuiltIn" name="Should Be Equal">
<doc>Fails if the given objects are unequal.</doc>
<arguments>
<arg>ellipsoid</arg>
<arg>${type}</arg>
</arguments>
<status status="PASS" starttime="20151117 16:32:59.450" endtime="20151117 16:32:59.460"></status>
</kw>
<kw library="ArgumentParserKeywords" name="Get Digits">
<assign>
<var>${digits}</var>
</assign>
<msg timestamp="20151117 16:32:59.467" level="INFO">${digits} = 1</msg>
<status status="PASS" starttime="20151117 16:32:59.464" endtime="20151117 16:32:59.469"></status>
</kw>
<kw library="BuiltIn" name="Should Be Equal">
<doc>Fails if the given objects are unequal.</doc>
<arguments>
<arg>1</arg>
<arg>${digits}</arg>
</arguments>
<status status="PASS" starttime="20151117 16:32:59.474" endtime="20151117 16:32:59.481"></status>
</kw>
<status status="PASS" starttime="20151117 16:32:59.348" endtime="20151117 16:32:59.484" critical="yes"></status>
</test>
<test id="s1-t9" name="Test Named Argument Anywhere">
<kw library="ArgumentParserKeywords" name="Start Volume Calculator With Arguments">
<arguments>
<arg>--type</arg>
<arg>ellipsoid</arg>
<arg>7</arg>
<arg>3</arg>
<arg>--digits</arg>
<arg>1</arg>
<arg>2</arg>
</arguments>
<status status="PASS" starttime="20151117 16:32:59.500" endtime="20151117 16:32:59.516"></status>
</kw>
<kw library="ArgumentParserKeywords" name="Get Length">
<assign>
<var>${length}</var>
</assign>
<msg timestamp="20151117 16:32:58.560" level="WARN">Keyword 'Get Length' found both from a custom test library 'ArgumentParserKeywords' and a standard library 'BuiltIn'. The custom keyword is used. To select explicitly, and to get rid of this warning, use either 'ArgumentParserKeywords.Get Length' or 'BuiltIn.Get Length'.</msg>
<msg timestamp="20151117 16:32:59.035" level="WARN">Keyword 'Get Length' found both from a custom test library 'ArgumentParserKeywords' and a standard library 'BuiltIn'. The custom keyword is used. To select explicitly, and to get rid of this warning, use either 'ArgumentParserKeywords.Get Length' or 'BuiltIn.Get Length'.</msg>
<msg timestamp="20151117 16:32:59.221" level="WARN">Keyword 'Get Length' found both from a custom test library 'ArgumentParserKeywords' and a standard library 'BuiltIn'. The custom keyword is used. To select explicitly, and to get rid of this warning, use either 'ArgumentParserKeywords.Get Length' or 'BuiltIn.Get Length'.</msg>
<msg timestamp="20151117 16:32:59.368" level="WARN">Keyword 'Get Length' found both from a custom test library 'ArgumentParserKeywords' and a standard library 'BuiltIn'. The custom keyword is used. To select explicitly, and to get rid of this warning, use either 'ArgumentParserKeywords.Get Length' or 'BuiltIn.Get Length'.</msg>
<msg timestamp="20151117 16:32:59.519" level="WARN">Keyword 'Get Length' found both from a custom test library 'ArgumentParserKeywords' and a standard library 'BuiltIn'. The custom keyword is used. To select explicitly, and to get rid of this warning, use either 'ArgumentParserKeywords.Get Length' or 'BuiltIn.Get Length'.</msg>
<msg timestamp="20151117 16:32:59.541" level="INFO">${length} = 7</msg>
<status status="PASS" starttime="20151117 16:32:59.520" endtime="20151117 16:32:59.544"></status>
</kw>
<kw library="BuiltIn" name="Should Be Equal">
<doc>Fails if the given objects are unequal.</doc>
<arguments>
<arg>7</arg>
<arg>${length}</arg>
</arguments>
<status status="PASS" starttime="20151117 16:32:59.548" endtime="20151117 16:32:59.557"></status>
</kw>
<kw library="ArgumentParserKeywords" name="Get Width">
<assign>
<var>${width}</var>
</assign>
<msg timestamp="20151117 16:32:59.566" level="INFO">${width} = 3</msg>
<status status="PASS" starttime="20151117 16:32:59.561" endtime="20151117 16:32:59.567"></status>
</kw>
<kw library="BuiltIn" name="Should Be Equal">
<doc>Fails if the given objects are unequal.</doc>
<arguments>
<arg>3</arg>
<arg>${width}</arg>
</arguments>
<status status="PASS" starttime="20151117 16:32:59.571" endtime="20151117 16:32:59.583"></status>
</kw>
<kw library="ArgumentParserKeywords" name="Get Height">
<assign>
<var>${height}</var>
</assign>
<msg timestamp="20151117 16:32:59.592" level="INFO">${height} = 2</msg>
<status status="PASS" starttime="20151117 16:32:59.586" endtime="20151117 16:32:59.593"></status>
</kw>
<kw library="BuiltIn" name="Should Be Equal">
<doc>Fails if the given objects are unequal.</doc>
<arguments>
<arg>2</arg>
<arg>${height}</arg>
</arguments>
<status status="PASS" starttime="20151117 16:32:59.595" endtime="20151117 16:32:59.602"></status>
</kw>
<kw library="ArgumentParserKeywords" name="Get Type">
<assign>
<var>${type}</var>
</assign>
<msg timestamp="20151117 16:32:59.612" level="INFO">${type} = ellipsoid</msg>
<status status="PASS" starttime="20151117 16:32:59.606" endtime="20151117 16:32:59.613"></status>
</kw>
<kw library="BuiltIn" name="Should Be Equal">
<doc>Fails if the given objects are unequal.</doc>
<arguments>
<arg>ellipsoid</arg>
<arg>${type}</arg>
</arguments>
<status status="PASS" starttime="20151117 16:32:59.616" endtime="20151117 16:32:59.626"></status>
</kw>
<kw library="ArgumentParserKeywords" name="Get Digits">
<assign>
<var>${digits}</var>
</assign>
<msg timestamp="20151117 16:32:59.636" level="INFO">${digits} = 1</msg>
<status status="PASS" starttime="20151117 16:32:59.630" endtime="20151117 16:32:59.638"></status>
</kw>
<kw library="BuiltIn" name="Should Be Equal">
<doc>Fails if the given objects are unequal.</doc>
<arguments>
<arg>1</arg>
<arg>${digits}</arg>
</arguments>
<status status="PASS" starttime="20151117 16:32:59.643" endtime="20151117 16:32:59.652"></status>
</kw>
<status status="PASS" starttime="20151117 16:32:59.489" endtime="20151117 16:32:59.656" critical="yes"></status>
</test>
<test id="s1-t10" name="Test Help Flag">
<kw library="ArgumentParserKeywords" name="Start Program With Arguments">
<arguments>
<arg>7</arg>
<arg>--help</arg>
<arg>3</arg>
<arg>2</arg>
</arguments>
<status status="PASS" starttime="20151117 16:32:59.671" endtime="20151117 16:32:59.680"></status>
</kw>
<kw library="ArgumentParserKeywords" name="Get Program Output">
<assign>
<var>${output}</var>
</assign>
<msg timestamp="20151117 16:32:59.689" level="INFO">${output} = usage: java Volume Calculator [length] [width] [height] [help] 
Calculate the volume of a box.
positional arguments:
[length] the length of the box (float)
[width] the width of the box (float)
[height...</msg>
<status status="PASS" starttime="20151117 16:32:59.683" endtime="20151117 16:32:59.691"></status>
</kw>
<kw library="BuiltIn" name="Should Be Equal">
<doc>Fails if the given objects are unequal.</doc>
<arguments>
<arg>${expected4}</arg>
<arg>${output}</arg>
</arguments>
<status status="PASS" starttime="20151117 16:32:59.694" endtime="20151117 16:32:59.703"></status>
</kw>
<status status="PASS" starttime="20151117 16:32:59.662" endtime="20151117 16:32:59.707" critical="yes"></status>
</test>
<test id="s1-t11" name="Test Short Form Arguments">
<kw library="ArgumentParserKeywords" name="Start Volume Calculator With Arguments">
<arguments>
<arg>-t</arg>
<arg>ellipsoid</arg>
<arg>7</arg>
<arg>3</arg>
<arg>-d</arg>
<arg>1</arg>
<arg>2</arg>
</arguments>
<status status="PASS" starttime="20151117 16:32:59.721" endtime="20151117 16:32:59.732"></status>
</kw>
<kw library="ArgumentParserKeywords" name="Get Length">
<assign>
<var>${length}</var>
</assign>
<msg timestamp="20151117 16:32:58.560" level="WARN">Keyword 'Get Length' found both from a custom test library 'ArgumentParserKeywords' and a standard library 'BuiltIn'. The custom keyword is used. To select explicitly, and to get rid of this warning, use either 'ArgumentParserKeywords.Get Length' or 'BuiltIn.Get Length'.</msg>
<msg timestamp="20151117 16:32:59.035" level="WARN">Keyword 'Get Length' found both from a custom test library 'ArgumentParserKeywords' and a standard library 'BuiltIn'. The custom keyword is used. To select explicitly, and to get rid of this warning, use either 'ArgumentParserKeywords.Get Length' or 'BuiltIn.Get Length'.</msg>
<msg timestamp="20151117 16:32:59.221" level="WARN">Keyword 'Get Length' found both from a custom test library 'ArgumentParserKeywords' and a standard library 'BuiltIn'. The custom keyword is used. To select explicitly, and to get rid of this warning, use either 'ArgumentParserKeywords.Get Length' or 'BuiltIn.Get Length'.</msg>
<msg timestamp="20151117 16:32:59.368" level="WARN">Keyword 'Get Length' found both from a custom test library 'ArgumentParserKeywords' and a standard library 'BuiltIn'. The custom keyword is used. To select explicitly, and to get rid of this warning, use either 'ArgumentParserKeywords.Get Length' or 'BuiltIn.Get Length'.</msg>
<msg timestamp="20151117 16:32:59.519" level="WARN">Keyword 'Get Length' found both from a custom test library 'ArgumentParserKeywords' and a standard library 'BuiltIn'. The custom keyword is used. To select explicitly, and to get rid of this warning, use either 'ArgumentParserKeywords.Get Length' or 'BuiltIn.Get Length'.</msg>
<msg timestamp="20151117 16:32:59.736" level="WARN">Keyword 'Get Length' found both from a custom test library 'ArgumentParserKeywords' and a standard library 'BuiltIn'. The custom keyword is used. To select explicitly, and to get rid of this warning, use either 'ArgumentParserKeywords.Get Length' or 'BuiltIn.Get Length'.</msg>
<msg timestamp="20151117 16:32:59.762" level="INFO">${length} = 7</msg>
<status status="PASS" starttime="20151117 16:32:59.737" endtime="20151117 16:32:59.764"></status>
</kw>
<kw library="BuiltIn" name="Should Be Equal">
<doc>Fails if the given objects are unequal.</doc>
<arguments>
<arg>7</arg>
<arg>${length}</arg>
</arguments>
<status status="PASS" starttime="20151117 16:32:59.767" endtime="20151117 16:32:59.780"></status>
</kw>
<kw library="ArgumentParserKeywords" name="Get Width">
<assign>
<var>${width}</var>
</assign>
<msg timestamp="20151117 16:32:59.788" level="INFO">${width} = 3</msg>
<status status="PASS" starttime="20151117 16:32:59.784" endtime="20151117 16:32:59.789"></status>
</kw>
<kw library="BuiltIn" name="Should Be Equal">
<doc>Fails if the given objects are unequal.</doc>
<arguments>
<arg>3</arg>
<arg>${width}</arg>
</arguments>
<status status="PASS" starttime="20151117 16:32:59.792" endtime="20151117 16:32:59.799"></status>
</kw>
<kw library="ArgumentParserKeywords" name="Get Height">
<assign>
<var>${height}</var>
</assign>
<msg timestamp="20151117 16:32:59.807" level="INFO">${height} = 2</msg>
<status status="PASS" starttime="20151117 16:32:59.803" endtime="20151117 16:32:59.808"></status>
</kw>
<kw library="BuiltIn" name="Should Be Equal">
<doc>Fails if the given objects are unequal.</doc>
<arguments>
<arg>2</arg>
<arg>${height}</arg>
</arguments>
<status status="PASS" starttime="20151117 16:32:59.812" endtime="20151117 16:32:59.820"></status>
</kw>
<kw library="ArgumentParserKeywords" name="Get Type">
<assign>
<var>${type}</var>
</assign>
<msg timestamp="20151117 16:32:59.829" level="INFO">${type} = ellipsoid</msg>
<status status="PASS" starttime="20151117 16:32:59.824" endtime="20151117 16:32:59.830"></status>
</kw>
<kw library="BuiltIn" name="Should Be Equal">
<doc>Fails if the given objects are unequal.</doc>
<arguments>
<arg>ellipsoid</arg>
<arg>${type}</arg>
</arguments>
<status status="PASS" starttime="20151117 16:32:59.832" endtime="20151117 16:32:59.846"></status>
</kw>
<kw library="ArgumentParserKeywords" name="Get Digits">
<assign>
<var>${digits}</var>
</assign>
<msg timestamp="20151117 16:32:59.858" level="INFO">${digits} = 1</msg>
<status status="PASS" starttime="20151117 16:32:59.849" endtime="20151117 16:32:59.859"></status>
</kw>
<kw library="BuiltIn" name="Should Be Equal">
<doc>Fails if the given objects are unequal.</doc>
<arguments>
<arg>1</arg>
<arg>${digits}</arg>
</arguments>
<status status="PASS" starttime="20151117 16:32:59.864" endtime="20151117 16:32:59.871"></status>
</kw>
<status status="PASS" starttime="20151117 16:32:59.711" endtime="20151117 16:32:59.874" critical="yes"></status>
</test>
<status status="PASS" starttime="20151117 16:32:57.821" endtime="20151117 16:32:59.884"></status>
</suite>
<statistics>
<total>
<stat pass="11" fail="0">Critical Tests</stat>
<stat pass="11" fail="0">All Tests</stat>
</total>
<tag>
</tag>
<suite>
<stat pass="11" id="s1" fail="0" name="ArgumentParserTests">ArgumentParserTests</stat>
</suite>
</statistics>
<errors>
<msg timestamp="20151117 16:32:58.560" level="WARN">Keyword 'Get Length' found both from a custom test library 'ArgumentParserKeywords' and a standard library 'BuiltIn'. The custom keyword is used. To select explicitly, and to get rid of this warning, use either 'ArgumentParserKeywords.Get Length' or 'BuiltIn.Get Length'.</msg>
<msg timestamp="20151117 16:32:58.560" level="WARN">Keyword 'Get Length' found both from a custom test library 'ArgumentParserKeywords' and a standard library 'BuiltIn'. The custom keyword is used. To select explicitly, and to get rid of this warning, use either 'ArgumentParserKeywords.Get Length' or 'BuiltIn.Get Length'.</msg>
<msg timestamp="20151117 16:32:59.035" level="WARN">Keyword 'Get Length' found both from a custom test library 'ArgumentParserKeywords' and a standard library 'BuiltIn'. The custom keyword is used. To select explicitly, and to get rid of this warning, use either 'ArgumentParserKeywords.Get Length' or 'BuiltIn.Get Length'.</msg>
<msg timestamp="20151117 16:32:58.560" level="WARN">Keyword 'Get Length' found both from a custom test library 'ArgumentParserKeywords' and a standard library 'BuiltIn'. The custom keyword is used. To select explicitly, and to get rid of this warning, use either 'ArgumentParserKeywords.Get Length' or 'BuiltIn.Get Length'.</msg>
<msg timestamp="20151117 16:32:59.035" level="WARN">Keyword 'Get Length' found both from a custom test library 'ArgumentParserKeywords' and a standard library 'BuiltIn'. The custom keyword is used. To select explicitly, and to get rid of this warning, use either 'ArgumentParserKeywords.Get Length' or 'BuiltIn.Get Length'.</msg>
<msg timestamp="20151117 16:32:59.221" level="WARN">Keyword 'Get Length' found both from a custom test library 'ArgumentParserKeywords' and a standard library 'BuiltIn'. The custom keyword is used. To select explicitly, and to get rid of this warning, use either 'ArgumentParserKeywords.Get Length' or 'BuiltIn.Get Length'.</msg>
<msg timestamp="20151117 16:32:58.560" level="WARN">Keyword 'Get Length' found both from a custom test library 'ArgumentParserKeywords' and a standard library 'BuiltIn'. The custom keyword is used. To select explicitly, and to get rid of this warning, use either 'ArgumentParserKeywords.Get Length' or 'BuiltIn.Get Length'.</msg>
<msg timestamp="20151117 16:32:59.035" level="WARN">Keyword 'Get Length' found both from a custom test library 'ArgumentParserKeywords' and a standard library 'BuiltIn'. The custom keyword is used. To select explicitly, and to get rid of this warning, use either 'ArgumentParserKeywords.Get Length' or 'BuiltIn.Get Length'.</msg>
<msg timestamp="20151117 16:32:59.221" level="WARN">Keyword 'Get Length' found both from a custom test library 'ArgumentParserKeywords' and a standard library 'BuiltIn'. The custom keyword is used. To select explicitly, and to get rid of this warning, use either 'ArgumentParserKeywords.Get Length' or 'BuiltIn.Get Length'.</msg>
<msg timestamp="20151117 16:32:59.368" level="WARN">Keyword 'Get Length' found both from a custom test library 'ArgumentParserKeywords' and a standard library 'BuiltIn'. The custom keyword is used. To select explicitly, and to get rid of this warning, use either 'ArgumentParserKeywords.Get Length' or 'BuiltIn.Get Length'.</msg>
<msg timestamp="20151117 16:32:58.560" level="WARN">Keyword 'Get Length' found both from a custom test library 'ArgumentParserKeywords' and a standard library 'BuiltIn'. The custom keyword is used. To select explicitly, and to get rid of this warning, use either 'ArgumentParserKeywords.Get Length' or 'BuiltIn.Get Length'.</msg>
<msg timestamp="20151117 16:32:59.035" level="WARN">Keyword 'Get Length' found both from a custom test library 'ArgumentParserKeywords' and a standard library 'BuiltIn'. The custom keyword is used. To select explicitly, and to get rid of this warning, use either 'ArgumentParserKeywords.Get Length' or 'BuiltIn.Get Length'.</msg>
<msg timestamp="20151117 16:32:59.221" level="WARN">Keyword 'Get Length' found both from a custom test library 'ArgumentParserKeywords' and a standard library 'BuiltIn'. The custom keyword is used. To select explicitly, and to get rid of this warning, use either 'ArgumentParserKeywords.Get Length' or 'BuiltIn.Get Length'.</msg>
<msg timestamp="20151117 16:32:59.368" level="WARN">Keyword 'Get Length' found both from a custom test library 'ArgumentParserKeywords' and a standard library 'BuiltIn'. The custom keyword is used. To select explicitly, and to get rid of this warning, use either 'ArgumentParserKeywords.Get Length' or 'BuiltIn.Get Length'.</msg>
<msg timestamp="20151117 16:32:59.519" level="WARN">Keyword 'Get Length' found both from a custom test library 'ArgumentParserKeywords' and a standard library 'BuiltIn'. The custom keyword is used. To select explicitly, and to get rid of this warning, use either 'ArgumentParserKeywords.Get Length' or 'BuiltIn.Get Length'.</msg>
<msg timestamp="20151117 16:32:58.560" level="WARN">Keyword 'Get Length' found both from a custom test library 'ArgumentParserKeywords' and a standard library 'BuiltIn'. The custom keyword is used. To select explicitly, and to get rid of this warning, use either 'ArgumentParserKeywords.Get Length' or 'BuiltIn.Get Length'.</msg>
<msg timestamp="20151117 16:32:59.035" level="WARN">Keyword 'Get Length' found both from a custom test library 'ArgumentParserKeywords' and a standard library 'BuiltIn'. The custom keyword is used. To select explicitly, and to get rid of this warning, use either 'ArgumentParserKeywords.Get Length' or 'BuiltIn.Get Length'.</msg>
<msg timestamp="20151117 16:32:59.221" level="WARN">Keyword 'Get Length' found both from a custom test library 'ArgumentParserKeywords' and a standard library 'BuiltIn'. The custom keyword is used. To select explicitly, and to get rid of this warning, use either 'ArgumentParserKeywords.Get Length' or 'BuiltIn.Get Length'.</msg>
<msg timestamp="20151117 16:32:59.368" level="WARN">Keyword 'Get Length' found both from a custom test library 'ArgumentParserKeywords' and a standard library 'BuiltIn'. The custom keyword is used. To select explicitly, and to get rid of this warning, use either 'ArgumentParserKeywords.Get Length' or 'BuiltIn.Get Length'.</msg>
<msg timestamp="20151117 16:32:59.519" level="WARN">Keyword 'Get Length' found both from a custom test library 'ArgumentParserKeywords' and a standard library 'BuiltIn'. The custom keyword is used. To select explicitly, and to get rid of this warning, use either 'ArgumentParserKeywords.Get Length' or 'BuiltIn.Get Length'.</msg>
<msg timestamp="20151117 16:32:59.736" level="WARN">Keyword 'Get Length' found both from a custom test library 'ArgumentParserKeywords' and a standard library 'BuiltIn'. The custom keyword is used. To select explicitly, and to get rid of this warning, use either 'ArgumentParserKeywords.Get Length' or 'BuiltIn.Get Length'.</msg>
</errors>
</robot>
