<?xml version="1.0" encoding="UTF-8"?>
<robot generator="Robot 2.9 (Jython 2.7.0 on java1.7.0_65)" generated="20151112 21:25:39.635">
<suite source="/Users/katiewood/Documents/Software_Engineering/ArgParse_CS310/ArgumentParser/acceptance/ArgumentParserTests.txt" id="s1" name="ArgumentParserTests">
<test id="s1-t1" name="Test Volume Calculator Normal Function">
<kw library="ArgumentParserKeywords" name="Start Volume Calculator With Arguments">
<arguments>
<arg>7</arg>
<arg>5</arg>
<arg>2</arg>
</arguments>
<status status="PASS" starttime="20151112 21:25:40.528" endtime="20151112 21:25:40.549"></status>
</kw>
<kw library="ArgumentParserKeywords" name="Get Length">
<assign>
<var>${length}</var>
</assign>
<msg timestamp="20151112 21:25:40.554" level="WARN">Keyword 'Get Length' found both from a custom test library 'ArgumentParserKeywords' and a standard library 'BuiltIn'. The custom keyword is used. To select explicitly, and to get rid of this warning, use either 'ArgumentParserKeywords.Get Length' or 'BuiltIn.Get Length'.</msg>
<msg timestamp="20151112 21:25:40.567" level="INFO">${length} = 7</msg>
<status status="PASS" starttime="20151112 21:25:40.555" endtime="20151112 21:25:40.569"></status>
</kw>
<kw library="BuiltIn" name="Should Be Equal">
<doc>Fails if the given objects are unequal.</doc>
<arguments>
<arg>7</arg>
<arg>${length}</arg>
</arguments>
<status status="PASS" starttime="20151112 21:25:40.573" endtime="20151112 21:25:40.584"></status>
</kw>
<kw library="ArgumentParserKeywords" name="Get Width">
<assign>
<var>${width}</var>
</assign>
<msg timestamp="20151112 21:25:40.595" level="INFO">${width} = 5</msg>
<status status="PASS" starttime="20151112 21:25:40.589" endtime="20151112 21:25:40.596"></status>
</kw>
<kw library="BuiltIn" name="Should Be Equal">
<doc>Fails if the given objects are unequal.</doc>
<arguments>
<arg>5</arg>
<arg>${width}</arg>
</arguments>
<status status="PASS" starttime="20151112 21:25:40.600" endtime="20151112 21:25:40.609"></status>
</kw>
<kw library="ArgumentParserKeywords" name="Get Height">
<assign>
<var>${height}</var>
</assign>
<msg timestamp="20151112 21:25:40.617" level="INFO">${height} = 2</msg>
<status status="PASS" starttime="20151112 21:25:40.612" endtime="20151112 21:25:40.618"></status>
</kw>
<kw library="BuiltIn" name="Should Be Equal">
<doc>Fails if the given objects are unequal.</doc>
<arguments>
<arg>2</arg>
<arg>${height}</arg>
</arguments>
<status status="PASS" starttime="20151112 21:25:40.622" endtime="20151112 21:25:40.628"></status>
</kw>
<kw library="ArgumentParserKeywords" name="Get Program Output">
<assign>
<var>${output}</var>
</assign>
<msg timestamp="20151112 21:25:40.636" level="INFO">${output} = 70.0</msg>
<status status="PASS" starttime="20151112 21:25:40.631" endtime="20151112 21:25:40.637"></status>
</kw>
<kw library="BuiltIn" name="Should Be Equal">
<doc>Fails if the given objects are unequal.</doc>
<arguments>
<arg>${output}</arg>
<arg>70.0</arg>
</arguments>
<status status="PASS" starttime="20151112 21:25:40.643" endtime="20151112 21:25:40.650"></status>
</kw>
<status status="PASS" starttime="20151112 21:25:40.518" endtime="20151112 21:25:40.652" critical="yes"></status>
</test>
<test id="s1-t2" name="Test Unrecognized Argument">
<kw library="ArgumentParserKeywords" name="Start Volume Calculator With Arguments">
<arguments>
<arg>7</arg>
<arg>5</arg>
<arg>2</arg>
<arg>43</arg>
</arguments>
<status status="PASS" starttime="20151112 21:25:40.661" endtime="20151112 21:25:40.668"></status>
</kw>
<kw library="ArgumentParserKeywords" name="Get Program Output">
<assign>
<var>${output}</var>
</assign>
<msg timestamp="20151112 21:25:40.676" level="INFO">${output} = usage: java Volume Calculator length width height
Volume Calculator.java: error: unrecognized arguments: 43</msg>
<status status="PASS" starttime="20151112 21:25:40.670" endtime="20151112 21:25:40.677"></status>
</kw>
<kw library="BuiltIn" name="Should Be Equal">
<doc>Fails if the given objects are unequal.</doc>
<arguments>
<arg>${output}</arg>
<arg>${expected1}</arg>
</arguments>
<status status="PASS" starttime="20151112 21:25:40.680" endtime="20151112 21:25:40.686"></status>
</kw>
<status status="PASS" starttime="20151112 21:25:40.655" endtime="20151112 21:25:40.689" critical="yes"></status>
</test>
<test id="s1-t3" name="Test Absurd Program Normal Function">
<kw library="ArgumentParserKeywords" name="Start Absurd Program With Arguments">
<arguments>
<arg>dog</arg>
<arg>2</arg>
<arg>true</arg>
<arg>3.5</arg>
</arguments>
<status status="PASS" starttime="20151112 21:25:40.703" endtime="20151112 21:25:40.710"></status>
</kw>
<kw library="ArgumentParserKeywords" name="Getpet">
<assign>
<var>${pet}</var>
</assign>
<msg timestamp="20151112 21:25:40.721" level="INFO">${pet} = dog</msg>
<status status="PASS" starttime="20151112 21:25:40.714" endtime="20151112 21:25:40.722"></status>
</kw>
<kw library="BuiltIn" name="Should Be Equal">
<doc>Fails if the given objects are unequal.</doc>
<arguments>
<arg>dog</arg>
<arg>${pet}</arg>
</arguments>
<status status="PASS" starttime="20151112 21:25:40.725" endtime="20151112 21:25:40.734"></status>
</kw>
<kw library="ArgumentParserKeywords" name="Get Number">
<assign>
<var>${number}</var>
</assign>
<msg timestamp="20151112 21:25:40.742" level="INFO">${number} = 2</msg>
<status status="PASS" starttime="20151112 21:25:40.737" endtime="20151112 21:25:40.743"></status>
</kw>
<kw library="BuiltIn" name="Should Be Equal">
<doc>Fails if the given objects are unequal.</doc>
<arguments>
<arg>2</arg>
<arg>${number}</arg>
</arguments>
<status status="PASS" starttime="20151112 21:25:40.745" endtime="20151112 21:25:40.752"></status>
</kw>
<kw library="ArgumentParserKeywords" name="Get Rainy">
<assign>
<var>${rainy}</var>
</assign>
<msg timestamp="20151112 21:25:40.760" level="INFO">${rainy} = true</msg>
<status status="PASS" starttime="20151112 21:25:40.755" endtime="20151112 21:25:40.761"></status>
</kw>
<kw library="BuiltIn" name="Should Be Equal">
<doc>Fails if the given objects are unequal.</doc>
<arguments>
<arg>true</arg>
<arg>${rainy}</arg>
</arguments>
<status status="PASS" starttime="20151112 21:25:40.765" endtime="20151112 21:25:40.773"></status>
</kw>
<kw library="ArgumentParserKeywords" name="Get Bathrooms">
<assign>
<var>${bathrooms}</var>
</assign>
<msg timestamp="20151112 21:25:40.780" level="INFO">${bathrooms} = 3.5</msg>
<status status="PASS" starttime="20151112 21:25:40.776" endtime="20151112 21:25:40.781"></status>
</kw>
<kw library="BuiltIn" name="Should Be Equal">
<doc>Fails if the given objects are unequal.</doc>
<arguments>
<arg>3.5</arg>
<arg>${bathrooms}</arg>
</arguments>
<status status="PASS" starttime="20151112 21:25:40.784" endtime="20151112 21:25:40.791"></status>
</kw>
<status status="PASS" starttime="20151112 21:25:40.692" endtime="20151112 21:25:40.794" critical="yes"></status>
</test>
<test id="s1-t4" name="Test Usage Message">
<kw library="ArgumentParserKeywords" name="Start Program With Arguments">
<arguments>
<arg>-h</arg>
</arguments>
<status status="PASS" starttime="20151112 21:25:40.807" endtime="20151112 21:25:40.813"></status>
</kw>
<kw library="ArgumentParserKeywords" name="Get Program Output">
<assign>
<var>${output}</var>
</assign>
<msg timestamp="20151112 21:25:40.820" level="INFO">${output} = usage: java Volume Calculator [length] [width] [height] [help] 
Calculate the volume of a box.
positional arguments:
[length] the length of the box (float)
[width] the width of the box (float)
[height...</msg>
<status status="PASS" starttime="20151112 21:25:40.815" endtime="20151112 21:25:40.821"></status>
</kw>
<kw library="BuiltIn" name="Should Be Equal">
<doc>Fails if the given objects are unequal.</doc>
<arguments>
<arg>${expected2}</arg>
<arg>${output}</arg>
</arguments>
<status status="PASS" starttime="20151112 21:25:40.823" endtime="20151112 21:25:40.832"></status>
</kw>
<status status="PASS" starttime="20151112 21:25:40.798" endtime="20151112 21:25:40.835" critical="yes"></status>
</test>
<test id="s1-t5" name="Test Incorrect Datatype Message">
<kw library="ArgumentParserKeywords" name="Start Program With Arguments">
<arguments>
<arg>7</arg>
<arg>something</arg>
<arg>2</arg>
</arguments>
<status status="PASS" starttime="20151112 21:25:40.850" endtime="20151112 21:25:40.863"></status>
</kw>
<kw library="ArgumentParserKeywords" name="Get Program Output">
<assign>
<var>${output}</var>
</assign>
<msg timestamp="20151112 21:25:40.870" level="INFO">${output} = usage: java Volume Calculator length width height
Volume Calculator.java: error: argument width: invalid float value: something</msg>
<status status="PASS" starttime="20151112 21:25:40.866" endtime="20151112 21:25:40.871"></status>
</kw>
<kw library="BuiltIn" name="Should Be Equal">
<doc>Fails if the given objects are unequal.</doc>
<arguments>
<arg>${output}</arg>
<arg>${expected3}</arg>
</arguments>
<status status="PASS" starttime="20151112 21:25:40.873" endtime="20151112 21:25:40.881"></status>
</kw>
<status status="PASS" starttime="20151112 21:25:40.839" endtime="20151112 21:25:40.885" critical="yes"></status>
</test>
<test id="s1-t6" name="Test Named Argument Defaults">
<kw library="ArgumentParserKeywords" name="Start Volume Calculator With Arguments">
<arguments>
<arg>7</arg>
<arg>3</arg>
<arg>2</arg>
</arguments>
<status status="PASS" starttime="20151112 21:25:40.899" endtime="20151112 21:25:40.908"></status>
</kw>
<kw library="ArgumentParserKeywords" name="Get Length">
<assign>
<var>${length}</var>
</assign>
<msg timestamp="20151112 21:25:40.554" level="WARN">Keyword 'Get Length' found both from a custom test library 'ArgumentParserKeywords' and a standard library 'BuiltIn'. The custom keyword is used. To select explicitly, and to get rid of this warning, use either 'ArgumentParserKeywords.Get Length' or 'BuiltIn.Get Length'.</msg>
<msg timestamp="20151112 21:25:40.912" level="WARN">Keyword 'Get Length' found both from a custom test library 'ArgumentParserKeywords' and a standard library 'BuiltIn'. The custom keyword is used. To select explicitly, and to get rid of this warning, use either 'ArgumentParserKeywords.Get Length' or 'BuiltIn.Get Length'.</msg>
<msg timestamp="20151112 21:25:40.930" level="INFO">${length} = 7</msg>
<status status="PASS" starttime="20151112 21:25:40.913" endtime="20151112 21:25:40.932"></status>
</kw>
<kw library="BuiltIn" name="Should Be Equal">
<doc>Fails if the given objects are unequal.</doc>
<arguments>
<arg>7</arg>
<arg>${length}</arg>
</arguments>
<status status="PASS" starttime="20151112 21:25:40.936" endtime="20151112 21:25:40.944"></status>
</kw>
<kw library="ArgumentParserKeywords" name="Get Width">
<assign>
<var>${width}</var>
</assign>
<msg timestamp="20151112 21:25:40.953" level="INFO">${width} = 3</msg>
<status status="PASS" starttime="20151112 21:25:40.947" endtime="20151112 21:25:40.954"></status>
</kw>
<kw library="BuiltIn" name="Should Be Equal">
<doc>Fails if the given objects are unequal.</doc>
<arguments>
<arg>3</arg>
<arg>${width}</arg>
</arguments>
<status status="PASS" starttime="20151112 21:25:40.956" endtime="20151112 21:25:40.965"></status>
</kw>
<kw library="ArgumentParserKeywords" name="Get Height">
<assign>
<var>${height}</var>
</assign>
<msg timestamp="20151112 21:25:40.972" level="INFO">${height} = 2</msg>
<status status="PASS" starttime="20151112 21:25:40.968" endtime="20151112 21:25:40.973"></status>
</kw>
<kw library="BuiltIn" name="Should Be Equal">
<doc>Fails if the given objects are unequal.</doc>
<arguments>
<arg>2</arg>
<arg>${height}</arg>
</arguments>
<status status="PASS" starttime="20151112 21:25:40.978" endtime="20151112 21:25:40.985"></status>
</kw>
<kw library="ArgumentParserKeywords" name="Get Type">
<assign>
<var>${type}</var>
</assign>
<msg timestamp="20151112 21:25:40.992" level="INFO">${type} = box</msg>
<status status="PASS" starttime="20151112 21:25:40.988" endtime="20151112 21:25:40.993"></status>
</kw>
<kw library="BuiltIn" name="Should Be Equal">
<doc>Fails if the given objects are unequal.</doc>
<arguments>
<arg>box</arg>
<arg>${type}</arg>
</arguments>
<status status="PASS" starttime="20151112 21:25:40.995" endtime="20151112 21:25:41.000"></status>
</kw>
<kw library="ArgumentParserKeywords" name="Get Digits">
<assign>
<var>${digits}</var>
</assign>
<msg timestamp="20151112 21:25:41.006" level="INFO">${digits} = 4</msg>
<status status="PASS" starttime="20151112 21:25:41.003" endtime="20151112 21:25:41.008"></status>
</kw>
<kw library="BuiltIn" name="Should Be Equal">
<doc>Fails if the given objects are unequal.</doc>
<arguments>
<arg>4</arg>
<arg>${digits}</arg>
</arguments>
<status status="PASS" starttime="20151112 21:25:41.011" endtime="20151112 21:25:41.016"></status>
</kw>
<status status="PASS" starttime="20151112 21:25:40.888" endtime="20151112 21:25:41.018" critical="yes"></status>
</test>
<test id="s1-t7" name="Test Named Argument Single">
<kw library="ArgumentParserKeywords" name="Start Volume Calculator With Arguments">
<arguments>
<arg>7</arg>
<arg>3</arg>
<arg>2</arg>
<arg>--type</arg>
<arg>ellipsoid</arg>
</arguments>
<status status="PASS" starttime="20151112 21:25:41.027" endtime="20151112 21:25:41.033"></status>
</kw>
<kw library="ArgumentParserKeywords" name="Get Length">
<assign>
<var>${length}</var>
</assign>
<msg timestamp="20151112 21:25:40.554" level="WARN">Keyword 'Get Length' found both from a custom test library 'ArgumentParserKeywords' and a standard library 'BuiltIn'. The custom keyword is used. To select explicitly, and to get rid of this warning, use either 'ArgumentParserKeywords.Get Length' or 'BuiltIn.Get Length'.</msg>
<msg timestamp="20151112 21:25:40.912" level="WARN">Keyword 'Get Length' found both from a custom test library 'ArgumentParserKeywords' and a standard library 'BuiltIn'. The custom keyword is used. To select explicitly, and to get rid of this warning, use either 'ArgumentParserKeywords.Get Length' or 'BuiltIn.Get Length'.</msg>
<msg timestamp="20151112 21:25:41.035" level="WARN">Keyword 'Get Length' found both from a custom test library 'ArgumentParserKeywords' and a standard library 'BuiltIn'. The custom keyword is used. To select explicitly, and to get rid of this warning, use either 'ArgumentParserKeywords.Get Length' or 'BuiltIn.Get Length'.</msg>
<msg timestamp="20151112 21:25:41.046" level="INFO">${length} = 7</msg>
<status status="PASS" starttime="20151112 21:25:41.035" endtime="20151112 21:25:41.047"></status>
</kw>
<kw library="BuiltIn" name="Should Be Equal">
<doc>Fails if the given objects are unequal.</doc>
<arguments>
<arg>7</arg>
<arg>${length}</arg>
</arguments>
<status status="PASS" starttime="20151112 21:25:41.051" endtime="20151112 21:25:41.060"></status>
</kw>
<kw library="ArgumentParserKeywords" name="Get Width">
<assign>
<var>${width}</var>
</assign>
<msg timestamp="20151112 21:25:41.067" level="INFO">${width} = 3</msg>
<status status="PASS" starttime="20151112 21:25:41.063" endtime="20151112 21:25:41.068"></status>
</kw>
<kw library="BuiltIn" name="Should Be Equal">
<doc>Fails if the given objects are unequal.</doc>
<arguments>
<arg>3</arg>
<arg>${width}</arg>
</arguments>
<status status="PASS" starttime="20151112 21:25:41.071" endtime="20151112 21:25:41.078"></status>
</kw>
<kw library="ArgumentParserKeywords" name="Get Height">
<assign>
<var>${height}</var>
</assign>
<msg timestamp="20151112 21:25:41.084" level="INFO">${height} = 2</msg>
<status status="PASS" starttime="20151112 21:25:41.081" endtime="20151112 21:25:41.085"></status>
</kw>
<kw library="BuiltIn" name="Should Be Equal">
<doc>Fails if the given objects are unequal.</doc>
<arguments>
<arg>2</arg>
<arg>${height}</arg>
</arguments>
<status status="PASS" starttime="20151112 21:25:41.088" endtime="20151112 21:25:41.095"></status>
</kw>
<kw library="ArgumentParserKeywords" name="Get Type">
<assign>
<var>${type}</var>
</assign>
<msg timestamp="20151112 21:25:41.101" level="INFO">${type} = ellipsoid</msg>
<status status="PASS" starttime="20151112 21:25:41.098" endtime="20151112 21:25:41.102"></status>
</kw>
<kw library="BuiltIn" name="Should Be Equal">
<doc>Fails if the given objects are unequal.</doc>
<arguments>
<arg>ellipsoid</arg>
<arg>${type}</arg>
</arguments>
<status status="PASS" starttime="20151112 21:25:41.104" endtime="20151112 21:25:41.109"></status>
</kw>
<kw library="ArgumentParserKeywords" name="Get Digits">
<assign>
<var>${digits}</var>
</assign>
<msg timestamp="20151112 21:25:41.115" level="INFO">${digits} = 4</msg>
<status status="PASS" starttime="20151112 21:25:41.111" endtime="20151112 21:25:41.116"></status>
</kw>
<kw library="BuiltIn" name="Should Be Equal">
<doc>Fails if the given objects are unequal.</doc>
<arguments>
<arg>4</arg>
<arg>${digits}</arg>
</arguments>
<status status="PASS" starttime="20151112 21:25:41.118" endtime="20151112 21:25:41.123"></status>
</kw>
<status status="PASS" starttime="20151112 21:25:41.021" endtime="20151112 21:25:41.126" critical="yes"></status>
</test>
<test id="s1-t8" name="Test Named Argument Multiple">
<kw library="ArgumentParserKeywords" name="Start Volume Calculator With Arguments">
<arguments>
<arg>7</arg>
<arg>3</arg>
<arg>2</arg>
<arg>--type</arg>
<arg>ellipsoid</arg>
<arg>--digits</arg>
<arg>1</arg>
</arguments>
<status status="PASS" starttime="20151112 21:25:41.136" endtime="20151112 21:25:41.144"></status>
</kw>
<kw library="ArgumentParserKeywords" name="Get Length">
<assign>
<var>${length}</var>
</assign>
<msg timestamp="20151112 21:25:40.554" level="WARN">Keyword 'Get Length' found both from a custom test library 'ArgumentParserKeywords' and a standard library 'BuiltIn'. The custom keyword is used. To select explicitly, and to get rid of this warning, use either 'ArgumentParserKeywords.Get Length' or 'BuiltIn.Get Length'.</msg>
<msg timestamp="20151112 21:25:40.912" level="WARN">Keyword 'Get Length' found both from a custom test library 'ArgumentParserKeywords' and a standard library 'BuiltIn'. The custom keyword is used. To select explicitly, and to get rid of this warning, use either 'ArgumentParserKeywords.Get Length' or 'BuiltIn.Get Length'.</msg>
<msg timestamp="20151112 21:25:41.035" level="WARN">Keyword 'Get Length' found both from a custom test library 'ArgumentParserKeywords' and a standard library 'BuiltIn'. The custom keyword is used. To select explicitly, and to get rid of this warning, use either 'ArgumentParserKeywords.Get Length' or 'BuiltIn.Get Length'.</msg>
<msg timestamp="20151112 21:25:41.146" level="WARN">Keyword 'Get Length' found both from a custom test library 'ArgumentParserKeywords' and a standard library 'BuiltIn'. The custom keyword is used. To select explicitly, and to get rid of this warning, use either 'ArgumentParserKeywords.Get Length' or 'BuiltIn.Get Length'.</msg>
<msg timestamp="20151112 21:25:41.158" level="INFO">${length} = 7</msg>
<status status="PASS" starttime="20151112 21:25:41.146" endtime="20151112 21:25:41.159"></status>
</kw>
<kw library="BuiltIn" name="Should Be Equal">
<doc>Fails if the given objects are unequal.</doc>
<arguments>
<arg>7</arg>
<arg>${length}</arg>
</arguments>
<status status="PASS" starttime="20151112 21:25:41.164" endtime="20151112 21:25:41.169"></status>
</kw>
<kw library="ArgumentParserKeywords" name="Get Width">
<assign>
<var>${width}</var>
</assign>
<msg timestamp="20151112 21:25:41.175" level="INFO">${width} = 3</msg>
<status status="PASS" starttime="20151112 21:25:41.172" endtime="20151112 21:25:41.177"></status>
</kw>
<kw library="BuiltIn" name="Should Be Equal">
<doc>Fails if the given objects are unequal.</doc>
<arguments>
<arg>3</arg>
<arg>${width}</arg>
</arguments>
<status status="PASS" starttime="20151112 21:25:41.179" endtime="20151112 21:25:41.185"></status>
</kw>
<kw library="ArgumentParserKeywords" name="Get Height">
<assign>
<var>${height}</var>
</assign>
<msg timestamp="20151112 21:25:41.191" level="INFO">${height} = 2</msg>
<status status="PASS" starttime="20151112 21:25:41.187" endtime="20151112 21:25:41.192"></status>
</kw>
<kw library="BuiltIn" name="Should Be Equal">
<doc>Fails if the given objects are unequal.</doc>
<arguments>
<arg>2</arg>
<arg>${height}</arg>
</arguments>
<status status="PASS" starttime="20151112 21:25:41.194" endtime="20151112 21:25:41.201"></status>
</kw>
<kw library="ArgumentParserKeywords" name="Get Type">
<assign>
<var>${type}</var>
</assign>
<msg timestamp="20151112 21:25:41.209" level="INFO">${type} = ellipsoid</msg>
<status status="PASS" starttime="20151112 21:25:41.204" endtime="20151112 21:25:41.211"></status>
</kw>
<kw library="BuiltIn" name="Should Be Equal">
<doc>Fails if the given objects are unequal.</doc>
<arguments>
<arg>ellipsoid</arg>
<arg>${type}</arg>
</arguments>
<status status="PASS" starttime="20151112 21:25:41.214" endtime="20151112 21:25:41.221"></status>
</kw>
<kw library="ArgumentParserKeywords" name="Get Digits">
<assign>
<var>${digits}</var>
</assign>
<msg timestamp="20151112 21:25:41.227" level="INFO">${digits} = 1</msg>
<status status="PASS" starttime="20151112 21:25:41.223" endtime="20151112 21:25:41.228"></status>
</kw>
<kw library="BuiltIn" name="Should Be Equal">
<doc>Fails if the given objects are unequal.</doc>
<arguments>
<arg>1</arg>
<arg>${digits}</arg>
</arguments>
<status status="PASS" starttime="20151112 21:25:41.231" endtime="20151112 21:25:41.238"></status>
</kw>
<status status="PASS" starttime="20151112 21:25:41.129" endtime="20151112 21:25:41.240" critical="yes"></status>
</test>
<test id="s1-t9" name="Test Named Argument Anywhere">
<kw library="ArgumentParserKeywords" name="Start Volume Calculator With Arguments">
<arguments>
<arg>--type</arg>
<arg>ellipsoid</arg>
<arg>7</arg>
<arg>3</arg>
<arg>--digits</arg>
<arg>1</arg>
<arg>2</arg>
</arguments>
<status status="PASS" starttime="20151112 21:25:41.252" endtime="20151112 21:25:41.261"></status>
</kw>
<kw library="ArgumentParserKeywords" name="Get Length">
<assign>
<var>${length}</var>
</assign>
<msg timestamp="20151112 21:25:40.554" level="WARN">Keyword 'Get Length' found both from a custom test library 'ArgumentParserKeywords' and a standard library 'BuiltIn'. The custom keyword is used. To select explicitly, and to get rid of this warning, use either 'ArgumentParserKeywords.Get Length' or 'BuiltIn.Get Length'.</msg>
<msg timestamp="20151112 21:25:40.912" level="WARN">Keyword 'Get Length' found both from a custom test library 'ArgumentParserKeywords' and a standard library 'BuiltIn'. The custom keyword is used. To select explicitly, and to get rid of this warning, use either 'ArgumentParserKeywords.Get Length' or 'BuiltIn.Get Length'.</msg>
<msg timestamp="20151112 21:25:41.035" level="WARN">Keyword 'Get Length' found both from a custom test library 'ArgumentParserKeywords' and a standard library 'BuiltIn'. The custom keyword is used. To select explicitly, and to get rid of this warning, use either 'ArgumentParserKeywords.Get Length' or 'BuiltIn.Get Length'.</msg>
<msg timestamp="20151112 21:25:41.146" level="WARN">Keyword 'Get Length' found both from a custom test library 'ArgumentParserKeywords' and a standard library 'BuiltIn'. The custom keyword is used. To select explicitly, and to get rid of this warning, use either 'ArgumentParserKeywords.Get Length' or 'BuiltIn.Get Length'.</msg>
<msg timestamp="20151112 21:25:41.264" level="WARN">Keyword 'Get Length' found both from a custom test library 'ArgumentParserKeywords' and a standard library 'BuiltIn'. The custom keyword is used. To select explicitly, and to get rid of this warning, use either 'ArgumentParserKeywords.Get Length' or 'BuiltIn.Get Length'.</msg>
<msg timestamp="20151112 21:25:41.280" level="INFO">${length} = 7</msg>
<status status="PASS" starttime="20151112 21:25:41.264" endtime="20151112 21:25:41.281"></status>
</kw>
<kw library="BuiltIn" name="Should Be Equal">
<doc>Fails if the given objects are unequal.</doc>
<arguments>
<arg>7</arg>
<arg>${length}</arg>
</arguments>
<status status="PASS" starttime="20151112 21:25:41.284" endtime="20151112 21:25:41.289"></status>
</kw>
<kw library="ArgumentParserKeywords" name="Get Width">
<assign>
<var>${width}</var>
</assign>
<msg timestamp="20151112 21:25:41.296" level="INFO">${width} = 3</msg>
<status status="PASS" starttime="20151112 21:25:41.292" endtime="20151112 21:25:41.297"></status>
</kw>
<kw library="BuiltIn" name="Should Be Equal">
<doc>Fails if the given objects are unequal.</doc>
<arguments>
<arg>3</arg>
<arg>${width}</arg>
</arguments>
<status status="PASS" starttime="20151112 21:25:41.300" endtime="20151112 21:25:41.306"></status>
</kw>
<kw library="ArgumentParserKeywords" name="Get Height">
<assign>
<var>${height}</var>
</assign>
<msg timestamp="20151112 21:25:41.312" level="INFO">${height} = 2</msg>
<status status="PASS" starttime="20151112 21:25:41.308" endtime="20151112 21:25:41.314"></status>
</kw>
<kw library="BuiltIn" name="Should Be Equal">
<doc>Fails if the given objects are unequal.</doc>
<arguments>
<arg>2</arg>
<arg>${height}</arg>
</arguments>
<status status="PASS" starttime="20151112 21:25:41.317" endtime="20151112 21:25:41.325"></status>
</kw>
<kw library="ArgumentParserKeywords" name="Get Type">
<assign>
<var>${type}</var>
</assign>
<msg timestamp="20151112 21:25:41.334" level="INFO">${type} = ellipsoid</msg>
<status status="PASS" starttime="20151112 21:25:41.328" endtime="20151112 21:25:41.335"></status>
</kw>
<kw library="BuiltIn" name="Should Be Equal">
<doc>Fails if the given objects are unequal.</doc>
<arguments>
<arg>ellipsoid</arg>
<arg>${type}</arg>
</arguments>
<status status="PASS" starttime="20151112 21:25:41.338" endtime="20151112 21:25:41.343"></status>
</kw>
<kw library="ArgumentParserKeywords" name="Get Digits">
<assign>
<var>${digits}</var>
</assign>
<msg timestamp="20151112 21:25:41.350" level="INFO">${digits} = 1</msg>
<status status="PASS" starttime="20151112 21:25:41.346" endtime="20151112 21:25:41.352"></status>
</kw>
<kw library="BuiltIn" name="Should Be Equal">
<doc>Fails if the given objects are unequal.</doc>
<arguments>
<arg>1</arg>
<arg>${digits}</arg>
</arguments>
<status status="PASS" starttime="20151112 21:25:41.356" endtime="20151112 21:25:41.363"></status>
</kw>
<status status="PASS" starttime="20151112 21:25:41.244" endtime="20151112 21:25:41.366" critical="yes"></status>
</test>
<test id="s1-t10" name="Test Help Flag">
<kw library="ArgumentParserKeywords" name="Start Program With Arguments">
<arguments>
<arg>7</arg>
<arg>--help</arg>
<arg>3</arg>
<arg>2</arg>
</arguments>
<status status="PASS" starttime="20151112 21:25:41.375" endtime="20151112 21:25:41.383"></status>
</kw>
<kw library="ArgumentParserKeywords" name="Get Program Output">
<assign>
<var>${output}</var>
</assign>
<msg timestamp="20151112 21:25:41.393" level="INFO">${output} = usage: java Volume Calculator [length] [width] [height] [help] 
Calculate the volume of a box.
positional arguments:
[length] the length of the box (float)
[width] the width of the box (float)
[height...</msg>
<status status="PASS" starttime="20151112 21:25:41.387" endtime="20151112 21:25:41.395"></status>
</kw>
<kw library="BuiltIn" name="Should Be Equal">
<doc>Fails if the given objects are unequal.</doc>
<arguments>
<arg>${expected4}</arg>
<arg>${output}</arg>
</arguments>
<status status="PASS" starttime="20151112 21:25:41.397" endtime="20151112 21:25:41.404"></status>
</kw>
<status status="PASS" starttime="20151112 21:25:41.369" endtime="20151112 21:25:41.406" critical="yes"></status>
</test>
<test id="s1-t11" name="Test Short Form Arguments">
<kw library="ArgumentParserKeywords" name="Start Volume Calculator With Arguments">
<arguments>
<arg>-t</arg>
<arg>ellipsoid</arg>
<arg>7</arg>
<arg>3</arg>
<arg>-d</arg>
<arg>1</arg>
<arg>2</arg>
</arguments>
<status status="PASS" starttime="20151112 21:25:41.419" endtime="20151112 21:25:41.426"></status>
</kw>
<kw library="ArgumentParserKeywords" name="Get Length">
<assign>
<var>${length}</var>
</assign>
<msg timestamp="20151112 21:25:40.554" level="WARN">Keyword 'Get Length' found both from a custom test library 'ArgumentParserKeywords' and a standard library 'BuiltIn'. The custom keyword is used. To select explicitly, and to get rid of this warning, use either 'ArgumentParserKeywords.Get Length' or 'BuiltIn.Get Length'.</msg>
<msg timestamp="20151112 21:25:40.912" level="WARN">Keyword 'Get Length' found both from a custom test library 'ArgumentParserKeywords' and a standard library 'BuiltIn'. The custom keyword is used. To select explicitly, and to get rid of this warning, use either 'ArgumentParserKeywords.Get Length' or 'BuiltIn.Get Length'.</msg>
<msg timestamp="20151112 21:25:41.035" level="WARN">Keyword 'Get Length' found both from a custom test library 'ArgumentParserKeywords' and a standard library 'BuiltIn'. The custom keyword is used. To select explicitly, and to get rid of this warning, use either 'ArgumentParserKeywords.Get Length' or 'BuiltIn.Get Length'.</msg>
<msg timestamp="20151112 21:25:41.146" level="WARN">Keyword 'Get Length' found both from a custom test library 'ArgumentParserKeywords' and a standard library 'BuiltIn'. The custom keyword is used. To select explicitly, and to get rid of this warning, use either 'ArgumentParserKeywords.Get Length' or 'BuiltIn.Get Length'.</msg>
<msg timestamp="20151112 21:25:41.264" level="WARN">Keyword 'Get Length' found both from a custom test library 'ArgumentParserKeywords' and a standard library 'BuiltIn'. The custom keyword is used. To select explicitly, and to get rid of this warning, use either 'ArgumentParserKeywords.Get Length' or 'BuiltIn.Get Length'.</msg>
<msg timestamp="20151112 21:25:41.428" level="WARN">Keyword 'Get Length' found both from a custom test library 'ArgumentParserKeywords' and a standard library 'BuiltIn'. The custom keyword is used. To select explicitly, and to get rid of this warning, use either 'ArgumentParserKeywords.Get Length' or 'BuiltIn.Get Length'.</msg>
<msg timestamp="20151112 21:25:41.449" level="INFO">${length} = 7</msg>
<status status="PASS" starttime="20151112 21:25:41.429" endtime="20151112 21:25:41.450"></status>
</kw>
<kw library="BuiltIn" name="Should Be Equal">
<doc>Fails if the given objects are unequal.</doc>
<arguments>
<arg>7</arg>
<arg>${length}</arg>
</arguments>
<status status="PASS" starttime="20151112 21:25:41.453" endtime="20151112 21:25:41.459"></status>
</kw>
<kw library="ArgumentParserKeywords" name="Get Width">
<assign>
<var>${width}</var>
</assign>
<msg timestamp="20151112 21:25:41.465" level="INFO">${width} = 3</msg>
<status status="PASS" starttime="20151112 21:25:41.462" endtime="20151112 21:25:41.466"></status>
</kw>
<kw library="BuiltIn" name="Should Be Equal">
<doc>Fails if the given objects are unequal.</doc>
<arguments>
<arg>3</arg>
<arg>${width}</arg>
</arguments>
<status status="PASS" starttime="20151112 21:25:41.468" endtime="20151112 21:25:41.475"></status>
</kw>
<kw library="ArgumentParserKeywords" name="Get Height">
<assign>
<var>${height}</var>
</assign>
<msg timestamp="20151112 21:25:41.481" level="INFO">${height} = 2</msg>
<status status="PASS" starttime="20151112 21:25:41.477" endtime="20151112 21:25:41.484"></status>
</kw>
<kw library="BuiltIn" name="Should Be Equal">
<doc>Fails if the given objects are unequal.</doc>
<arguments>
<arg>2</arg>
<arg>${height}</arg>
</arguments>
<status status="PASS" starttime="20151112 21:25:41.487" endtime="20151112 21:25:41.493"></status>
</kw>
<kw library="ArgumentParserKeywords" name="Get Type">
<assign>
<var>${type}</var>
</assign>
<msg timestamp="20151112 21:25:41.499" level="INFO">${type} = ellipsoid</msg>
<status status="PASS" starttime="20151112 21:25:41.496" endtime="20151112 21:25:41.500"></status>
</kw>
<kw library="BuiltIn" name="Should Be Equal">
<doc>Fails if the given objects are unequal.</doc>
<arguments>
<arg>ellipsoid</arg>
<arg>${type}</arg>
</arguments>
<status status="PASS" starttime="20151112 21:25:41.502" endtime="20151112 21:25:41.507"></status>
</kw>
<kw library="ArgumentParserKeywords" name="Get Digits">
<assign>
<var>${digits}</var>
</assign>
<msg timestamp="20151112 21:25:41.513" level="INFO">${digits} = 1</msg>
<status status="PASS" starttime="20151112 21:25:41.509" endtime="20151112 21:25:41.514"></status>
</kw>
<kw library="BuiltIn" name="Should Be Equal">
<doc>Fails if the given objects are unequal.</doc>
<arguments>
<arg>1</arg>
<arg>${digits}</arg>
</arguments>
<status status="PASS" starttime="20151112 21:25:41.517" endtime="20151112 21:25:41.522"></status>
</kw>
<status status="PASS" starttime="20151112 21:25:41.409" endtime="20151112 21:25:41.524" critical="yes"></status>
</test>
<status status="PASS" starttime="20151112 21:25:39.664" endtime="20151112 21:25:41.534"></status>
</suite>
<statistics>
<total>
<stat pass="11" fail="0">Critical Tests</stat>
<stat pass="11" fail="0">All Tests</stat>
</total>
<tag>
</tag>
<suite>
<stat pass="11" id="s1" fail="0" name="ArgumentParserTests">ArgumentParserTests</stat>
</suite>
</statistics>
<errors>
<msg timestamp="20151112 21:25:40.554" level="WARN">Keyword 'Get Length' found both from a custom test library 'ArgumentParserKeywords' and a standard library 'BuiltIn'. The custom keyword is used. To select explicitly, and to get rid of this warning, use either 'ArgumentParserKeywords.Get Length' or 'BuiltIn.Get Length'.</msg>
<msg timestamp="20151112 21:25:40.554" level="WARN">Keyword 'Get Length' found both from a custom test library 'ArgumentParserKeywords' and a standard library 'BuiltIn'. The custom keyword is used. To select explicitly, and to get rid of this warning, use either 'ArgumentParserKeywords.Get Length' or 'BuiltIn.Get Length'.</msg>
<msg timestamp="20151112 21:25:40.912" level="WARN">Keyword 'Get Length' found both from a custom test library 'ArgumentParserKeywords' and a standard library 'BuiltIn'. The custom keyword is used. To select explicitly, and to get rid of this warning, use either 'ArgumentParserKeywords.Get Length' or 'BuiltIn.Get Length'.</msg>
<msg timestamp="20151112 21:25:40.554" level="WARN">Keyword 'Get Length' found both from a custom test library 'ArgumentParserKeywords' and a standard library 'BuiltIn'. The custom keyword is used. To select explicitly, and to get rid of this warning, use either 'ArgumentParserKeywords.Get Length' or 'BuiltIn.Get Length'.</msg>
<msg timestamp="20151112 21:25:40.912" level="WARN">Keyword 'Get Length' found both from a custom test library 'ArgumentParserKeywords' and a standard library 'BuiltIn'. The custom keyword is used. To select explicitly, and to get rid of this warning, use either 'ArgumentParserKeywords.Get Length' or 'BuiltIn.Get Length'.</msg>
<msg timestamp="20151112 21:25:41.035" level="WARN">Keyword 'Get Length' found both from a custom test library 'ArgumentParserKeywords' and a standard library 'BuiltIn'. The custom keyword is used. To select explicitly, and to get rid of this warning, use either 'ArgumentParserKeywords.Get Length' or 'BuiltIn.Get Length'.</msg>
<msg timestamp="20151112 21:25:40.554" level="WARN">Keyword 'Get Length' found both from a custom test library 'ArgumentParserKeywords' and a standard library 'BuiltIn'. The custom keyword is used. To select explicitly, and to get rid of this warning, use either 'ArgumentParserKeywords.Get Length' or 'BuiltIn.Get Length'.</msg>
<msg timestamp="20151112 21:25:40.912" level="WARN">Keyword 'Get Length' found both from a custom test library 'ArgumentParserKeywords' and a standard library 'BuiltIn'. The custom keyword is used. To select explicitly, and to get rid of this warning, use either 'ArgumentParserKeywords.Get Length' or 'BuiltIn.Get Length'.</msg>
<msg timestamp="20151112 21:25:41.035" level="WARN">Keyword 'Get Length' found both from a custom test library 'ArgumentParserKeywords' and a standard library 'BuiltIn'. The custom keyword is used. To select explicitly, and to get rid of this warning, use either 'ArgumentParserKeywords.Get Length' or 'BuiltIn.Get Length'.</msg>
<msg timestamp="20151112 21:25:41.146" level="WARN">Keyword 'Get Length' found both from a custom test library 'ArgumentParserKeywords' and a standard library 'BuiltIn'. The custom keyword is used. To select explicitly, and to get rid of this warning, use either 'ArgumentParserKeywords.Get Length' or 'BuiltIn.Get Length'.</msg>
<msg timestamp="20151112 21:25:40.554" level="WARN">Keyword 'Get Length' found both from a custom test library 'ArgumentParserKeywords' and a standard library 'BuiltIn'. The custom keyword is used. To select explicitly, and to get rid of this warning, use either 'ArgumentParserKeywords.Get Length' or 'BuiltIn.Get Length'.</msg>
<msg timestamp="20151112 21:25:40.912" level="WARN">Keyword 'Get Length' found both from a custom test library 'ArgumentParserKeywords' and a standard library 'BuiltIn'. The custom keyword is used. To select explicitly, and to get rid of this warning, use either 'ArgumentParserKeywords.Get Length' or 'BuiltIn.Get Length'.</msg>
<msg timestamp="20151112 21:25:41.035" level="WARN">Keyword 'Get Length' found both from a custom test library 'ArgumentParserKeywords' and a standard library 'BuiltIn'. The custom keyword is used. To select explicitly, and to get rid of this warning, use either 'ArgumentParserKeywords.Get Length' or 'BuiltIn.Get Length'.</msg>
<msg timestamp="20151112 21:25:41.146" level="WARN">Keyword 'Get Length' found both from a custom test library 'ArgumentParserKeywords' and a standard library 'BuiltIn'. The custom keyword is used. To select explicitly, and to get rid of this warning, use either 'ArgumentParserKeywords.Get Length' or 'BuiltIn.Get Length'.</msg>
<msg timestamp="20151112 21:25:41.264" level="WARN">Keyword 'Get Length' found both from a custom test library 'ArgumentParserKeywords' and a standard library 'BuiltIn'. The custom keyword is used. To select explicitly, and to get rid of this warning, use either 'ArgumentParserKeywords.Get Length' or 'BuiltIn.Get Length'.</msg>
<msg timestamp="20151112 21:25:40.554" level="WARN">Keyword 'Get Length' found both from a custom test library 'ArgumentParserKeywords' and a standard library 'BuiltIn'. The custom keyword is used. To select explicitly, and to get rid of this warning, use either 'ArgumentParserKeywords.Get Length' or 'BuiltIn.Get Length'.</msg>
<msg timestamp="20151112 21:25:40.912" level="WARN">Keyword 'Get Length' found both from a custom test library 'ArgumentParserKeywords' and a standard library 'BuiltIn'. The custom keyword is used. To select explicitly, and to get rid of this warning, use either 'ArgumentParserKeywords.Get Length' or 'BuiltIn.Get Length'.</msg>
<msg timestamp="20151112 21:25:41.035" level="WARN">Keyword 'Get Length' found both from a custom test library 'ArgumentParserKeywords' and a standard library 'BuiltIn'. The custom keyword is used. To select explicitly, and to get rid of this warning, use either 'ArgumentParserKeywords.Get Length' or 'BuiltIn.Get Length'.</msg>
<msg timestamp="20151112 21:25:41.146" level="WARN">Keyword 'Get Length' found both from a custom test library 'ArgumentParserKeywords' and a standard library 'BuiltIn'. The custom keyword is used. To select explicitly, and to get rid of this warning, use either 'ArgumentParserKeywords.Get Length' or 'BuiltIn.Get Length'.</msg>
<msg timestamp="20151112 21:25:41.264" level="WARN">Keyword 'Get Length' found both from a custom test library 'ArgumentParserKeywords' and a standard library 'BuiltIn'. The custom keyword is used. To select explicitly, and to get rid of this warning, use either 'ArgumentParserKeywords.Get Length' or 'BuiltIn.Get Length'.</msg>
<msg timestamp="20151112 21:25:41.428" level="WARN">Keyword 'Get Length' found both from a custom test library 'ArgumentParserKeywords' and a standard library 'BuiltIn'. The custom keyword is used. To select explicitly, and to get rid of this warning, use either 'ArgumentParserKeywords.Get Length' or 'BuiltIn.Get Length'.</msg>
</errors>
</robot>
