<?xml version="1.0" encoding="UTF-8"?>
<robot generator="Robot 2.9 (Jython 2.7.0 on java1.7.0_65)" generated="20151105 17:02:34.033">
<suite source="/Users/katiewood/Documents/Software_Engineering/ArgParse_CS310/ArgumentParser/acceptance/ArgumentParserTests.txt" id="s1" name="ArgumentParserTests">
<test id="s1-t1" name="Test Volume Calculator Normal Function">
<kw library="ArgumentParserKeywords" name="Start Volume Calculator With Arguments">
<arguments>
<arg>7</arg>
<arg>5</arg>
<arg>2</arg>
</arguments>
<msg timestamp="20151105 17:02:34.814" level="FAIL">InstantiationError: edu.jsu.mcis.Argument</msg>
<status status="FAIL" starttime="20151105 17:02:34.779" endtime="20151105 17:02:34.817"></status>
</kw>
<status status="FAIL" starttime="20151105 17:02:34.768" endtime="20151105 17:02:34.822" critical="yes">InstantiationError: edu.jsu.mcis.Argument</status>
</test>
<test id="s1-t2" name="Test Unrecognized Argument">
<kw library="ArgumentParserKeywords" name="Start Volume Calculator With Arguments">
<arguments>
<arg>7</arg>
<arg>5</arg>
<arg>2</arg>
<arg>43</arg>
</arguments>
<msg timestamp="20151105 17:02:34.860" level="FAIL">InstantiationError: edu.jsu.mcis.Argument</msg>
<status status="FAIL" starttime="20151105 17:02:34.835" endtime="20151105 17:02:34.862"></status>
</kw>
<status status="FAIL" starttime="20151105 17:02:34.827" endtime="20151105 17:02:34.864" critical="yes">InstantiationError: edu.jsu.mcis.Argument</status>
</test>
<test id="s1-t3" name="Test Absurd Program Normal Function">
<kw library="ArgumentParserKeywords" name="Start Absurd Program With Arguments">
<arguments>
<arg>dog</arg>
<arg>2</arg>
<arg>true</arg>
<arg>3.5</arg>
</arguments>
<msg timestamp="20151105 17:02:34.903" level="FAIL">InstantiationError: edu.jsu.mcis.Argument</msg>
<status status="FAIL" starttime="20151105 17:02:34.877" endtime="20151105 17:02:34.905"></status>
</kw>
<status status="FAIL" starttime="20151105 17:02:34.869" endtime="20151105 17:02:34.907" critical="yes">InstantiationError: edu.jsu.mcis.Argument</status>
</test>
<test id="s1-t4" name="Test Usage Message">
<kw library="ArgumentParserKeywords" name="Start Program With Arguments">
<arguments>
<arg>-h</arg>
</arguments>
<msg timestamp="20151105 17:02:34.940" level="FAIL">InstantiationError: edu.jsu.mcis.Argument</msg>
<status status="FAIL" starttime="20151105 17:02:34.917" endtime="20151105 17:02:34.943"></status>
</kw>
<status status="FAIL" starttime="20151105 17:02:34.911" endtime="20151105 17:02:34.945" critical="yes">InstantiationError: edu.jsu.mcis.Argument</status>
</test>
<test id="s1-t5" name="Test Incorrect Datatype Message">
<kw library="ArgumentParserKeywords" name="Start Program With Arguments">
<arguments>
<arg>7</arg>
<arg>something</arg>
<arg>2</arg>
</arguments>
<msg timestamp="20151105 17:02:34.977" level="FAIL">InstantiationError: edu.jsu.mcis.Argument</msg>
<status status="FAIL" starttime="20151105 17:02:34.956" endtime="20151105 17:02:34.980"></status>
</kw>
<status status="FAIL" starttime="20151105 17:02:34.948" endtime="20151105 17:02:34.983" critical="yes">InstantiationError: edu.jsu.mcis.Argument</status>
</test>
<test id="s1-t6" name="Test Named Argument Defaults">
<kw library="ArgumentParserKeywords" name="Start Volume Calculator With Arguments">
<arguments>
<arg>7</arg>
<arg>3</arg>
<arg>2</arg>
</arguments>
<msg timestamp="20151105 17:02:35.021" level="FAIL">InstantiationError: edu.jsu.mcis.Argument</msg>
<status status="FAIL" starttime="20151105 17:02:34.998" endtime="20151105 17:02:35.024"></status>
</kw>
<status status="FAIL" starttime="20151105 17:02:34.988" endtime="20151105 17:02:35.028" critical="yes">InstantiationError: edu.jsu.mcis.Argument</status>
</test>
<test id="s1-t7" name="Test Named Argument Single">
<kw library="ArgumentParserKeywords" name="Start Volume Calculator With Arguments">
<arguments>
<arg>7</arg>
<arg>3</arg>
<arg>2</arg>
<arg>--type</arg>
<arg>ellipsoid</arg>
</arguments>
<msg timestamp="20151105 17:02:35.072" level="FAIL">InstantiationError: edu.jsu.mcis.Argument</msg>
<status status="FAIL" starttime="20151105 17:02:35.045" endtime="20151105 17:02:35.074"></status>
</kw>
<status status="FAIL" starttime="20151105 17:02:35.033" endtime="20151105 17:02:35.077" critical="yes">InstantiationError: edu.jsu.mcis.Argument</status>
</test>
<test id="s1-t8" name="Test Named Argument Multiple">
<kw library="ArgumentParserKeywords" name="Start Volume Calculator With Arguments">
<arguments>
<arg>7</arg>
<arg>3</arg>
<arg>2</arg>
<arg>--type</arg>
<arg>ellipsoid</arg>
<arg>--digits</arg>
<arg>1</arg>
</arguments>
<msg timestamp="20151105 17:02:35.116" level="FAIL">InstantiationError: edu.jsu.mcis.Argument</msg>
<status status="FAIL" starttime="20151105 17:02:35.090" endtime="20151105 17:02:35.119"></status>
</kw>
<status status="FAIL" starttime="20151105 17:02:35.081" endtime="20151105 17:02:35.123" critical="yes">InstantiationError: edu.jsu.mcis.Argument</status>
</test>
<test id="s1-t9" name="Test Named Argument Anywhere">
<kw library="ArgumentParserKeywords" name="Start Volume Calculator With Arguments">
<arguments>
<arg>--type</arg>
<arg>ellipsoid</arg>
<arg>7</arg>
<arg>3</arg>
<arg>--digits</arg>
<arg>1</arg>
<arg>2</arg>
</arguments>
<msg timestamp="20151105 17:02:35.157" level="FAIL">InstantiationError: edu.jsu.mcis.Argument</msg>
<status status="FAIL" starttime="20151105 17:02:35.136" endtime="20151105 17:02:35.159"></status>
</kw>
<status status="FAIL" starttime="20151105 17:02:35.127" endtime="20151105 17:02:35.162" critical="yes">InstantiationError: edu.jsu.mcis.Argument</status>
</test>
<test id="s1-t10" name="Test Help Flag">
<kw library="ArgumentParserKeywords" name="Start Program With Arguments">
<arguments>
<arg>7</arg>
<arg>--help</arg>
<arg>3</arg>
<arg>2</arg>
</arguments>
<msg timestamp="20151105 17:02:35.191" level="FAIL">InstantiationError: edu.jsu.mcis.Argument</msg>
<status status="FAIL" starttime="20151105 17:02:35.172" endtime="20151105 17:02:35.193"></status>
</kw>
<status status="FAIL" starttime="20151105 17:02:35.165" endtime="20151105 17:02:35.196" critical="yes">InstantiationError: edu.jsu.mcis.Argument</status>
</test>
<test id="s1-t11" name="Test Short Form Arguments">
<kw library="ArgumentParserKeywords" name="Start Volume Calculator With Arguments">
<arguments>
<arg>-t</arg>
<arg>ellipsoid</arg>
<arg>7</arg>
<arg>3</arg>
<arg>-d</arg>
<arg>1</arg>
<arg>2</arg>
</arguments>
<msg timestamp="20151105 17:02:35.227" level="FAIL">InstantiationError: edu.jsu.mcis.Argument</msg>
<status status="FAIL" starttime="20151105 17:02:35.208" endtime="20151105 17:02:35.230"></status>
</kw>
<status status="FAIL" starttime="20151105 17:02:35.200" endtime="20151105 17:02:35.233" critical="yes">InstantiationError: edu.jsu.mcis.Argument</status>
</test>
<status status="FAIL" starttime="20151105 17:02:34.056" endtime="20151105 17:02:35.245"></status>
</suite>
<statistics>
<total>
<stat pass="0" fail="11">Critical Tests</stat>
<stat pass="0" fail="11">All Tests</stat>
</total>
<tag>
</tag>
<suite>
<stat pass="0" id="s1" fail="11" name="ArgumentParserTests">ArgumentParserTests</stat>
</suite>
</statistics>
<errors>
</errors>
</robot>
