<?xml version="1.0" encoding="UTF-8"?>
<robot generator="Robot 2.9 (Jython 2.7.0 on java1.7.0_65)" generated="20151108 13:31:59.618">
<suite source="/Users/katiewood/Documents/Software_Engineering/ArgParse_CS310/ArgumentParser/acceptance/ArgumentParserTests.txt" id="s1" name="ArgumentParserTests">
<test id="s1-t1" name="Test Volume Calculator Normal Function">
<kw library="ArgumentParserKeywords" name="Start Volume Calculator With Arguments">
<arguments>
<arg>7</arg>
<arg>5</arg>
<arg>2</arg>
</arguments>
<status status="PASS" starttime="20151108 13:32:00.328" endtime="20151108 13:32:00.346"></status>
</kw>
<kw library="ArgumentParserKeywords" name="Get Length">
<assign>
<var>${length}</var>
</assign>
<msg timestamp="20151108 13:32:00.351" level="WARN">Keyword 'Get Length' found both from a custom test library 'ArgumentParserKeywords' and a standard library 'BuiltIn'. The custom keyword is used. To select explicitly, and to get rid of this warning, use either 'ArgumentParserKeywords.Get Length' or 'BuiltIn.Get Length'.</msg>
<msg timestamp="20151108 13:32:00.363" level="INFO">${length} = 7</msg>
<status status="PASS" starttime="20151108 13:32:00.352" endtime="20151108 13:32:00.365"></status>
</kw>
<kw library="BuiltIn" name="Should Be Equal">
<doc>Fails if the given objects are unequal.</doc>
<arguments>
<arg>7</arg>
<arg>${length}</arg>
</arguments>
<status status="PASS" starttime="20151108 13:32:00.369" endtime="20151108 13:32:00.379"></status>
</kw>
<kw library="ArgumentParserKeywords" name="Get Width">
<assign>
<var>${width}</var>
</assign>
<msg timestamp="20151108 13:32:00.390" level="INFO">${width} = 5</msg>
<status status="PASS" starttime="20151108 13:32:00.383" endtime="20151108 13:32:00.391"></status>
</kw>
<kw library="BuiltIn" name="Should Be Equal">
<doc>Fails if the given objects are unequal.</doc>
<arguments>
<arg>5</arg>
<arg>${width}</arg>
</arguments>
<status status="PASS" starttime="20151108 13:32:00.396" endtime="20151108 13:32:00.405"></status>
</kw>
<kw library="ArgumentParserKeywords" name="Get Height">
<assign>
<var>${height}</var>
</assign>
<msg timestamp="20151108 13:32:00.412" level="INFO">${height} = 2</msg>
<status status="PASS" starttime="20151108 13:32:00.408" endtime="20151108 13:32:00.413"></status>
</kw>
<kw library="BuiltIn" name="Should Be Equal">
<doc>Fails if the given objects are unequal.</doc>
<arguments>
<arg>2</arg>
<arg>${height}</arg>
</arguments>
<status status="PASS" starttime="20151108 13:32:00.416" endtime="20151108 13:32:00.422"></status>
</kw>
<kw library="ArgumentParserKeywords" name="Get Program Output">
<assign>
<var>${output}</var>
</assign>
<msg timestamp="20151108 13:32:00.428" level="INFO">${output} = 70.0</msg>
<status status="PASS" starttime="20151108 13:32:00.425" endtime="20151108 13:32:00.430"></status>
</kw>
<kw library="BuiltIn" name="Should Be Equal">
<doc>Fails if the given objects are unequal.</doc>
<arguments>
<arg>${output}</arg>
<arg>70.0</arg>
</arguments>
<status status="PASS" starttime="20151108 13:32:00.432" endtime="20151108 13:32:00.438"></status>
</kw>
<status status="PASS" starttime="20151108 13:32:00.317" endtime="20151108 13:32:00.441" critical="yes"></status>
</test>
<test id="s1-t2" name="Test Unrecognized Argument">
<kw library="ArgumentParserKeywords" name="Start Volume Calculator With Arguments">
<arguments>
<arg>7</arg>
<arg>5</arg>
<arg>2</arg>
<arg>43</arg>
</arguments>
<status status="PASS" starttime="20151108 13:32:00.452" endtime="20151108 13:32:00.457"></status>
</kw>
<kw library="ArgumentParserKeywords" name="Get Program Output">
<assign>
<var>${output}</var>
</assign>
<msg timestamp="20151108 13:32:00.467" level="INFO">${output} = usage: java Volume Calculator length width height
Volume Calculator.java: error: unrecognized arguments: 43</msg>
<status status="PASS" starttime="20151108 13:32:00.461" endtime="20151108 13:32:00.468"></status>
</kw>
<kw library="BuiltIn" name="Should Be Equal">
<doc>Fails if the given objects are unequal.</doc>
<arguments>
<arg>${output}</arg>
<arg>${expected1}</arg>
</arguments>
<status status="PASS" starttime="20151108 13:32:00.471" endtime="20151108 13:32:00.479"></status>
</kw>
<status status="PASS" starttime="20151108 13:32:00.445" endtime="20151108 13:32:00.481" critical="yes"></status>
</test>
<test id="s1-t3" name="Test Absurd Program Normal Function">
<kw library="ArgumentParserKeywords" name="Start Absurd Program With Arguments">
<arguments>
<arg>dog</arg>
<arg>2</arg>
<arg>true</arg>
<arg>3.5</arg>
</arguments>
<status status="PASS" starttime="20151108 13:32:00.493" endtime="20151108 13:32:00.500"></status>
</kw>
<kw library="ArgumentParserKeywords" name="Getpet">
<assign>
<var>${pet}</var>
</assign>
<msg timestamp="20151108 13:32:00.511" level="INFO">${pet} = dog</msg>
<status status="PASS" starttime="20151108 13:32:00.504" endtime="20151108 13:32:00.513"></status>
</kw>
<kw library="BuiltIn" name="Should Be Equal">
<doc>Fails if the given objects are unequal.</doc>
<arguments>
<arg>dog</arg>
<arg>${pet}</arg>
</arguments>
<status status="PASS" starttime="20151108 13:32:00.516" endtime="20151108 13:32:00.524"></status>
</kw>
<kw library="ArgumentParserKeywords" name="Get Number">
<assign>
<var>${number}</var>
</assign>
<msg timestamp="20151108 13:32:00.532" level="INFO">${number} = 2</msg>
<status status="PASS" starttime="20151108 13:32:00.527" endtime="20151108 13:32:00.533"></status>
</kw>
<kw library="BuiltIn" name="Should Be Equal">
<doc>Fails if the given objects are unequal.</doc>
<arguments>
<arg>2</arg>
<arg>${number}</arg>
</arguments>
<status status="PASS" starttime="20151108 13:32:00.536" endtime="20151108 13:32:00.544"></status>
</kw>
<kw library="ArgumentParserKeywords" name="Get Rainy">
<assign>
<var>${rainy}</var>
</assign>
<msg timestamp="20151108 13:32:00.552" level="INFO">${rainy} = true</msg>
<status status="PASS" starttime="20151108 13:32:00.547" endtime="20151108 13:32:00.553"></status>
</kw>
<kw library="BuiltIn" name="Should Be Equal">
<doc>Fails if the given objects are unequal.</doc>
<arguments>
<arg>true</arg>
<arg>${rainy}</arg>
</arguments>
<status status="PASS" starttime="20151108 13:32:00.556" endtime="20151108 13:32:00.563"></status>
</kw>
<kw library="ArgumentParserKeywords" name="Get Bathrooms">
<assign>
<var>${bathrooms}</var>
</assign>
<msg timestamp="20151108 13:32:00.571" level="INFO">${bathrooms} = 3.5</msg>
<status status="PASS" starttime="20151108 13:32:00.566" endtime="20151108 13:32:00.572"></status>
</kw>
<kw library="BuiltIn" name="Should Be Equal">
<doc>Fails if the given objects are unequal.</doc>
<arguments>
<arg>3.5</arg>
<arg>${bathrooms}</arg>
</arguments>
<status status="PASS" starttime="20151108 13:32:00.575" endtime="20151108 13:32:00.582"></status>
</kw>
<status status="PASS" starttime="20151108 13:32:00.485" endtime="20151108 13:32:00.585" critical="yes"></status>
</test>
<test id="s1-t4" name="Test Usage Message">
<kw library="ArgumentParserKeywords" name="Start Program With Arguments">
<arguments>
<arg>-h</arg>
</arguments>
<status status="PASS" starttime="20151108 13:32:00.600" endtime="20151108 13:32:00.607"></status>
</kw>
<kw library="ArgumentParserKeywords" name="Get Program Output">
<assign>
<var>${output}</var>
</assign>
<msg timestamp="20151108 13:32:00.614" level="INFO">${output} = usage: java Volume Calculator length width height
Calculate the volume of a box.
positional arguments:
length the length of the box (float)
width the width of the box (float)
height the height of the ...</msg>
<status status="PASS" starttime="20151108 13:32:00.610" endtime="20151108 13:32:00.616"></status>
</kw>
<kw library="BuiltIn" name="Should Be Equal">
<doc>Fails if the given objects are unequal.</doc>
<arguments>
<arg>${expected2}</arg>
<arg>${output}</arg>
</arguments>
<status status="PASS" starttime="20151108 13:32:00.619" endtime="20151108 13:32:00.627"></status>
</kw>
<status status="PASS" starttime="20151108 13:32:00.590" endtime="20151108 13:32:00.629" critical="yes"></status>
</test>
<test id="s1-t5" name="Test Incorrect Datatype Message">
<kw library="ArgumentParserKeywords" name="Start Program With Arguments">
<arguments>
<arg>7</arg>
<arg>something</arg>
<arg>2</arg>
</arguments>
<status status="PASS" starttime="20151108 13:32:00.648" endtime="20151108 13:32:00.656"></status>
</kw>
<kw library="ArgumentParserKeywords" name="Get Program Output">
<assign>
<var>${output}</var>
</assign>
<msg timestamp="20151108 13:32:00.664" level="INFO">${output} = usage: java Volume Calculator length width height
Volume Calculator.java: error: argument width: invalid float value: something</msg>
<status status="PASS" starttime="20151108 13:32:00.659" endtime="20151108 13:32:00.665"></status>
</kw>
<kw library="BuiltIn" name="Should Be Equal">
<doc>Fails if the given objects are unequal.</doc>
<arguments>
<arg>${output}</arg>
<arg>${expected3}</arg>
</arguments>
<status status="PASS" starttime="20151108 13:32:00.668" endtime="20151108 13:32:00.680"></status>
</kw>
<status status="PASS" starttime="20151108 13:32:00.633" endtime="20151108 13:32:00.683" critical="yes"></status>
</test>
<test id="s1-t6" name="Test Named Argument Defaults">
<kw library="ArgumentParserKeywords" name="Start Volume Calculator With Arguments">
<arguments>
<arg>7</arg>
<arg>3</arg>
<arg>2</arg>
</arguments>
<status status="PASS" starttime="20151108 13:32:00.697" endtime="20151108 13:32:00.703"></status>
</kw>
<kw library="ArgumentParserKeywords" name="Get Length">
<assign>
<var>${length}</var>
</assign>
<msg timestamp="20151108 13:32:00.351" level="WARN">Keyword 'Get Length' found both from a custom test library 'ArgumentParserKeywords' and a standard library 'BuiltIn'. The custom keyword is used. To select explicitly, and to get rid of this warning, use either 'ArgumentParserKeywords.Get Length' or 'BuiltIn.Get Length'.</msg>
<msg timestamp="20151108 13:32:00.707" level="WARN">Keyword 'Get Length' found both from a custom test library 'ArgumentParserKeywords' and a standard library 'BuiltIn'. The custom keyword is used. To select explicitly, and to get rid of this warning, use either 'ArgumentParserKeywords.Get Length' or 'BuiltIn.Get Length'.</msg>
<msg timestamp="20151108 13:32:00.717" level="INFO">${length} = 7</msg>
<status status="PASS" starttime="20151108 13:32:00.708" endtime="20151108 13:32:00.720"></status>
</kw>
<kw library="BuiltIn" name="Should Be Equal">
<doc>Fails if the given objects are unequal.</doc>
<arguments>
<arg>7</arg>
<arg>${length}</arg>
</arguments>
<status status="PASS" starttime="20151108 13:32:00.722" endtime="20151108 13:32:00.731"></status>
</kw>
<kw library="ArgumentParserKeywords" name="Get Width">
<assign>
<var>${width}</var>
</assign>
<msg timestamp="20151108 13:32:00.739" level="INFO">${width} = 3</msg>
<status status="PASS" starttime="20151108 13:32:00.734" endtime="20151108 13:32:00.741"></status>
</kw>
<kw library="BuiltIn" name="Should Be Equal">
<doc>Fails if the given objects are unequal.</doc>
<arguments>
<arg>3</arg>
<arg>${width}</arg>
</arguments>
<status status="PASS" starttime="20151108 13:32:00.743" endtime="20151108 13:32:00.751"></status>
</kw>
<kw library="ArgumentParserKeywords" name="Get Height">
<assign>
<var>${height}</var>
</assign>
<msg timestamp="20151108 13:32:00.759" level="INFO">${height} = 2</msg>
<status status="PASS" starttime="20151108 13:32:00.754" endtime="20151108 13:32:00.761"></status>
</kw>
<kw library="BuiltIn" name="Should Be Equal">
<doc>Fails if the given objects are unequal.</doc>
<arguments>
<arg>2</arg>
<arg>${height}</arg>
</arguments>
<status status="PASS" starttime="20151108 13:32:00.764" endtime="20151108 13:32:00.770"></status>
</kw>
<kw library="ArgumentParserKeywords" name="Get Type">
<assign>
<var>${type}</var>
</assign>
<msg timestamp="20151108 13:32:00.776" level="INFO">${type} = box</msg>
<status status="PASS" starttime="20151108 13:32:00.773" endtime="20151108 13:32:00.777"></status>
</kw>
<kw library="BuiltIn" name="Should Be Equal">
<doc>Fails if the given objects are unequal.</doc>
<arguments>
<arg>box</arg>
<arg>${type}</arg>
</arguments>
<status status="PASS" starttime="20151108 13:32:00.779" endtime="20151108 13:32:00.786"></status>
</kw>
<kw library="ArgumentParserKeywords" name="Get Digits">
<assign>
<var>${digits}</var>
</assign>
<msg timestamp="20151108 13:32:00.792" level="INFO">${digits} = 4</msg>
<status status="PASS" starttime="20151108 13:32:00.789" endtime="20151108 13:32:00.794"></status>
</kw>
<kw library="BuiltIn" name="Should Be Equal">
<doc>Fails if the given objects are unequal.</doc>
<arguments>
<arg>4</arg>
<arg>${digits}</arg>
</arguments>
<status status="PASS" starttime="20151108 13:32:00.797" endtime="20151108 13:32:00.803"></status>
</kw>
<status status="PASS" starttime="20151108 13:32:00.687" endtime="20151108 13:32:00.806" critical="yes"></status>
</test>
<test id="s1-t7" name="Test Named Argument Single">
<kw library="ArgumentParserKeywords" name="Start Volume Calculator With Arguments">
<arguments>
<arg>7</arg>
<arg>3</arg>
<arg>2</arg>
<arg>--type</arg>
<arg>ellipsoid</arg>
</arguments>
<status status="PASS" starttime="20151108 13:32:00.816" endtime="20151108 13:32:00.821"></status>
</kw>
<kw library="ArgumentParserKeywords" name="Get Length">
<assign>
<var>${length}</var>
</assign>
<msg timestamp="20151108 13:32:00.351" level="WARN">Keyword 'Get Length' found both from a custom test library 'ArgumentParserKeywords' and a standard library 'BuiltIn'. The custom keyword is used. To select explicitly, and to get rid of this warning, use either 'ArgumentParserKeywords.Get Length' or 'BuiltIn.Get Length'.</msg>
<msg timestamp="20151108 13:32:00.707" level="WARN">Keyword 'Get Length' found both from a custom test library 'ArgumentParserKeywords' and a standard library 'BuiltIn'. The custom keyword is used. To select explicitly, and to get rid of this warning, use either 'ArgumentParserKeywords.Get Length' or 'BuiltIn.Get Length'.</msg>
<msg timestamp="20151108 13:32:00.824" level="WARN">Keyword 'Get Length' found both from a custom test library 'ArgumentParserKeywords' and a standard library 'BuiltIn'. The custom keyword is used. To select explicitly, and to get rid of this warning, use either 'ArgumentParserKeywords.Get Length' or 'BuiltIn.Get Length'.</msg>
<msg timestamp="20151108 13:32:00.833" level="INFO">${length} = 7</msg>
<status status="PASS" starttime="20151108 13:32:00.824" endtime="20151108 13:32:00.834"></status>
</kw>
<kw library="BuiltIn" name="Should Be Equal">
<doc>Fails if the given objects are unequal.</doc>
<arguments>
<arg>7</arg>
<arg>${length}</arg>
</arguments>
<status status="PASS" starttime="20151108 13:32:00.837" endtime="20151108 13:32:00.845"></status>
</kw>
<kw library="ArgumentParserKeywords" name="Get Width">
<assign>
<var>${width}</var>
</assign>
<msg timestamp="20151108 13:32:00.852" level="INFO">${width} = 3</msg>
<status status="PASS" starttime="20151108 13:32:00.847" endtime="20151108 13:32:00.853"></status>
</kw>
<kw library="BuiltIn" name="Should Be Equal">
<doc>Fails if the given objects are unequal.</doc>
<arguments>
<arg>3</arg>
<arg>${width}</arg>
</arguments>
<status status="PASS" starttime="20151108 13:32:00.857" endtime="20151108 13:32:00.865"></status>
</kw>
<kw library="ArgumentParserKeywords" name="Get Height">
<assign>
<var>${height}</var>
</assign>
<msg timestamp="20151108 13:32:00.871" level="INFO">${height} = 2</msg>
<status status="PASS" starttime="20151108 13:32:00.867" endtime="20151108 13:32:00.872"></status>
</kw>
<kw library="BuiltIn" name="Should Be Equal">
<doc>Fails if the given objects are unequal.</doc>
<arguments>
<arg>2</arg>
<arg>${height}</arg>
</arguments>
<status status="PASS" starttime="20151108 13:32:00.875" endtime="20151108 13:32:00.883"></status>
</kw>
<kw library="ArgumentParserKeywords" name="Get Type">
<assign>
<var>${type}</var>
</assign>
<msg timestamp="20151108 13:32:00.890" level="INFO">${type} = ellipsoid</msg>
<status status="PASS" starttime="20151108 13:32:00.886" endtime="20151108 13:32:00.892"></status>
</kw>
<kw library="BuiltIn" name="Should Be Equal">
<doc>Fails if the given objects are unequal.</doc>
<arguments>
<arg>ellipsoid</arg>
<arg>${type}</arg>
</arguments>
<status status="PASS" starttime="20151108 13:32:00.894" endtime="20151108 13:32:00.900"></status>
</kw>
<kw library="ArgumentParserKeywords" name="Get Digits">
<assign>
<var>${digits}</var>
</assign>
<msg timestamp="20151108 13:32:00.906" level="INFO">${digits} = 4</msg>
<status status="PASS" starttime="20151108 13:32:00.902" endtime="20151108 13:32:00.907"></status>
</kw>
<kw library="BuiltIn" name="Should Be Equal">
<doc>Fails if the given objects are unequal.</doc>
<arguments>
<arg>4</arg>
<arg>${digits}</arg>
</arguments>
<status status="PASS" starttime="20151108 13:32:00.909" endtime="20151108 13:32:00.914"></status>
</kw>
<status status="PASS" starttime="20151108 13:32:00.809" endtime="20151108 13:32:00.916" critical="yes"></status>
</test>
<test id="s1-t8" name="Test Named Argument Multiple">
<kw library="ArgumentParserKeywords" name="Start Volume Calculator With Arguments">
<arguments>
<arg>7</arg>
<arg>3</arg>
<arg>2</arg>
<arg>--type</arg>
<arg>ellipsoid</arg>
<arg>--digits</arg>
<arg>1</arg>
</arguments>
<status status="PASS" starttime="20151108 13:32:00.927" endtime="20151108 13:32:00.933"></status>
</kw>
<kw library="ArgumentParserKeywords" name="Get Length">
<assign>
<var>${length}</var>
</assign>
<msg timestamp="20151108 13:32:00.351" level="WARN">Keyword 'Get Length' found both from a custom test library 'ArgumentParserKeywords' and a standard library 'BuiltIn'. The custom keyword is used. To select explicitly, and to get rid of this warning, use either 'ArgumentParserKeywords.Get Length' or 'BuiltIn.Get Length'.</msg>
<msg timestamp="20151108 13:32:00.707" level="WARN">Keyword 'Get Length' found both from a custom test library 'ArgumentParserKeywords' and a standard library 'BuiltIn'. The custom keyword is used. To select explicitly, and to get rid of this warning, use either 'ArgumentParserKeywords.Get Length' or 'BuiltIn.Get Length'.</msg>
<msg timestamp="20151108 13:32:00.824" level="WARN">Keyword 'Get Length' found both from a custom test library 'ArgumentParserKeywords' and a standard library 'BuiltIn'. The custom keyword is used. To select explicitly, and to get rid of this warning, use either 'ArgumentParserKeywords.Get Length' or 'BuiltIn.Get Length'.</msg>
<msg timestamp="20151108 13:32:00.936" level="WARN">Keyword 'Get Length' found both from a custom test library 'ArgumentParserKeywords' and a standard library 'BuiltIn'. The custom keyword is used. To select explicitly, and to get rid of this warning, use either 'ArgumentParserKeywords.Get Length' or 'BuiltIn.Get Length'.</msg>
<msg timestamp="20151108 13:32:00.954" level="INFO">${length} = 7</msg>
<status status="PASS" starttime="20151108 13:32:00.937" endtime="20151108 13:32:00.955"></status>
</kw>
<kw library="BuiltIn" name="Should Be Equal">
<doc>Fails if the given objects are unequal.</doc>
<arguments>
<arg>7</arg>
<arg>${length}</arg>
</arguments>
<status status="PASS" starttime="20151108 13:32:00.957" endtime="20151108 13:32:00.963"></status>
</kw>
<kw library="ArgumentParserKeywords" name="Get Width">
<assign>
<var>${width}</var>
</assign>
<msg timestamp="20151108 13:32:00.968" level="INFO">${width} = 3</msg>
<status status="PASS" starttime="20151108 13:32:00.965" endtime="20151108 13:32:00.969"></status>
</kw>
<kw library="BuiltIn" name="Should Be Equal">
<doc>Fails if the given objects are unequal.</doc>
<arguments>
<arg>3</arg>
<arg>${width}</arg>
</arguments>
<status status="PASS" starttime="20151108 13:32:00.971" endtime="20151108 13:32:00.977"></status>
</kw>
<kw library="ArgumentParserKeywords" name="Get Height">
<assign>
<var>${height}</var>
</assign>
<msg timestamp="20151108 13:32:00.983" level="INFO">${height} = 2</msg>
<status status="PASS" starttime="20151108 13:32:00.980" endtime="20151108 13:32:00.984"></status>
</kw>
<kw library="BuiltIn" name="Should Be Equal">
<doc>Fails if the given objects are unequal.</doc>
<arguments>
<arg>2</arg>
<arg>${height}</arg>
</arguments>
<status status="PASS" starttime="20151108 13:32:00.987" endtime="20151108 13:32:00.992"></status>
</kw>
<kw library="ArgumentParserKeywords" name="Get Type">
<assign>
<var>${type}</var>
</assign>
<msg timestamp="20151108 13:32:00.998" level="INFO">${type} = ellipsoid</msg>
<status status="PASS" starttime="20151108 13:32:00.994" endtime="20151108 13:32:00.999"></status>
</kw>
<kw library="BuiltIn" name="Should Be Equal">
<doc>Fails if the given objects are unequal.</doc>
<arguments>
<arg>ellipsoid</arg>
<arg>${type}</arg>
</arguments>
<status status="PASS" starttime="20151108 13:32:01.002" endtime="20151108 13:32:01.008"></status>
</kw>
<kw library="ArgumentParserKeywords" name="Get Digits">
<assign>
<var>${digits}</var>
</assign>
<msg timestamp="20151108 13:32:01.014" level="INFO">${digits} = 1</msg>
<status status="PASS" starttime="20151108 13:32:01.010" endtime="20151108 13:32:01.015"></status>
</kw>
<kw library="BuiltIn" name="Should Be Equal">
<doc>Fails if the given objects are unequal.</doc>
<arguments>
<arg>1</arg>
<arg>${digits}</arg>
</arguments>
<status status="PASS" starttime="20151108 13:32:01.018" endtime="20151108 13:32:01.024"></status>
</kw>
<status status="PASS" starttime="20151108 13:32:00.920" endtime="20151108 13:32:01.026" critical="yes"></status>
</test>
<test id="s1-t9" name="Test Named Argument Anywhere">
<kw library="ArgumentParserKeywords" name="Start Volume Calculator With Arguments">
<arguments>
<arg>--type</arg>
<arg>ellipsoid</arg>
<arg>7</arg>
<arg>3</arg>
<arg>--digits</arg>
<arg>1</arg>
<arg>2</arg>
</arguments>
<status status="PASS" starttime="20151108 13:32:01.035" endtime="20151108 13:32:01.043"></status>
</kw>
<kw library="ArgumentParserKeywords" name="Get Length">
<assign>
<var>${length}</var>
</assign>
<msg timestamp="20151108 13:32:00.351" level="WARN">Keyword 'Get Length' found both from a custom test library 'ArgumentParserKeywords' and a standard library 'BuiltIn'. The custom keyword is used. To select explicitly, and to get rid of this warning, use either 'ArgumentParserKeywords.Get Length' or 'BuiltIn.Get Length'.</msg>
<msg timestamp="20151108 13:32:00.707" level="WARN">Keyword 'Get Length' found both from a custom test library 'ArgumentParserKeywords' and a standard library 'BuiltIn'. The custom keyword is used. To select explicitly, and to get rid of this warning, use either 'ArgumentParserKeywords.Get Length' or 'BuiltIn.Get Length'.</msg>
<msg timestamp="20151108 13:32:00.824" level="WARN">Keyword 'Get Length' found both from a custom test library 'ArgumentParserKeywords' and a standard library 'BuiltIn'. The custom keyword is used. To select explicitly, and to get rid of this warning, use either 'ArgumentParserKeywords.Get Length' or 'BuiltIn.Get Length'.</msg>
<msg timestamp="20151108 13:32:00.936" level="WARN">Keyword 'Get Length' found both from a custom test library 'ArgumentParserKeywords' and a standard library 'BuiltIn'. The custom keyword is used. To select explicitly, and to get rid of this warning, use either 'ArgumentParserKeywords.Get Length' or 'BuiltIn.Get Length'.</msg>
<msg timestamp="20151108 13:32:01.045" level="WARN">Keyword 'Get Length' found both from a custom test library 'ArgumentParserKeywords' and a standard library 'BuiltIn'. The custom keyword is used. To select explicitly, and to get rid of this warning, use either 'ArgumentParserKeywords.Get Length' or 'BuiltIn.Get Length'.</msg>
<msg timestamp="20151108 13:32:01.059" level="INFO">${length} = 7</msg>
<status status="PASS" starttime="20151108 13:32:01.046" endtime="20151108 13:32:01.060"></status>
</kw>
<kw library="BuiltIn" name="Should Be Equal">
<doc>Fails if the given objects are unequal.</doc>
<arguments>
<arg>7</arg>
<arg>${length}</arg>
</arguments>
<status status="PASS" starttime="20151108 13:32:01.062" endtime="20151108 13:32:01.068"></status>
</kw>
<kw library="ArgumentParserKeywords" name="Get Width">
<assign>
<var>${width}</var>
</assign>
<msg timestamp="20151108 13:32:01.074" level="INFO">${width} = 3</msg>
<status status="PASS" starttime="20151108 13:32:01.071" endtime="20151108 13:32:01.075"></status>
</kw>
<kw library="BuiltIn" name="Should Be Equal">
<doc>Fails if the given objects are unequal.</doc>
<arguments>
<arg>3</arg>
<arg>${width}</arg>
</arguments>
<status status="PASS" starttime="20151108 13:32:01.077" endtime="20151108 13:32:01.083"></status>
</kw>
<kw library="ArgumentParserKeywords" name="Get Height">
<assign>
<var>${height}</var>
</assign>
<msg timestamp="20151108 13:32:01.089" level="INFO">${height} = 2</msg>
<status status="PASS" starttime="20151108 13:32:01.086" endtime="20151108 13:32:01.090"></status>
</kw>
<kw library="BuiltIn" name="Should Be Equal">
<doc>Fails if the given objects are unequal.</doc>
<arguments>
<arg>2</arg>
<arg>${height}</arg>
</arguments>
<status status="PASS" starttime="20151108 13:32:01.093" endtime="20151108 13:32:01.098"></status>
</kw>
<kw library="ArgumentParserKeywords" name="Get Type">
<assign>
<var>${type}</var>
</assign>
<msg timestamp="20151108 13:32:01.106" level="INFO">${type} = ellipsoid</msg>
<status status="PASS" starttime="20151108 13:32:01.100" endtime="20151108 13:32:01.108"></status>
</kw>
<kw library="BuiltIn" name="Should Be Equal">
<doc>Fails if the given objects are unequal.</doc>
<arguments>
<arg>ellipsoid</arg>
<arg>${type}</arg>
</arguments>
<status status="PASS" starttime="20151108 13:32:01.112" endtime="20151108 13:32:01.118"></status>
</kw>
<kw library="ArgumentParserKeywords" name="Get Digits">
<assign>
<var>${digits}</var>
</assign>
<msg timestamp="20151108 13:32:01.128" level="INFO">${digits} = 1</msg>
<status status="PASS" starttime="20151108 13:32:01.122" endtime="20151108 13:32:01.129"></status>
</kw>
<kw library="BuiltIn" name="Should Be Equal">
<doc>Fails if the given objects are unequal.</doc>
<arguments>
<arg>1</arg>
<arg>${digits}</arg>
</arguments>
<status status="PASS" starttime="20151108 13:32:01.132" endtime="20151108 13:32:01.137"></status>
</kw>
<status status="PASS" starttime="20151108 13:32:01.029" endtime="20151108 13:32:01.140" critical="yes"></status>
</test>
<test id="s1-t10" name="Test Help Flag">
<kw library="ArgumentParserKeywords" name="Start Program With Arguments">
<arguments>
<arg>7</arg>
<arg>--help</arg>
<arg>3</arg>
<arg>2</arg>
</arguments>
<status status="PASS" starttime="20151108 13:32:01.151" endtime="20151108 13:32:01.157"></status>
</kw>
<kw library="ArgumentParserKeywords" name="Get Program Output">
<assign>
<var>${output}</var>
</assign>
<msg timestamp="20151108 13:32:01.165" level="INFO">${output} = usage: java Volume Calculator length width height
Calculate the volume of a box.
positional arguments:
length the length of the box (float)
width the width of the box (float)
height the height of the ...</msg>
<status status="PASS" starttime="20151108 13:32:01.160" endtime="20151108 13:32:01.166"></status>
</kw>
<kw library="BuiltIn" name="Should Be Equal">
<doc>Fails if the given objects are unequal.</doc>
<arguments>
<arg>${expected4}</arg>
<arg>${output}</arg>
</arguments>
<status status="PASS" starttime="20151108 13:32:01.170" endtime="20151108 13:32:01.180"></status>
</kw>
<status status="PASS" starttime="20151108 13:32:01.143" endtime="20151108 13:32:01.182" critical="yes"></status>
</test>
<test id="s1-t11" name="Test Short Form Arguments">
<kw library="ArgumentParserKeywords" name="Start Volume Calculator With Arguments">
<arguments>
<arg>-t</arg>
<arg>ellipsoid</arg>
<arg>7</arg>
<arg>3</arg>
<arg>-d</arg>
<arg>1</arg>
<arg>2</arg>
</arguments>
<status status="PASS" starttime="20151108 13:32:01.192" endtime="20151108 13:32:01.202"></status>
</kw>
<kw library="ArgumentParserKeywords" name="Get Length">
<assign>
<var>${length}</var>
</assign>
<msg timestamp="20151108 13:32:00.351" level="WARN">Keyword 'Get Length' found both from a custom test library 'ArgumentParserKeywords' and a standard library 'BuiltIn'. The custom keyword is used. To select explicitly, and to get rid of this warning, use either 'ArgumentParserKeywords.Get Length' or 'BuiltIn.Get Length'.</msg>
<msg timestamp="20151108 13:32:00.707" level="WARN">Keyword 'Get Length' found both from a custom test library 'ArgumentParserKeywords' and a standard library 'BuiltIn'. The custom keyword is used. To select explicitly, and to get rid of this warning, use either 'ArgumentParserKeywords.Get Length' or 'BuiltIn.Get Length'.</msg>
<msg timestamp="20151108 13:32:00.824" level="WARN">Keyword 'Get Length' found both from a custom test library 'ArgumentParserKeywords' and a standard library 'BuiltIn'. The custom keyword is used. To select explicitly, and to get rid of this warning, use either 'ArgumentParserKeywords.Get Length' or 'BuiltIn.Get Length'.</msg>
<msg timestamp="20151108 13:32:00.936" level="WARN">Keyword 'Get Length' found both from a custom test library 'ArgumentParserKeywords' and a standard library 'BuiltIn'. The custom keyword is used. To select explicitly, and to get rid of this warning, use either 'ArgumentParserKeywords.Get Length' or 'BuiltIn.Get Length'.</msg>
<msg timestamp="20151108 13:32:01.045" level="WARN">Keyword 'Get Length' found both from a custom test library 'ArgumentParserKeywords' and a standard library 'BuiltIn'. The custom keyword is used. To select explicitly, and to get rid of this warning, use either 'ArgumentParserKeywords.Get Length' or 'BuiltIn.Get Length'.</msg>
<msg timestamp="20151108 13:32:01.206" level="WARN">Keyword 'Get Length' found both from a custom test library 'ArgumentParserKeywords' and a standard library 'BuiltIn'. The custom keyword is used. To select explicitly, and to get rid of this warning, use either 'ArgumentParserKeywords.Get Length' or 'BuiltIn.Get Length'.</msg>
<msg timestamp="20151108 13:32:01.225" level="INFO">${length} = 7</msg>
<status status="PASS" starttime="20151108 13:32:01.207" endtime="20151108 13:32:01.226"></status>
</kw>
<kw library="BuiltIn" name="Should Be Equal">
<doc>Fails if the given objects are unequal.</doc>
<arguments>
<arg>7</arg>
<arg>${length}</arg>
</arguments>
<status status="PASS" starttime="20151108 13:32:01.228" endtime="20151108 13:32:01.236"></status>
</kw>
<kw library="ArgumentParserKeywords" name="Get Width">
<assign>
<var>${width}</var>
</assign>
<msg timestamp="20151108 13:32:01.248" level="INFO">${width} = 3</msg>
<status status="PASS" starttime="20151108 13:32:01.240" endtime="20151108 13:32:01.249"></status>
</kw>
<kw library="BuiltIn" name="Should Be Equal">
<doc>Fails if the given objects are unequal.</doc>
<arguments>
<arg>3</arg>
<arg>${width}</arg>
</arguments>
<status status="PASS" starttime="20151108 13:32:01.252" endtime="20151108 13:32:01.259"></status>
</kw>
<kw library="ArgumentParserKeywords" name="Get Height">
<assign>
<var>${height}</var>
</assign>
<msg timestamp="20151108 13:32:01.268" level="INFO">${height} = 2</msg>
<status status="PASS" starttime="20151108 13:32:01.263" endtime="20151108 13:32:01.269"></status>
</kw>
<kw library="BuiltIn" name="Should Be Equal">
<doc>Fails if the given objects are unequal.</doc>
<arguments>
<arg>2</arg>
<arg>${height}</arg>
</arguments>
<status status="PASS" starttime="20151108 13:32:01.272" endtime="20151108 13:32:01.279"></status>
</kw>
<kw library="ArgumentParserKeywords" name="Get Type">
<assign>
<var>${type}</var>
</assign>
<msg timestamp="20151108 13:32:01.288" level="INFO">${type} = ellipsoid</msg>
<status status="PASS" starttime="20151108 13:32:01.283" endtime="20151108 13:32:01.289"></status>
</kw>
<kw library="BuiltIn" name="Should Be Equal">
<doc>Fails if the given objects are unequal.</doc>
<arguments>
<arg>ellipsoid</arg>
<arg>${type}</arg>
</arguments>
<status status="PASS" starttime="20151108 13:32:01.293" endtime="20151108 13:32:01.300"></status>
</kw>
<kw library="ArgumentParserKeywords" name="Get Digits">
<assign>
<var>${digits}</var>
</assign>
<msg timestamp="20151108 13:32:01.307" level="INFO">${digits} = 1</msg>
<status status="PASS" starttime="20151108 13:32:01.303" endtime="20151108 13:32:01.308"></status>
</kw>
<kw library="BuiltIn" name="Should Be Equal">
<doc>Fails if the given objects are unequal.</doc>
<arguments>
<arg>1</arg>
<arg>${digits}</arg>
</arguments>
<status status="PASS" starttime="20151108 13:32:01.311" endtime="20151108 13:32:01.316"></status>
</kw>
<status status="PASS" starttime="20151108 13:32:01.185" endtime="20151108 13:32:01.318" critical="yes"></status>
</test>
<status status="PASS" starttime="20151108 13:31:59.639" endtime="20151108 13:32:01.329"></status>
</suite>
<statistics>
<total>
<stat pass="11" fail="0">Critical Tests</stat>
<stat pass="11" fail="0">All Tests</stat>
</total>
<tag>
</tag>
<suite>
<stat pass="11" id="s1" fail="0" name="ArgumentParserTests">ArgumentParserTests</stat>
</suite>
</statistics>
<errors>
<msg timestamp="20151108 13:32:00.351" level="WARN">Keyword 'Get Length' found both from a custom test library 'ArgumentParserKeywords' and a standard library 'BuiltIn'. The custom keyword is used. To select explicitly, and to get rid of this warning, use either 'ArgumentParserKeywords.Get Length' or 'BuiltIn.Get Length'.</msg>
<msg timestamp="20151108 13:32:00.351" level="WARN">Keyword 'Get Length' found both from a custom test library 'ArgumentParserKeywords' and a standard library 'BuiltIn'. The custom keyword is used. To select explicitly, and to get rid of this warning, use either 'ArgumentParserKeywords.Get Length' or 'BuiltIn.Get Length'.</msg>
<msg timestamp="20151108 13:32:00.707" level="WARN">Keyword 'Get Length' found both from a custom test library 'ArgumentParserKeywords' and a standard library 'BuiltIn'. The custom keyword is used. To select explicitly, and to get rid of this warning, use either 'ArgumentParserKeywords.Get Length' or 'BuiltIn.Get Length'.</msg>
<msg timestamp="20151108 13:32:00.351" level="WARN">Keyword 'Get Length' found both from a custom test library 'ArgumentParserKeywords' and a standard library 'BuiltIn'. The custom keyword is used. To select explicitly, and to get rid of this warning, use either 'ArgumentParserKeywords.Get Length' or 'BuiltIn.Get Length'.</msg>
<msg timestamp="20151108 13:32:00.707" level="WARN">Keyword 'Get Length' found both from a custom test library 'ArgumentParserKeywords' and a standard library 'BuiltIn'. The custom keyword is used. To select explicitly, and to get rid of this warning, use either 'ArgumentParserKeywords.Get Length' or 'BuiltIn.Get Length'.</msg>
<msg timestamp="20151108 13:32:00.824" level="WARN">Keyword 'Get Length' found both from a custom test library 'ArgumentParserKeywords' and a standard library 'BuiltIn'. The custom keyword is used. To select explicitly, and to get rid of this warning, use either 'ArgumentParserKeywords.Get Length' or 'BuiltIn.Get Length'.</msg>
<msg timestamp="20151108 13:32:00.351" level="WARN">Keyword 'Get Length' found both from a custom test library 'ArgumentParserKeywords' and a standard library 'BuiltIn'. The custom keyword is used. To select explicitly, and to get rid of this warning, use either 'ArgumentParserKeywords.Get Length' or 'BuiltIn.Get Length'.</msg>
<msg timestamp="20151108 13:32:00.707" level="WARN">Keyword 'Get Length' found both from a custom test library 'ArgumentParserKeywords' and a standard library 'BuiltIn'. The custom keyword is used. To select explicitly, and to get rid of this warning, use either 'ArgumentParserKeywords.Get Length' or 'BuiltIn.Get Length'.</msg>
<msg timestamp="20151108 13:32:00.824" level="WARN">Keyword 'Get Length' found both from a custom test library 'ArgumentParserKeywords' and a standard library 'BuiltIn'. The custom keyword is used. To select explicitly, and to get rid of this warning, use either 'ArgumentParserKeywords.Get Length' or 'BuiltIn.Get Length'.</msg>
<msg timestamp="20151108 13:32:00.936" level="WARN">Keyword 'Get Length' found both from a custom test library 'ArgumentParserKeywords' and a standard library 'BuiltIn'. The custom keyword is used. To select explicitly, and to get rid of this warning, use either 'ArgumentParserKeywords.Get Length' or 'BuiltIn.Get Length'.</msg>
<msg timestamp="20151108 13:32:00.351" level="WARN">Keyword 'Get Length' found both from a custom test library 'ArgumentParserKeywords' and a standard library 'BuiltIn'. The custom keyword is used. To select explicitly, and to get rid of this warning, use either 'ArgumentParserKeywords.Get Length' or 'BuiltIn.Get Length'.</msg>
<msg timestamp="20151108 13:32:00.707" level="WARN">Keyword 'Get Length' found both from a custom test library 'ArgumentParserKeywords' and a standard library 'BuiltIn'. The custom keyword is used. To select explicitly, and to get rid of this warning, use either 'ArgumentParserKeywords.Get Length' or 'BuiltIn.Get Length'.</msg>
<msg timestamp="20151108 13:32:00.824" level="WARN">Keyword 'Get Length' found both from a custom test library 'ArgumentParserKeywords' and a standard library 'BuiltIn'. The custom keyword is used. To select explicitly, and to get rid of this warning, use either 'ArgumentParserKeywords.Get Length' or 'BuiltIn.Get Length'.</msg>
<msg timestamp="20151108 13:32:00.936" level="WARN">Keyword 'Get Length' found both from a custom test library 'ArgumentParserKeywords' and a standard library 'BuiltIn'. The custom keyword is used. To select explicitly, and to get rid of this warning, use either 'ArgumentParserKeywords.Get Length' or 'BuiltIn.Get Length'.</msg>
<msg timestamp="20151108 13:32:01.045" level="WARN">Keyword 'Get Length' found both from a custom test library 'ArgumentParserKeywords' and a standard library 'BuiltIn'. The custom keyword is used. To select explicitly, and to get rid of this warning, use either 'ArgumentParserKeywords.Get Length' or 'BuiltIn.Get Length'.</msg>
<msg timestamp="20151108 13:32:00.351" level="WARN">Keyword 'Get Length' found both from a custom test library 'ArgumentParserKeywords' and a standard library 'BuiltIn'. The custom keyword is used. To select explicitly, and to get rid of this warning, use either 'ArgumentParserKeywords.Get Length' or 'BuiltIn.Get Length'.</msg>
<msg timestamp="20151108 13:32:00.707" level="WARN">Keyword 'Get Length' found both from a custom test library 'ArgumentParserKeywords' and a standard library 'BuiltIn'. The custom keyword is used. To select explicitly, and to get rid of this warning, use either 'ArgumentParserKeywords.Get Length' or 'BuiltIn.Get Length'.</msg>
<msg timestamp="20151108 13:32:00.824" level="WARN">Keyword 'Get Length' found both from a custom test library 'ArgumentParserKeywords' and a standard library 'BuiltIn'. The custom keyword is used. To select explicitly, and to get rid of this warning, use either 'ArgumentParserKeywords.Get Length' or 'BuiltIn.Get Length'.</msg>
<msg timestamp="20151108 13:32:00.936" level="WARN">Keyword 'Get Length' found both from a custom test library 'ArgumentParserKeywords' and a standard library 'BuiltIn'. The custom keyword is used. To select explicitly, and to get rid of this warning, use either 'ArgumentParserKeywords.Get Length' or 'BuiltIn.Get Length'.</msg>
<msg timestamp="20151108 13:32:01.045" level="WARN">Keyword 'Get Length' found both from a custom test library 'ArgumentParserKeywords' and a standard library 'BuiltIn'. The custom keyword is used. To select explicitly, and to get rid of this warning, use either 'ArgumentParserKeywords.Get Length' or 'BuiltIn.Get Length'.</msg>
<msg timestamp="20151108 13:32:01.206" level="WARN">Keyword 'Get Length' found both from a custom test library 'ArgumentParserKeywords' and a standard library 'BuiltIn'. The custom keyword is used. To select explicitly, and to get rid of this warning, use either 'ArgumentParserKeywords.Get Length' or 'BuiltIn.Get Length'.</msg>
</errors>
</robot>
