<!DOCTYPE html>
<html>
<head>
<meta http-equiv="Content-Type" content="text/html; charset=utf-8"/>
<meta http-equiv="x-ua-compatible" content="IE=edge"/>
<title>Test results - Class edu.jsu.mcis.ArgumentParserUnitTests</title>
<link href="../css/base-style.css" rel="stylesheet" type="text/css"/>
<link href="../css/style.css" rel="stylesheet" type="text/css"/>
<script src="../js/report.js" type="text/javascript"></script>
</head>
<body>
<div id="content">
<h1>Class edu.jsu.mcis.ArgumentParserUnitTests</h1>
<div class="breadcrumbs">
<a href="../index.html">all</a> &gt; 
<a href="../packages/edu.jsu.mcis.html">edu.jsu.mcis</a> &gt; ArgumentParserUnitTests</div>
<div id="summary">
<table>
<tr>
<td>
<div class="summaryGroup">
<table>
<tr>
<td>
<div class="infoBox" id="tests">
<div class="counter">45</div>
<p>tests</p>
</div>
</td>
<td>
<div class="infoBox" id="failures">
<div class="counter">1</div>
<p>failures</p>
</div>
</td>
<td>
<div class="infoBox" id="ignored">
<div class="counter">0</div>
<p>ignored</p>
</div>
</td>
<td>
<div class="infoBox" id="duration">
<<<<<<< Updated upstream
<div class="counter">0.122s</div>
=======
<div class="counter">0.060s</div>
>>>>>>> Stashed changes
<p>duration</p>
</div>
</td>
</tr>
</table>
</div>
</td>
<td>
<div class="infoBox failures" id="successRate">
<div class="percent">97%</div>
<p>successful</p>
</div>
</td>
</tr>
</table>
</div>
<div id="tabs">
<ul class="tabLinks">
<li>
<a href="#tab0">Failed tests</a>
</li>
<li>
<a href="#tab1">Tests</a>
</li>
</ul>
<div id="tab0" class="tab">
<h2>Failed tests</h2>
<div class="test">
<a name="testImportingXMLFileStoresCorrectInfoForEachArgumentFromOutsideOfArgumentParser"></a>
<h3 class="failures">testImportingXMLFileStoresCorrectInfoForEachArgumentFromOutsideOfArgumentParser</h3>
<span class="code">
<pre>java.lang.AssertionError: expected:&lt;&gt; but was:&lt;java.io.FileNotFoundException: /Users/katiewood/Documents/Software_Engineering/ArgParse_CS310/Arguments.xml (No such file or directory)&gt;
	at org.junit.Assert.fail(Assert.java:88)
	at org.junit.Assert.failNotEquals(Assert.java:834)
	at org.junit.Assert.assertEquals(Assert.java:118)
	at org.junit.Assert.assertEquals(Assert.java:144)
	at edu.jsu.mcis.ArgumentParserUnitTests.testImportingXMLFileStoresCorrectInfoForEachArgumentFromOutsideOfArgumentParser(ArgumentParserUnitTests.java:736)
	at sun.reflect.NativeMethodAccessorImpl.invoke0(Native Method)
	at sun.reflect.NativeMethodAccessorImpl.invoke(NativeMethodAccessorImpl.java:57)
	at sun.reflect.DelegatingMethodAccessorImpl.invoke(DelegatingMethodAccessorImpl.java:43)
	at java.lang.reflect.Method.invoke(Method.java:606)
	at org.junit.runners.model.FrameworkMethod$1.runReflectiveCall(FrameworkMethod.java:50)
	at org.junit.internal.runners.model.ReflectiveCallable.run(ReflectiveCallable.java:12)
	at org.junit.runners.model.FrameworkMethod.invokeExplosively(FrameworkMethod.java:47)
	at org.junit.internal.runners.statements.InvokeMethod.evaluate(InvokeMethod.java:17)
	at org.junit.runners.ParentRunner.runLeaf(ParentRunner.java:325)
	at org.junit.runners.BlockJUnit4ClassRunner.runChild(BlockJUnit4ClassRunner.java:78)
	at org.junit.runners.BlockJUnit4ClassRunner.runChild(BlockJUnit4ClassRunner.java:57)
	at org.junit.runners.ParentRunner$3.run(ParentRunner.java:290)
	at org.junit.runners.ParentRunner$1.schedule(ParentRunner.java:71)
	at org.junit.runners.ParentRunner.runChildren(ParentRunner.java:288)
	at org.junit.runners.ParentRunner.access$000(ParentRunner.java:58)
	at org.junit.runners.ParentRunner$2.evaluate(ParentRunner.java:268)
	at org.junit.runners.ParentRunner.run(ParentRunner.java:363)
	at org.gradle.api.internal.tasks.testing.junit.JUnitTestClassExecuter.runTestClass(JUnitTestClassExecuter.java:105)
	at org.gradle.api.internal.tasks.testing.junit.JUnitTestClassExecuter.execute(JUnitTestClassExecuter.java:56)
	at org.gradle.api.internal.tasks.testing.junit.JUnitTestClassProcessor.processTestClass(JUnitTestClassProcessor.java:64)
	at org.gradle.api.internal.tasks.testing.SuiteTestClassProcessor.processTestClass(SuiteTestClassProcessor.java:50)
	at sun.reflect.NativeMethodAccessorImpl.invoke0(Native Method)
	at sun.reflect.NativeMethodAccessorImpl.invoke(NativeMethodAccessorImpl.java:57)
	at sun.reflect.DelegatingMethodAccessorImpl.invoke(DelegatingMethodAccessorImpl.java:43)
	at java.lang.reflect.Method.invoke(Method.java:606)
	at org.gradle.messaging.dispatch.ReflectionDispatch.dispatch(ReflectionDispatch.java:35)
	at org.gradle.messaging.dispatch.ReflectionDispatch.dispatch(ReflectionDispatch.java:24)
	at org.gradle.messaging.dispatch.ContextClassLoaderDispatch.dispatch(ContextClassLoaderDispatch.java:32)
	at org.gradle.messaging.dispatch.ProxyDispatchAdapter$DispatchingInvocationHandler.invoke(ProxyDispatchAdapter.java:93)
	at com.sun.proxy.$Proxy2.processTestClass(Unknown Source)
	at org.gradle.api.internal.tasks.testing.worker.TestWorker.processTestClass(TestWorker.java:106)
	at sun.reflect.NativeMethodAccessorImpl.invoke0(Native Method)
	at sun.reflect.NativeMethodAccessorImpl.invoke(NativeMethodAccessorImpl.java:57)
	at sun.reflect.DelegatingMethodAccessorImpl.invoke(DelegatingMethodAccessorImpl.java:43)
	at java.lang.reflect.Method.invoke(Method.java:606)
	at org.gradle.messaging.dispatch.ReflectionDispatch.dispatch(ReflectionDispatch.java:35)
	at org.gradle.messaging.dispatch.ReflectionDispatch.dispatch(ReflectionDispatch.java:24)
	at org.gradle.messaging.remote.internal.hub.MessageHub$Handler.run(MessageHub.java:360)
	at org.gradle.internal.concurrent.ExecutorPolicy$CatchAndRecordFailures.onExecute(ExecutorPolicy.java:54)
	at org.gradle.internal.concurrent.StoppableExecutorImpl$1.run(StoppableExecutorImpl.java:40)
	at java.util.concurrent.ThreadPoolExecutor.runWorker(ThreadPoolExecutor.java:1145)
	at java.util.concurrent.ThreadPoolExecutor$Worker.run(ThreadPoolExecutor.java:615)
	at java.lang.Thread.run(Thread.java:745)
</pre>
</span>
</div>
</div>
<div id="tab1" class="tab">
<h2>Tests</h2>
<table>
<thead>
<tr>
<th>Test</th>
<th>Duration</th>
<th>Result</th>
</tr>
</thead>
<tr>
<td class="success">testAddArgumentAndReturnCorrectName</td>
<td>0s</td>
<td class="success">passed</td>
</tr>
<tr>
<td class="success">testAddArgumentInArgumentParserAndReturnCorrectArgumentInArgumentParser</td>
<td>0s</td>
<td class="success">passed</td>
</tr>
<tr>
<td class="success">testAddArgumentWithDescriptionAndReturnCorrectDescriptionAndDefaultType</td>
<td>0.001s</td>
<td class="success">passed</td>
</tr>
<tr>
<td class="success">testAddArgumentWithoutTypeAndReturnDefaultType</td>
<td>0.001s</td>
<td class="success">passed</td>
</tr>
<tr>
<td class="success">testAddNamedArgumentAndReturnCorrectDefaultValue</td>
<td>0s</td>
<td class="success">passed</td>
</tr>
<tr>
<td class="success">testAddNamedArgumentAndReturnCorrectName</td>
<td>0s</td>
<td class="success">passed</td>
</tr>
<tr>
<td class="success">testAddNamedArgumentAndReturnCorrectNameWithDefaultValue</td>
<td>0s</td>
<td class="success">passed</td>
</tr>
<tr>
<td class="success">testAddNamedArgumentAndReturnCorrectNameWithTypeValueAndDescription</td>
<td>0s</td>
<td class="success">passed</td>
</tr>
<tr>
<td class="success">testAddNamedArgumentAndReturnCorrectNameWithTypeValueAndDescriptionWithFloat</td>
<td>0s</td>
<td class="success">passed</td>
</tr>
<tr>
<td class="success">testAddNamedArgumentInArgumentParserAndReturnCorrectNamedArgumentInArgumentParser</td>
<td>0s</td>
<td class="success">passed</td>
</tr>
<tr>
<td class="success">testAddNamedArgumentWithDescriptionAndReturnCorrectDescriptionAndDefaultType</td>
<td>0.001s</td>
<td class="success">passed</td>
</tr>
<tr>
<td class="success">testAddNamedArgumentWithShortFormAndReturnCorrectNamedArgumentInArgumentParserUsingShortFormName</td>
<td>0s</td>
<td class="success">passed</td>
</tr>
<tr>
<td class="success">testAddNamedArgumentWithoutTypeAndReturnDefaultType</td>
<td>0s</td>
<td class="success">passed</td>
</tr>
<tr>
<td class="success">testAddingFloatAndBooleanArgumentsAndParseValuesCorrectly</td>
<td>0.001s</td>
<td class="success">passed</td>
</tr>
<tr>
<td class="success">testAddingNamedArgumentWithShortFormAndDataTypeAndDescriptionThenReturnCorrectShortForm</td>
<td>0s</td>
<td class="success">passed</td>
</tr>
<tr>
<td class="success">testAddingNamedArgumentWithShortFormAndDataTypeThenReturnCorrectShortForm</td>
<td>0.001s</td>
<td class="success">passed</td>
</tr>
<tr>
<td class="success">testAddingNamedArgumentWithShortFormAndReturnCorrectShortForm</td>
<<<<<<< Updated upstream
<td>0.011s</td>
=======
<td>0.008s</td>
>>>>>>> Stashed changes
<td class="success">passed</td>
</tr>
<tr>
<td class="success">testAddingNamedArgumentWithShortFormAndValueAndDataTypeAndDescriptionThenReturnCorrectShortForm</td>
<td>0s</td>
<td class="success">passed</td>
</tr>
<tr>
<td class="success">testAddingNamedArgumentWithShortFormAndValueAndDataTypeThenReturnCorrectShortForm</td>
<td>0s</td>
<td class="success">passed</td>
</tr>
<tr>
<td class="success">testAddingNamedArgumentWithShortFormAndValueAndDescriptionThenReturnCorrectShortForm</td>
<td>0s</td>
<td class="success">passed</td>
</tr>
<tr>
<td class="success">testAddingNamedArgumentWithShortFormAndValueThenReturnCorrectShortForm</td>
<td>0s</td>
<td class="success">passed</td>
</tr>
<tr>
<td class="success">testArgValuesFromCLIAssignedToCorrectArgument</td>
<td>0s</td>
<td class="success">passed</td>
</tr>
<tr>
<td class="success">testBooleanNamedArgAssignedCorrectValueWhenCalledInCLI</td>
<td>0s</td>
<td class="success">passed</td>
</tr>
<tr>
<td class="success">testEnterArgNameAndTypeAndReturnCorrectInfo</td>
<td>0s</td>
<td class="success">passed</td>
</tr>
<tr>
<td class="success">testEnterLongFormHelpAndReturnCorrectMessage</td>
<td>0.001s</td>
<td class="success">passed</td>
</tr>
<tr>
<td class="success">testEnterNamedArgNameAndTypeAndReturnCorrectInfo</td>
<td>0s</td>
<td class="success">passed</td>
</tr>
<tr>
<td class="success">testForAddProgramDescriptionAndReturnCorrectProgramDescription</td>
<td>0s</td>
<td class="success">passed</td>
</tr>
<tr>
<td class="success">testForAddProgramNameAndReturnCorrectProgramName</td>
<td>0s</td>
<td class="success">passed</td>
</tr>
<tr>
<td class="success">testGetArgumentReturnCorrectArgumentBySearchingForPosition</td>
<td>0s</td>
<td class="success">passed</td>
</tr>
<tr>
<<<<<<< Updated upstream
<td class="success">testImportingXMLFileStoresCorrectInfoForEachArgumentFromOutsideOfArgumentParser</td>
<td>0.075s</td>
<td class="success">passed</td>
=======
<td class="failures">testImportingXMLFileStoresCorrectInfoForEachArgumentFromOutsideOfArgumentParser</td>
<td>0.032s</td>
<td class="failures">failed</td>
>>>>>>> Stashed changes
</tr>
<tr>
<td class="success">testNamedArgValuesFromCLIAssignedToCorrectNamedArgument</td>
<td>0s</td>
<td class="success">passed</td>
</tr>
<tr>
<td class="success">testParseReadsCorrectArgumentsWhenGivenMultipleNamedArguments</td>
<td>0s</td>
<td class="success">passed</td>
</tr>
<tr>
<td class="success">testParseReadsCorrectArgumentsWhenGivenShortFormFlagsCombinedInSingleSpecification</td>
<td>0s</td>
<td class="success">passed</td>
</tr>
<tr>
<td class="success">testParseReadsCorrectArgumentsWhenGivenShortFormNamedArguments</td>
<td>0s</td>
<td class="success">passed</td>
</tr>
<tr>
<td class="success">testParseReadsCorrectPositionalArgsWhenGivenBooleanNamedArgsAlso</td>
<td>0s</td>
<td class="success">passed</td>
</tr>
<tr>
<td class="success">testParseReadsCorrectPositionalArgsWhenGivenNamedArgsAlso</td>
<td>0.001s</td>
<td class="success">passed</td>
</tr>
<tr>
<td class="success">testParseReturnsCorrectExceptionMessageWhenGivenIncorrectDataType</td>
<td>0s</td>
<td class="success">passed</td>
</tr>
<tr>
<td class="success">testParseReturnsCorrectExceptionMessageWhenGivenLessArgsThanSpecified</td>
<td>0.001s</td>
<td class="success">passed</td>
</tr>
<tr>
<td class="success">testParseReturnsCorrectExceptionMessageWhenGivenMoreArgsThanSpecified</td>
<td>0s</td>
<td class="success">passed</td>
</tr>
<tr>
<td class="success">testParseReturnsCorrectHelpExceptionMessage</td>
<td>0.001s</td>
<td class="success">passed</td>
</tr>
<tr>
<td class="success">testParseThrowsArgumentDoesNotExistExeptionForNamedArguments</td>
<<<<<<< Updated upstream
<td>0.026s</td>
=======
<td>0.012s</td>
>>>>>>> Stashed changes
<td class="success">passed</td>
</tr>
<tr>
<td class="success">testParseThrowsCorrectExceptionWhenGivenIncorrectDataTypeAndNamedHelpArgument</td>
<td>0s</td>
<td class="success">passed</td>
</tr>
<tr>
<td class="success">testParseThrowsHelpExceptionWhenGivenShortFormHelpArgument</td>
<td>0s</td>
<td class="success">passed</td>
</tr>
<tr>
<td class="success">testParseThrowsIncorrectArgTypeExceptionForNamedArguments</td>
<td>0.003s</td>
<td class="success">passed</td>
</tr>
<tr>
<td class="success">testPositionalArgumentHoldsPosition</td>
<td>0s</td>
<td class="success">passed</td>
</tr>
</table>
</div>
</div>
<div id="footer">
<p>
<div>
<label class="hidden" id="label-for-line-wrapping-toggle" for="line-wrapping-toggle">Wrap lines
<input id="line-wrapping-toggle" type="checkbox" autocomplete="off"/>
</label>
</div>Generated by 
<<<<<<< Updated upstream
<a href="http://www.gradle.org">Gradle 2.6</a> at Nov 8, 2015 1:31:40 PM</p>
=======
<a href="http://www.gradle.org">Gradle 2.6</a> at Nov 6, 2015 5:30:43 PM</p>
>>>>>>> Stashed changes
</div>
</div>
</body>
</html>
